[2022-09-22T03:48:18.167+0000] {manager.py:483} INFO - Processing files using up to 2 processes at a time 
[2022-09-22T03:48:18.168+0000] {manager.py:484} INFO - Process each file at most once every 30 seconds
[2022-09-22T03:48:18.168+0000] {manager.py:486} INFO - Checking for new files in /opt/airflow/dags every 300 seconds
[2022-09-22T03:48:18.168+0000] {manager.py:724} INFO - Searching for files in /opt/airflow/dags
[2022-09-22T03:48:18.178+0000] {manager.py:727} INFO - There are 36 files in /opt/airflow/dags
[2022-09-22T03:48:18.426+0000] {manager.py:846} INFO - 
================================================================================
DAG File Processing Stats

File Path                                                                                                           PID  Runtime      # DAGs    # Errors  Last Runtime    Last Run
----------------------------------------------------------------------------------------------------------------  -----  ---------  --------  ----------  --------------  ----------
/home/airflow/.local/lib/python3.7/site-packages/airflow/example_dags/example_kubernetes_executor.py                 52  0.03s             0           0
/home/airflow/.local/lib/python3.7/site-packages/airflow/example_dags/example_short_circuit_decorator.py             53  0.02s             0           0
/home/airflow/.local/lib/python3.7/site-packages/airflow/example_dags/example_datasets.py                                                  0           0
/home/airflow/.local/lib/python3.7/site-packages/airflow/example_dags/example_trigger_target_dag.py                                        0           0
/home/airflow/.local/lib/python3.7/site-packages/airflow/example_dags/example_time_delta_sensor_async.py                                   0           0
/home/airflow/.local/lib/python3.7/site-packages/airflow/example_dags/example_bash_operator.py                                             0           0
/home/airflow/.local/lib/python3.7/site-packages/airflow/example_dags/example_passing_params_via_test_command.py                           0           0
/home/airflow/.local/lib/python3.7/site-packages/airflow/example_dags/tutorial_taskflow_api_virtualenv.py                                  0           0
/home/airflow/.local/lib/python3.7/site-packages/airflow/example_dags/example_branch_datetime_operator.py                                  0           0
/home/airflow/.local/lib/python3.7/site-packages/airflow/example_dags/example_nested_branch_dag.py                                         0           0
/home/airflow/.local/lib/python3.7/site-packages/airflow/example_dags/example_branch_python_dop_operator_3.py                              0           0
/home/airflow/.local/lib/python3.7/site-packages/airflow/example_dags/example_latest_only_with_trigger.py                                  0           0
/home/airflow/.local/lib/python3.7/site-packages/airflow/example_dags/example_task_group_decorator.py                                      0           0
/home/airflow/.local/lib/python3.7/site-packages/airflow/example_dags/example_latest_only.py                                               0           0
/home/airflow/.local/lib/python3.7/site-packages/airflow/example_dags/example_trigger_controller_dag.py                                    0           0
/home/airflow/.local/lib/python3.7/site-packages/airflow/example_dags/tutorial.py                                                          0           0
/home/airflow/.local/lib/python3.7/site-packages/airflow/example_dags/example_sla_dag.py                                                   0           0
/home/airflow/.local/lib/python3.7/site-packages/airflow/example_dags/example_skip_dag.py                                                  0           0
/home/airflow/.local/lib/python3.7/site-packages/airflow/example_dags/example_dag_decorator.py                                             0           0
/home/airflow/.local/lib/python3.7/site-packages/airflow/example_dags/tutorial_taskflow_api.py                                             0           0
/home/airflow/.local/lib/python3.7/site-packages/airflow/example_dags/tutorial_dag.py                                                      0           0
/home/airflow/.local/lib/python3.7/site-packages/airflow/example_dags/example_subdag_operator.py                                           0           0
/home/airflow/.local/lib/python3.7/site-packages/airflow/example_dags/example_complex.py                                                   0           0
/home/airflow/.local/lib/python3.7/site-packages/airflow/example_dags/example_task_group.py                                                0           0
/home/airflow/.local/lib/python3.7/site-packages/airflow/example_dags/example_local_kubernetes_executor.py                                 0           0
/home/airflow/.local/lib/python3.7/site-packages/airflow/example_dags/example_xcomargs.py                                                  0           0
/home/airflow/.local/lib/python3.7/site-packages/airflow/example_dags/example_branch_day_of_week_operator.py                               0           0
/home/airflow/.local/lib/python3.7/site-packages/airflow/example_dags/example_xcom.py                                                      0           0
/home/airflow/.local/lib/python3.7/site-packages/airflow/example_dags/example_branch_labels.py                                             0           0
/home/airflow/.local/lib/python3.7/site-packages/airflow/example_dags/example_branch_operator_decorator.py                                 0           0
/home/airflow/.local/lib/python3.7/site-packages/airflow/example_dags/example_python_operator.py                                           0           0
/home/airflow/.local/lib/python3.7/site-packages/airflow/example_dags/example_short_circuit_operator.py                                    0           0
/home/airflow/.local/lib/python3.7/site-packages/airflow/example_dags/example_branch_operator.py                                           0           0
/home/airflow/.local/lib/python3.7/site-packages/airflow/example_dags/example_external_task_marker_dag.py                                  0           0
/home/airflow/.local/lib/python3.7/site-packages/airflow/example_dags/plugins/workday.py                                                   0           0
/home/airflow/.local/lib/python3.7/site-packages/airflow/example_dags/subdags/subdag.py                                                    0           0
================================================================================
[2022-09-22T03:48:49.294+0000] {manager.py:846} INFO - 
================================================================================
DAG File Processing Stats

File Path                                                                                                           PID  Runtime      # DAGs    # Errors  Last Runtime    Last Run
----------------------------------------------------------------------------------------------------------------  -----  ---------  --------  ----------  --------------  -------------------
/home/airflow/.local/lib/python3.7/site-packages/airflow/example_dags/plugins/workday.py                                                   0           0  0.03s           2022-09-22T03:48:21
/home/airflow/.local/lib/python3.7/site-packages/airflow/example_dags/subdags/subdag.py                                                    0           0  0.03s           2022-09-22T03:48:21
/home/airflow/.local/lib/python3.7/site-packages/airflow/example_dags/example_kubernetes_executor.py                107  0.01s             1           0  0.23s           2022-09-22T03:48:18
/home/airflow/.local/lib/python3.7/site-packages/airflow/example_dags/example_short_circuit_decorator.py            108  0.00s             1           0  0.23s           2022-09-22T03:48:18
/home/airflow/.local/lib/python3.7/site-packages/airflow/example_dags/example_trigger_target_dag.py                                        1           0  0.20s           2022-09-22T03:48:19
/home/airflow/.local/lib/python3.7/site-packages/airflow/example_dags/example_time_delta_sensor_async.py                                   1           0  0.14s           2022-09-22T03:48:18
/home/airflow/.local/lib/python3.7/site-packages/airflow/example_dags/example_bash_operator.py                                             1           0  0.15s           2022-09-22T03:48:19
/home/airflow/.local/lib/python3.7/site-packages/airflow/example_dags/example_passing_params_via_test_command.py                           1           0  0.17s           2022-09-22T03:48:19
/home/airflow/.local/lib/python3.7/site-packages/airflow/example_dags/tutorial_taskflow_api_virtualenv.py                                  1           0  0.14s           2022-09-22T03:48:19
/home/airflow/.local/lib/python3.7/site-packages/airflow/example_dags/example_nested_branch_dag.py                                         1           0  0.14s           2022-09-22T03:48:19
/home/airflow/.local/lib/python3.7/site-packages/airflow/example_dags/example_branch_python_dop_operator_3.py                              1           0  0.13s           2022-09-22T03:48:19
/home/airflow/.local/lib/python3.7/site-packages/airflow/example_dags/example_latest_only_with_trigger.py                                  1           0  0.10s           2022-09-22T03:48:19
/home/airflow/.local/lib/python3.7/site-packages/airflow/example_dags/example_task_group_decorator.py                                      1           0  0.12s           2022-09-22T03:48:19
/home/airflow/.local/lib/python3.7/site-packages/airflow/example_dags/example_latest_only.py                                               1           0  0.10s           2022-09-22T03:48:19
/home/airflow/.local/lib/python3.7/site-packages/airflow/example_dags/example_trigger_controller_dag.py                                    1           0  0.10s           2022-09-22T03:48:19
/home/airflow/.local/lib/python3.7/site-packages/airflow/example_dags/tutorial.py                                                          1           0  0.10s           2022-09-22T03:48:19
/home/airflow/.local/lib/python3.7/site-packages/airflow/example_dags/example_sla_dag.py                                                   1           0  0.16s           2022-09-22T03:48:19
/home/airflow/.local/lib/python3.7/site-packages/airflow/example_dags/example_skip_dag.py                                                  1           0  0.13s           2022-09-22T03:48:19
/home/airflow/.local/lib/python3.7/site-packages/airflow/example_dags/example_dag_decorator.py                                             1           0  0.12s           2022-09-22T03:48:19
/home/airflow/.local/lib/python3.7/site-packages/airflow/example_dags/tutorial_taskflow_api.py                                             1           0  0.11s           2022-09-22T03:48:20
/home/airflow/.local/lib/python3.7/site-packages/airflow/example_dags/tutorial_dag.py                                                      1           0  0.10s           2022-09-22T03:48:20
/home/airflow/.local/lib/python3.7/site-packages/airflow/example_dags/example_complex.py                                                   1           0  0.11s           2022-09-22T03:48:20
/home/airflow/.local/lib/python3.7/site-packages/airflow/example_dags/example_task_group.py                                                1           0  0.12s           2022-09-22T03:48:20
/home/airflow/.local/lib/python3.7/site-packages/airflow/example_dags/example_local_kubernetes_executor.py                                 1           0  0.13s           2022-09-22T03:48:20
/home/airflow/.local/lib/python3.7/site-packages/airflow/example_dags/example_branch_day_of_week_operator.py                               1           0  0.14s           2022-09-22T03:48:20
/home/airflow/.local/lib/python3.7/site-packages/airflow/example_dags/example_xcom.py                                                      1           0  0.15s           2022-09-22T03:48:20
/home/airflow/.local/lib/python3.7/site-packages/airflow/example_dags/example_branch_labels.py                                             1           0  0.14s           2022-09-22T03:48:20
/home/airflow/.local/lib/python3.7/site-packages/airflow/example_dags/example_branch_operator_decorator.py                                 1           0  0.14s           2022-09-22T03:48:20
/home/airflow/.local/lib/python3.7/site-packages/airflow/example_dags/example_python_operator.py                                           1           0  0.14s           2022-09-22T03:48:20
/home/airflow/.local/lib/python3.7/site-packages/airflow/example_dags/example_short_circuit_operator.py                                    1           0  0.12s           2022-09-22T03:48:20
/home/airflow/.local/lib/python3.7/site-packages/airflow/example_dags/example_branch_operator.py                                           1           0  0.13s           2022-09-22T03:48:21
/home/airflow/.local/lib/python3.7/site-packages/airflow/example_dags/example_xcomargs.py                                                  2           0  0.16s           2022-09-22T03:48:20
/home/airflow/.local/lib/python3.7/site-packages/airflow/example_dags/example_external_task_marker_dag.py                                  2           0  0.13s           2022-09-22T03:48:21
/home/airflow/.local/lib/python3.7/site-packages/airflow/example_dags/example_branch_datetime_operator.py                                  3           0  0.14s           2022-09-22T03:48:19
/home/airflow/.local/lib/python3.7/site-packages/airflow/example_dags/example_subdag_operator.py                                           3           0  0.13s           2022-09-22T03:48:20
/home/airflow/.local/lib/python3.7/site-packages/airflow/example_dags/example_datasets.py                                                  6           0  0.19s           2022-09-22T03:48:18
================================================================================
[2022-09-22T03:49:19.726+0000] {manager.py:846} INFO - 
================================================================================
DAG File Processing Stats

File Path                                                                                                           PID  Runtime      # DAGs    # Errors  Last Runtime    Last Run
----------------------------------------------------------------------------------------------------------------  -----  ---------  --------  ----------  --------------  -------------------
/home/airflow/.local/lib/python3.7/site-packages/airflow/example_dags/plugins/workday.py                                                   0           0  0.02s           2022-09-22T03:48:51
/home/airflow/.local/lib/python3.7/site-packages/airflow/example_dags/subdags/subdag.py                                                    0           0  0.03s           2022-09-22T03:48:51
/home/airflow/.local/lib/python3.7/site-packages/airflow/example_dags/example_kubernetes_executor.py                171  0.01s             1           0  0.11s           2022-09-22T03:48:49
/home/airflow/.local/lib/python3.7/site-packages/airflow/example_dags/example_short_circuit_decorator.py            172  0.00s             1           0  0.11s           2022-09-22T03:48:49
/home/airflow/.local/lib/python3.7/site-packages/airflow/example_dags/example_trigger_target_dag.py                                        1           0  0.10s           2022-09-22T03:48:49
/home/airflow/.local/lib/python3.7/site-packages/airflow/example_dags/example_time_delta_sensor_async.py                                   1           0  0.27s           2022-09-22T03:48:49
/home/airflow/.local/lib/python3.7/site-packages/airflow/example_dags/example_bash_operator.py                                             1           0  0.11s           2022-09-22T03:48:49
/home/airflow/.local/lib/python3.7/site-packages/airflow/example_dags/example_passing_params_via_test_command.py                           1           0  0.11s           2022-09-22T03:48:49
/home/airflow/.local/lib/python3.7/site-packages/airflow/example_dags/tutorial_taskflow_api_virtualenv.py                                  1           0  0.10s           2022-09-22T03:48:49
/home/airflow/.local/lib/python3.7/site-packages/airflow/example_dags/example_nested_branch_dag.py                                         1           0  0.11s           2022-09-22T03:48:50
/home/airflow/.local/lib/python3.7/site-packages/airflow/example_dags/example_branch_python_dop_operator_3.py                              1           0  0.12s           2022-09-22T03:48:50
/home/airflow/.local/lib/python3.7/site-packages/airflow/example_dags/example_latest_only_with_trigger.py                                  1           0  0.10s           2022-09-22T03:48:50
/home/airflow/.local/lib/python3.7/site-packages/airflow/example_dags/example_task_group_decorator.py                                      1           0  0.12s           2022-09-22T03:48:50
/home/airflow/.local/lib/python3.7/site-packages/airflow/example_dags/example_latest_only.py                                               1           0  0.10s           2022-09-22T03:48:50
/home/airflow/.local/lib/python3.7/site-packages/airflow/example_dags/example_trigger_controller_dag.py                                    1           0  0.09s           2022-09-22T03:48:50
/home/airflow/.local/lib/python3.7/site-packages/airflow/example_dags/tutorial.py                                                          1           0  0.10s           2022-09-22T03:48:50
/home/airflow/.local/lib/python3.7/site-packages/airflow/example_dags/example_sla_dag.py                                                   1           0  0.11s           2022-09-22T03:48:50
/home/airflow/.local/lib/python3.7/site-packages/airflow/example_dags/example_skip_dag.py                                                  1           0  0.10s           2022-09-22T03:48:50
/home/airflow/.local/lib/python3.7/site-packages/airflow/example_dags/example_dag_decorator.py                                             1           0  0.18s           2022-09-22T03:48:50
/home/airflow/.local/lib/python3.7/site-packages/airflow/example_dags/tutorial_taskflow_api.py                                             1           0  0.10s           2022-09-22T03:48:50
/home/airflow/.local/lib/python3.7/site-packages/airflow/example_dags/tutorial_dag.py                                                      1           0  0.09s           2022-09-22T03:48:50
/home/airflow/.local/lib/python3.7/site-packages/airflow/example_dags/example_complex.py                                                   1           0  0.11s           2022-09-22T03:48:50
/home/airflow/.local/lib/python3.7/site-packages/airflow/example_dags/example_task_group.py                                                1           0  0.10s           2022-09-22T03:48:50
/home/airflow/.local/lib/python3.7/site-packages/airflow/example_dags/example_local_kubernetes_executor.py                                 1           0  0.10s           2022-09-22T03:48:51
/home/airflow/.local/lib/python3.7/site-packages/airflow/example_dags/example_branch_day_of_week_operator.py                               1           0  0.09s           2022-09-22T03:48:51
/home/airflow/.local/lib/python3.7/site-packages/airflow/example_dags/example_xcom.py                                                      1           0  0.10s           2022-09-22T03:48:51
/home/airflow/.local/lib/python3.7/site-packages/airflow/example_dags/example_branch_labels.py                                             1           0  0.10s           2022-09-22T03:48:51
/home/airflow/.local/lib/python3.7/site-packages/airflow/example_dags/example_branch_operator_decorator.py                                 1           0  0.11s           2022-09-22T03:48:51
/home/airflow/.local/lib/python3.7/site-packages/airflow/example_dags/example_python_operator.py                                           1           0  0.11s           2022-09-22T03:48:51
/home/airflow/.local/lib/python3.7/site-packages/airflow/example_dags/example_short_circuit_operator.py                                    1           0  0.10s           2022-09-22T03:48:51
/home/airflow/.local/lib/python3.7/site-packages/airflow/example_dags/example_branch_operator.py                                           1           0  0.10s           2022-09-22T03:48:51
/home/airflow/.local/lib/python3.7/site-packages/airflow/example_dags/example_xcomargs.py                                                  2           0  0.11s           2022-09-22T03:48:51
/home/airflow/.local/lib/python3.7/site-packages/airflow/example_dags/example_external_task_marker_dag.py                                  2           0  0.31s           2022-09-22T03:48:51
/home/airflow/.local/lib/python3.7/site-packages/airflow/example_dags/example_branch_datetime_operator.py                                  3           0  0.12s           2022-09-22T03:48:50
/home/airflow/.local/lib/python3.7/site-packages/airflow/example_dags/example_subdag_operator.py                                           3           0  0.30s           2022-09-22T03:48:50
/home/airflow/.local/lib/python3.7/site-packages/airflow/example_dags/example_datasets.py                                                  6           0  0.16s           2022-09-22T03:48:49
================================================================================
[2022-09-22T03:49:50.164+0000] {manager.py:846} INFO - 
================================================================================
DAG File Processing Stats

File Path                                                                                                           PID  Runtime      # DAGs    # Errors  Last Runtime    Last Run
----------------------------------------------------------------------------------------------------------------  -----  ---------  --------  ----------  --------------  -------------------
/home/airflow/.local/lib/python3.7/site-packages/airflow/example_dags/plugins/workday.py                                                   0           0  0.02s           2022-09-22T03:49:21
/home/airflow/.local/lib/python3.7/site-packages/airflow/example_dags/subdags/subdag.py                                                    0           0  0.03s           2022-09-22T03:49:21
/home/airflow/.local/lib/python3.7/site-packages/airflow/example_dags/example_kubernetes_executor.py                234  0.01s             1           0  0.12s           2022-09-22T03:49:19
/home/airflow/.local/lib/python3.7/site-packages/airflow/example_dags/example_short_circuit_decorator.py            235  0.00s             1           0  0.11s           2022-09-22T03:49:19
/home/airflow/.local/lib/python3.7/site-packages/airflow/example_dags/example_trigger_target_dag.py                                        1           0  0.10s           2022-09-22T03:49:20
/home/airflow/.local/lib/python3.7/site-packages/airflow/example_dags/example_time_delta_sensor_async.py                                   1           0  0.28s           2022-09-22T03:49:20
/home/airflow/.local/lib/python3.7/site-packages/airflow/example_dags/example_bash_operator.py                                             1           0  0.12s           2022-09-22T03:49:20
/home/airflow/.local/lib/python3.7/site-packages/airflow/example_dags/example_passing_params_via_test_command.py                           1           0  0.11s           2022-09-22T03:49:20
/home/airflow/.local/lib/python3.7/site-packages/airflow/example_dags/tutorial_taskflow_api_virtualenv.py                                  1           0  0.10s           2022-09-22T03:49:20
/home/airflow/.local/lib/python3.7/site-packages/airflow/example_dags/example_nested_branch_dag.py                                         1           0  0.11s           2022-09-22T03:49:20
/home/airflow/.local/lib/python3.7/site-packages/airflow/example_dags/example_branch_python_dop_operator_3.py                              1           0  0.12s           2022-09-22T03:49:20
/home/airflow/.local/lib/python3.7/site-packages/airflow/example_dags/example_latest_only_with_trigger.py                                  1           0  0.10s           2022-09-22T03:49:20
/home/airflow/.local/lib/python3.7/site-packages/airflow/example_dags/example_task_group_decorator.py                                      1           0  0.12s           2022-09-22T03:49:20
/home/airflow/.local/lib/python3.7/site-packages/airflow/example_dags/example_latest_only.py                                               1           0  0.10s           2022-09-22T03:49:20
/home/airflow/.local/lib/python3.7/site-packages/airflow/example_dags/example_trigger_controller_dag.py                                    1           0  0.10s           2022-09-22T03:49:20
/home/airflow/.local/lib/python3.7/site-packages/airflow/example_dags/tutorial.py                                                          1           0  0.10s           2022-09-22T03:49:20
/home/airflow/.local/lib/python3.7/site-packages/airflow/example_dags/example_sla_dag.py                                                   1           0  0.11s           2022-09-22T03:49:20
/home/airflow/.local/lib/python3.7/site-packages/airflow/example_dags/example_skip_dag.py                                                  1           0  0.10s           2022-09-22T03:49:20
/home/airflow/.local/lib/python3.7/site-packages/airflow/example_dags/example_dag_decorator.py                                             1           0  0.16s           2022-09-22T03:49:21
/home/airflow/.local/lib/python3.7/site-packages/airflow/example_dags/tutorial_taskflow_api.py                                             1           0  0.10s           2022-09-22T03:49:21
/home/airflow/.local/lib/python3.7/site-packages/airflow/example_dags/tutorial_dag.py                                                      1           0  0.10s           2022-09-22T03:49:21
/home/airflow/.local/lib/python3.7/site-packages/airflow/example_dags/example_complex.py                                                   1           0  0.13s           2022-09-22T03:49:21
/home/airflow/.local/lib/python3.7/site-packages/airflow/example_dags/example_task_group.py                                                1           0  0.14s           2022-09-22T03:49:21
/home/airflow/.local/lib/python3.7/site-packages/airflow/example_dags/example_local_kubernetes_executor.py                                 1           0  0.10s           2022-09-22T03:49:21
/home/airflow/.local/lib/python3.7/site-packages/airflow/example_dags/example_branch_day_of_week_operator.py                               1           0  0.10s           2022-09-22T03:49:21
/home/airflow/.local/lib/python3.7/site-packages/airflow/example_dags/example_xcom.py                                                      1           0  0.12s           2022-09-22T03:49:21
/home/airflow/.local/lib/python3.7/site-packages/airflow/example_dags/example_branch_labels.py                                             1           0  0.11s           2022-09-22T03:49:21
/home/airflow/.local/lib/python3.7/site-packages/airflow/example_dags/example_branch_operator_decorator.py                                 1           0  0.11s           2022-09-22T03:49:21
/home/airflow/.local/lib/python3.7/site-packages/airflow/example_dags/example_python_operator.py                                           1           0  0.10s           2022-09-22T03:49:21
/home/airflow/.local/lib/python3.7/site-packages/airflow/example_dags/example_short_circuit_operator.py                                    1           0  0.10s           2022-09-22T03:49:21
/home/airflow/.local/lib/python3.7/site-packages/airflow/example_dags/example_branch_operator.py                                           1           0  0.11s           2022-09-22T03:49:21
/home/airflow/.local/lib/python3.7/site-packages/airflow/example_dags/example_xcomargs.py                                                  2           0  0.11s           2022-09-22T03:49:21
/home/airflow/.local/lib/python3.7/site-packages/airflow/example_dags/example_external_task_marker_dag.py                                  2           0  0.26s           2022-09-22T03:49:22
/home/airflow/.local/lib/python3.7/site-packages/airflow/example_dags/example_branch_datetime_operator.py                                  3           0  0.12s           2022-09-22T03:49:20
/home/airflow/.local/lib/python3.7/site-packages/airflow/example_dags/example_subdag_operator.py                                           3           0  0.33s           2022-09-22T03:49:21
/home/airflow/.local/lib/python3.7/site-packages/airflow/example_dags/example_datasets.py                                                  6           0  0.13s           2022-09-22T03:49:19
================================================================================
[2022-09-22T03:50:20.835+0000] {manager.py:846} INFO - 
================================================================================
DAG File Processing Stats

File Path                                                                                                           PID  Runtime      # DAGs    # Errors  Last Runtime    Last Run
----------------------------------------------------------------------------------------------------------------  -----  ---------  --------  ----------  --------------  -------------------
/home/airflow/.local/lib/python3.7/site-packages/airflow/example_dags/plugins/workday.py                                                   0           0  0.02s           2022-09-22T03:49:52
/home/airflow/.local/lib/python3.7/site-packages/airflow/example_dags/subdags/subdag.py                                                    0           0  0.03s           2022-09-22T03:49:52
/home/airflow/.local/lib/python3.7/site-packages/airflow/example_dags/example_kubernetes_executor.py                288  0.02s             1           0  0.11s           2022-09-22T03:49:50
/home/airflow/.local/lib/python3.7/site-packages/airflow/example_dags/example_short_circuit_decorator.py            289  0.00s             1           0  0.11s           2022-09-22T03:49:50
/home/airflow/.local/lib/python3.7/site-packages/airflow/example_dags/example_trigger_target_dag.py                                        1           0  0.10s           2022-09-22T03:49:50
/home/airflow/.local/lib/python3.7/site-packages/airflow/example_dags/example_time_delta_sensor_async.py                                   1           0  0.27s           2022-09-22T03:49:50
/home/airflow/.local/lib/python3.7/site-packages/airflow/example_dags/example_bash_operator.py                                             1           0  0.11s           2022-09-22T03:49:50
/home/airflow/.local/lib/python3.7/site-packages/airflow/example_dags/example_passing_params_via_test_command.py                           1           0  0.11s           2022-09-22T03:49:50
/home/airflow/.local/lib/python3.7/site-packages/airflow/example_dags/tutorial_taskflow_api_virtualenv.py                                  1           0  0.14s           2022-09-22T03:49:50
/home/airflow/.local/lib/python3.7/site-packages/airflow/example_dags/example_nested_branch_dag.py                                         1           0  0.12s           2022-09-22T03:49:51
/home/airflow/.local/lib/python3.7/site-packages/airflow/example_dags/example_branch_python_dop_operator_3.py                              1           0  0.12s           2022-09-22T03:49:51
/home/airflow/.local/lib/python3.7/site-packages/airflow/example_dags/example_latest_only_with_trigger.py                                  1           0  0.11s           2022-09-22T03:49:51
/home/airflow/.local/lib/python3.7/site-packages/airflow/example_dags/example_task_group_decorator.py                                      1           0  0.13s           2022-09-22T03:49:51
/home/airflow/.local/lib/python3.7/site-packages/airflow/example_dags/example_latest_only.py                                               1           0  0.12s           2022-09-22T03:49:51
/home/airflow/.local/lib/python3.7/site-packages/airflow/example_dags/example_trigger_controller_dag.py                                    1           0  0.10s           2022-09-22T03:49:51
/home/airflow/.local/lib/python3.7/site-packages/airflow/example_dags/tutorial.py                                                          1           0  0.10s           2022-09-22T03:49:51
/home/airflow/.local/lib/python3.7/site-packages/airflow/example_dags/example_sla_dag.py                                                   1           0  0.12s           2022-09-22T03:49:51
/home/airflow/.local/lib/python3.7/site-packages/airflow/example_dags/example_skip_dag.py                                                  1           0  0.10s           2022-09-22T03:49:51
/home/airflow/.local/lib/python3.7/site-packages/airflow/example_dags/example_dag_decorator.py                                             1           0  0.16s           2022-09-22T03:49:51
/home/airflow/.local/lib/python3.7/site-packages/airflow/example_dags/tutorial_taskflow_api.py                                             1           0  0.11s           2022-09-22T03:49:51
/home/airflow/.local/lib/python3.7/site-packages/airflow/example_dags/tutorial_dag.py                                                      1           0  0.10s           2022-09-22T03:49:51
/home/airflow/.local/lib/python3.7/site-packages/airflow/example_dags/example_complex.py                                                   1           0  0.11s           2022-09-22T03:49:51
/home/airflow/.local/lib/python3.7/site-packages/airflow/example_dags/example_task_group.py                                                1           0  0.11s           2022-09-22T03:49:51
/home/airflow/.local/lib/python3.7/site-packages/airflow/example_dags/example_local_kubernetes_executor.py                                 1           0  0.15s           2022-09-22T03:49:52
/home/airflow/.local/lib/python3.7/site-packages/airflow/example_dags/example_branch_day_of_week_operator.py                               1           0  0.11s           2022-09-22T03:49:52
/home/airflow/.local/lib/python3.7/site-packages/airflow/example_dags/example_xcom.py                                                      1           0  0.11s           2022-09-22T03:49:52
/home/airflow/.local/lib/python3.7/site-packages/airflow/example_dags/example_branch_labels.py                                             1           0  0.10s           2022-09-22T03:49:52
/home/airflow/.local/lib/python3.7/site-packages/airflow/example_dags/example_branch_operator_decorator.py                                 1           0  0.12s           2022-09-22T03:49:52
/home/airflow/.local/lib/python3.7/site-packages/airflow/example_dags/example_python_operator.py                                           1           0  0.12s           2022-09-22T03:49:52
/home/airflow/.local/lib/python3.7/site-packages/airflow/example_dags/example_short_circuit_operator.py                                    1           0  0.10s           2022-09-22T03:49:52
/home/airflow/.local/lib/python3.7/site-packages/airflow/example_dags/example_branch_operator.py                                           1           0  0.10s           2022-09-22T03:49:52
/home/airflow/.local/lib/python3.7/site-packages/airflow/example_dags/example_xcomargs.py                                                  2           0  0.12s           2022-09-22T03:49:52
/home/airflow/.local/lib/python3.7/site-packages/airflow/example_dags/example_external_task_marker_dag.py                                  2           0  0.27s           2022-09-22T03:49:52
/home/airflow/.local/lib/python3.7/site-packages/airflow/example_dags/example_branch_datetime_operator.py                                  3           0  0.14s           2022-09-22T03:49:50
/home/airflow/.local/lib/python3.7/site-packages/airflow/example_dags/example_subdag_operator.py                                           3           0  0.32s           2022-09-22T03:49:52
/home/airflow/.local/lib/python3.7/site-packages/airflow/example_dags/example_datasets.py                                                  6           0  0.14s           2022-09-22T03:49:50
================================================================================
[2022-09-22T03:50:51.453+0000] {manager.py:846} INFO - 
================================================================================
DAG File Processing Stats

File Path                                                                                                           PID  Runtime      # DAGs    # Errors  Last Runtime    Last Run
----------------------------------------------------------------------------------------------------------------  -----  ---------  --------  ----------  --------------  -------------------
/home/airflow/.local/lib/python3.7/site-packages/airflow/example_dags/plugins/workday.py                                                   0           0  0.03s           2022-09-22T03:50:23
/home/airflow/.local/lib/python3.7/site-packages/airflow/example_dags/subdags/subdag.py                                                    0           0  0.03s           2022-09-22T03:50:23
/home/airflow/.local/lib/python3.7/site-packages/airflow/example_dags/example_kubernetes_executor.py                351  0.01s             1           0  0.12s           2022-09-22T03:50:20
/home/airflow/.local/lib/python3.7/site-packages/airflow/example_dags/example_short_circuit_decorator.py            352  0.00s             1           0  0.11s           2022-09-22T03:50:20
/home/airflow/.local/lib/python3.7/site-packages/airflow/example_dags/example_trigger_target_dag.py                                        1           0  0.10s           2022-09-22T03:50:21
/home/airflow/.local/lib/python3.7/site-packages/airflow/example_dags/example_time_delta_sensor_async.py                                   1           0  0.28s           2022-09-22T03:50:21
/home/airflow/.local/lib/python3.7/site-packages/airflow/example_dags/example_bash_operator.py                                             1           0  0.12s           2022-09-22T03:50:21
/home/airflow/.local/lib/python3.7/site-packages/airflow/example_dags/example_passing_params_via_test_command.py                           1           0  0.15s           2022-09-22T03:50:21
/home/airflow/.local/lib/python3.7/site-packages/airflow/example_dags/tutorial_taskflow_api_virtualenv.py                                  1           0  0.10s           2022-09-22T03:50:21
/home/airflow/.local/lib/python3.7/site-packages/airflow/example_dags/example_nested_branch_dag.py                                         1           0  0.10s           2022-09-22T03:50:21
/home/airflow/.local/lib/python3.7/site-packages/airflow/example_dags/example_branch_python_dop_operator_3.py                              1           0  0.10s           2022-09-22T03:50:21
/home/airflow/.local/lib/python3.7/site-packages/airflow/example_dags/example_latest_only_with_trigger.py                                  1           0  0.11s           2022-09-22T03:50:21
/home/airflow/.local/lib/python3.7/site-packages/airflow/example_dags/example_task_group_decorator.py                                      1           0  0.12s           2022-09-22T03:50:21
/home/airflow/.local/lib/python3.7/site-packages/airflow/example_dags/example_latest_only.py                                               1           0  0.09s           2022-09-22T03:50:21
/home/airflow/.local/lib/python3.7/site-packages/airflow/example_dags/example_trigger_controller_dag.py                                    1           0  0.09s           2022-09-22T03:50:21
/home/airflow/.local/lib/python3.7/site-packages/airflow/example_dags/tutorial.py                                                          1           0  0.09s           2022-09-22T03:50:21
/home/airflow/.local/lib/python3.7/site-packages/airflow/example_dags/example_sla_dag.py                                                   1           0  0.10s           2022-09-22T03:50:21
/home/airflow/.local/lib/python3.7/site-packages/airflow/example_dags/example_skip_dag.py                                                  1           0  0.09s           2022-09-22T03:50:22
/home/airflow/.local/lib/python3.7/site-packages/airflow/example_dags/example_dag_decorator.py                                             1           0  0.15s           2022-09-22T03:50:22
/home/airflow/.local/lib/python3.7/site-packages/airflow/example_dags/tutorial_taskflow_api.py                                             1           0  0.16s           2022-09-22T03:50:22
/home/airflow/.local/lib/python3.7/site-packages/airflow/example_dags/tutorial_dag.py                                                      1           0  0.16s           2022-09-22T03:50:22
/home/airflow/.local/lib/python3.7/site-packages/airflow/example_dags/example_complex.py                                                   1           0  0.15s           2022-09-22T03:50:22
/home/airflow/.local/lib/python3.7/site-packages/airflow/example_dags/example_task_group.py                                                1           0  0.10s           2022-09-22T03:50:22
/home/airflow/.local/lib/python3.7/site-packages/airflow/example_dags/example_local_kubernetes_executor.py                                 1           0  0.11s           2022-09-22T03:50:22
/home/airflow/.local/lib/python3.7/site-packages/airflow/example_dags/example_branch_day_of_week_operator.py                               1           0  0.11s           2022-09-22T03:50:22
/home/airflow/.local/lib/python3.7/site-packages/airflow/example_dags/example_xcom.py                                                      1           0  0.19s           2022-09-22T03:50:22
/home/airflow/.local/lib/python3.7/site-packages/airflow/example_dags/example_branch_labels.py                                             1           0  0.15s           2022-09-22T03:50:22
/home/airflow/.local/lib/python3.7/site-packages/airflow/example_dags/example_branch_operator_decorator.py                                 1           0  0.12s           2022-09-22T03:50:23
/home/airflow/.local/lib/python3.7/site-packages/airflow/example_dags/example_python_operator.py                                           1           0  0.11s           2022-09-22T03:50:23
/home/airflow/.local/lib/python3.7/site-packages/airflow/example_dags/example_short_circuit_operator.py                                    1           0  0.13s           2022-09-22T03:50:23
/home/airflow/.local/lib/python3.7/site-packages/airflow/example_dags/example_branch_operator.py                                           1           0  0.12s           2022-09-22T03:50:23
/home/airflow/.local/lib/python3.7/site-packages/airflow/example_dags/example_xcomargs.py                                                  2           0  0.12s           2022-09-22T03:50:22
/home/airflow/.local/lib/python3.7/site-packages/airflow/example_dags/example_external_task_marker_dag.py                                  2           0  0.31s           2022-09-22T03:50:23
/home/airflow/.local/lib/python3.7/site-packages/airflow/example_dags/example_branch_datetime_operator.py                                  3           0  0.11s           2022-09-22T03:50:21
/home/airflow/.local/lib/python3.7/site-packages/airflow/example_dags/example_subdag_operator.py                                           3           0  0.33s           2022-09-22T03:50:22
/home/airflow/.local/lib/python3.7/site-packages/airflow/example_dags/example_datasets.py                                                  6           0  0.13s           2022-09-22T03:50:21
================================================================================
[2022-09-22T03:51:21.869+0000] {manager.py:846} INFO - 
================================================================================
DAG File Processing Stats

File Path                                                                                                           PID  Runtime      # DAGs    # Errors  Last Runtime    Last Run
----------------------------------------------------------------------------------------------------------------  -----  ---------  --------  ----------  --------------  -------------------
/home/airflow/.local/lib/python3.7/site-packages/airflow/example_dags/plugins/workday.py                                                   0           0  0.03s           2022-09-22T03:50:53
/home/airflow/.local/lib/python3.7/site-packages/airflow/example_dags/subdags/subdag.py                                                    0           0  0.03s           2022-09-22T03:50:53
/home/airflow/.local/lib/python3.7/site-packages/airflow/example_dags/example_kubernetes_executor.py                415  0.01s             1           0  0.11s           2022-09-22T03:50:51
/home/airflow/.local/lib/python3.7/site-packages/airflow/example_dags/example_short_circuit_decorator.py            416  0.00s             1           0  0.11s           2022-09-22T03:50:51
/home/airflow/.local/lib/python3.7/site-packages/airflow/example_dags/example_trigger_target_dag.py                                        1           0  0.10s           2022-09-22T03:50:51
/home/airflow/.local/lib/python3.7/site-packages/airflow/example_dags/example_time_delta_sensor_async.py                                   1           0  0.27s           2022-09-22T03:50:51
/home/airflow/.local/lib/python3.7/site-packages/airflow/example_dags/example_bash_operator.py                                             1           0  0.12s           2022-09-22T03:50:51
/home/airflow/.local/lib/python3.7/site-packages/airflow/example_dags/example_passing_params_via_test_command.py                           1           0  0.12s           2022-09-22T03:50:51
/home/airflow/.local/lib/python3.7/site-packages/airflow/example_dags/tutorial_taskflow_api_virtualenv.py                                  1           0  0.12s           2022-09-22T03:50:52
/home/airflow/.local/lib/python3.7/site-packages/airflow/example_dags/example_nested_branch_dag.py                                         1           0  0.16s           2022-09-22T03:50:52
/home/airflow/.local/lib/python3.7/site-packages/airflow/example_dags/example_branch_python_dop_operator_3.py                              1           0  0.14s           2022-09-22T03:50:52
/home/airflow/.local/lib/python3.7/site-packages/airflow/example_dags/example_latest_only_with_trigger.py                                  1           0  0.10s           2022-09-22T03:50:52
/home/airflow/.local/lib/python3.7/site-packages/airflow/example_dags/example_task_group_decorator.py                                      1           0  0.12s           2022-09-22T03:50:52
/home/airflow/.local/lib/python3.7/site-packages/airflow/example_dags/example_latest_only.py                                               1           0  0.10s           2022-09-22T03:50:52
/home/airflow/.local/lib/python3.7/site-packages/airflow/example_dags/example_trigger_controller_dag.py                                    1           0  0.09s           2022-09-22T03:50:52
/home/airflow/.local/lib/python3.7/site-packages/airflow/example_dags/tutorial.py                                                          1           0  0.10s           2022-09-22T03:50:52
/home/airflow/.local/lib/python3.7/site-packages/airflow/example_dags/example_sla_dag.py                                                   1           0  0.11s           2022-09-22T03:50:52
/home/airflow/.local/lib/python3.7/site-packages/airflow/example_dags/example_skip_dag.py                                                  1           0  0.10s           2022-09-22T03:50:52
/home/airflow/.local/lib/python3.7/site-packages/airflow/example_dags/example_dag_decorator.py                                             1           0  0.15s           2022-09-22T03:50:52
/home/airflow/.local/lib/python3.7/site-packages/airflow/example_dags/tutorial_taskflow_api.py                                             1           0  0.11s           2022-09-22T03:50:52
/home/airflow/.local/lib/python3.7/site-packages/airflow/example_dags/tutorial_dag.py                                                      1           0  0.10s           2022-09-22T03:50:52
/home/airflow/.local/lib/python3.7/site-packages/airflow/example_dags/example_complex.py                                                   1           0  0.11s           2022-09-22T03:50:52
/home/airflow/.local/lib/python3.7/site-packages/airflow/example_dags/example_task_group.py                                                1           0  0.10s           2022-09-22T03:50:52
/home/airflow/.local/lib/python3.7/site-packages/airflow/example_dags/example_local_kubernetes_executor.py                                 1           0  0.10s           2022-09-22T03:50:53
/home/airflow/.local/lib/python3.7/site-packages/airflow/example_dags/example_branch_day_of_week_operator.py                               1           0  0.11s           2022-09-22T03:50:53
/home/airflow/.local/lib/python3.7/site-packages/airflow/example_dags/example_xcom.py                                                      1           0  0.12s           2022-09-22T03:50:53
/home/airflow/.local/lib/python3.7/site-packages/airflow/example_dags/example_branch_labels.py                                             1           0  0.10s           2022-09-22T03:50:53
/home/airflow/.local/lib/python3.7/site-packages/airflow/example_dags/example_branch_operator_decorator.py                                 1           0  0.13s           2022-09-22T03:50:53
/home/airflow/.local/lib/python3.7/site-packages/airflow/example_dags/example_python_operator.py                                           1           0  0.13s           2022-09-22T03:50:53
/home/airflow/.local/lib/python3.7/site-packages/airflow/example_dags/example_short_circuit_operator.py                                    1           0  0.13s           2022-09-22T03:50:53
/home/airflow/.local/lib/python3.7/site-packages/airflow/example_dags/example_branch_operator.py                                           1           0  0.13s           2022-09-22T03:50:53
/home/airflow/.local/lib/python3.7/site-packages/airflow/example_dags/example_xcomargs.py                                                  2           0  0.12s           2022-09-22T03:50:53
/home/airflow/.local/lib/python3.7/site-packages/airflow/example_dags/example_external_task_marker_dag.py                                  2           0  0.29s           2022-09-22T03:50:53
/home/airflow/.local/lib/python3.7/site-packages/airflow/example_dags/example_branch_datetime_operator.py                                  3           0  0.14s           2022-09-22T03:50:52
/home/airflow/.local/lib/python3.7/site-packages/airflow/example_dags/example_subdag_operator.py                                           3           0  0.30s           2022-09-22T03:50:53
/home/airflow/.local/lib/python3.7/site-packages/airflow/example_dags/example_datasets.py                                                  6           0  0.14s           2022-09-22T03:50:51
================================================================================
[2022-09-22T03:51:52.012+0000] {manager.py:846} INFO - 
================================================================================
DAG File Processing Stats

File Path                                                                                                           PID  Runtime      # DAGs    # Errors  Last Runtime    Last Run
----------------------------------------------------------------------------------------------------------------  -----  ---------  --------  ----------  --------------  -------------------
/home/airflow/.local/lib/python3.7/site-packages/airflow/example_dags/plugins/workday.py                                                   0           0  0.03s           2022-09-22T03:51:24
/home/airflow/.local/lib/python3.7/site-packages/airflow/example_dags/subdags/subdag.py                                                    0           0  0.04s           2022-09-22T03:51:24
/home/airflow/.local/lib/python3.7/site-packages/airflow/example_dags/example_kubernetes_executor.py                470  0.01s             1           0  0.12s           2022-09-22T03:51:21
/home/airflow/.local/lib/python3.7/site-packages/airflow/example_dags/example_short_circuit_decorator.py            471  0.00s             1           0  0.12s           2022-09-22T03:51:21
/home/airflow/.local/lib/python3.7/site-packages/airflow/example_dags/example_trigger_target_dag.py                                        1           0  0.11s           2022-09-22T03:51:22
/home/airflow/.local/lib/python3.7/site-packages/airflow/example_dags/example_time_delta_sensor_async.py                                   1           0  0.29s           2022-09-22T03:51:22
/home/airflow/.local/lib/python3.7/site-packages/airflow/example_dags/example_bash_operator.py                                             1           0  0.12s           2022-09-22T03:51:22
/home/airflow/.local/lib/python3.7/site-packages/airflow/example_dags/example_passing_params_via_test_command.py                           1           0  0.12s           2022-09-22T03:51:22
/home/airflow/.local/lib/python3.7/site-packages/airflow/example_dags/tutorial_taskflow_api_virtualenv.py                                  1           0  0.12s           2022-09-22T03:51:22
/home/airflow/.local/lib/python3.7/site-packages/airflow/example_dags/example_nested_branch_dag.py                                         1           0  0.12s           2022-09-22T03:51:22
/home/airflow/.local/lib/python3.7/site-packages/airflow/example_dags/example_branch_python_dop_operator_3.py                              1           0  0.12s           2022-09-22T03:51:22
/home/airflow/.local/lib/python3.7/site-packages/airflow/example_dags/example_latest_only_with_trigger.py                                  1           0  0.10s           2022-09-22T03:51:22
/home/airflow/.local/lib/python3.7/site-packages/airflow/example_dags/example_task_group_decorator.py                                      1           0  0.14s           2022-09-22T03:51:22
/home/airflow/.local/lib/python3.7/site-packages/airflow/example_dags/example_latest_only.py                                               1           0  0.11s           2022-09-22T03:51:22
/home/airflow/.local/lib/python3.7/site-packages/airflow/example_dags/example_trigger_controller_dag.py                                    1           0  0.16s           2022-09-22T03:51:23
/home/airflow/.local/lib/python3.7/site-packages/airflow/example_dags/tutorial.py                                                          1           0  0.14s           2022-09-22T03:51:23
/home/airflow/.local/lib/python3.7/site-packages/airflow/example_dags/example_sla_dag.py                                                   1           0  0.12s           2022-09-22T03:51:23
/home/airflow/.local/lib/python3.7/site-packages/airflow/example_dags/example_skip_dag.py                                                  1           0  0.12s           2022-09-22T03:51:23
/home/airflow/.local/lib/python3.7/site-packages/airflow/example_dags/example_dag_decorator.py                                             1           0  0.18s           2022-09-22T03:51:23
/home/airflow/.local/lib/python3.7/site-packages/airflow/example_dags/tutorial_taskflow_api.py                                             1           0  0.12s           2022-09-22T03:51:23
/home/airflow/.local/lib/python3.7/site-packages/airflow/example_dags/tutorial_dag.py                                                      1           0  0.11s           2022-09-22T03:51:23
/home/airflow/.local/lib/python3.7/site-packages/airflow/example_dags/example_complex.py                                                   1           0  0.13s           2022-09-22T03:51:23
/home/airflow/.local/lib/python3.7/site-packages/airflow/example_dags/example_task_group.py                                                1           0  0.15s           2022-09-22T03:51:23
/home/airflow/.local/lib/python3.7/site-packages/airflow/example_dags/example_local_kubernetes_executor.py                                 1           0  0.15s           2022-09-22T03:51:23
/home/airflow/.local/lib/python3.7/site-packages/airflow/example_dags/example_branch_day_of_week_operator.py                               1           0  0.16s           2022-09-22T03:51:24
/home/airflow/.local/lib/python3.7/site-packages/airflow/example_dags/example_xcom.py                                                      1           0  0.17s           2022-09-22T03:51:24
/home/airflow/.local/lib/python3.7/site-packages/airflow/example_dags/example_branch_labels.py                                             1           0  0.15s           2022-09-22T03:51:24
/home/airflow/.local/lib/python3.7/site-packages/airflow/example_dags/example_branch_operator_decorator.py                                 1           0  0.18s           2022-09-22T03:51:24
/home/airflow/.local/lib/python3.7/site-packages/airflow/example_dags/example_python_operator.py                                           1           0  0.18s           2022-09-22T03:51:24
/home/airflow/.local/lib/python3.7/site-packages/airflow/example_dags/example_short_circuit_operator.py                                    1           0  0.15s           2022-09-22T03:51:24
/home/airflow/.local/lib/python3.7/site-packages/airflow/example_dags/example_branch_operator.py                                           1           0  0.16s           2022-09-22T03:51:24
/home/airflow/.local/lib/python3.7/site-packages/airflow/example_dags/example_xcomargs.py                                                  2           0  0.17s           2022-09-22T03:51:23
/home/airflow/.local/lib/python3.7/site-packages/airflow/example_dags/example_external_task_marker_dag.py                                  2           0  0.31s           2022-09-22T03:51:24
/home/airflow/.local/lib/python3.7/site-packages/airflow/example_dags/example_branch_datetime_operator.py                                  3           0  0.13s           2022-09-22T03:51:22
/home/airflow/.local/lib/python3.7/site-packages/airflow/example_dags/example_subdag_operator.py                                           3           0  0.38s           2022-09-22T03:51:23
/home/airflow/.local/lib/python3.7/site-packages/airflow/example_dags/example_datasets.py                                                  6           0  0.13s           2022-09-22T03:51:22
================================================================================
[2022-09-22T03:52:22.074+0000] {manager.py:846} INFO - 
================================================================================
DAG File Processing Stats

File Path                                                                                                         PID    Runtime      # DAGs    # Errors  Last Runtime    Last Run
----------------------------------------------------------------------------------------------------------------  -----  ---------  --------  ----------  --------------  -------------------
/home/airflow/.local/lib/python3.7/site-packages/airflow/example_dags/plugins/workday.py                                                   0           0  0.03s           2022-09-22T03:51:54
/home/airflow/.local/lib/python3.7/site-packages/airflow/example_dags/subdags/subdag.py                                                    0           0  0.04s           2022-09-22T03:51:54
/home/airflow/.local/lib/python3.7/site-packages/airflow/example_dags/example_kubernetes_executor.py                                       1           0  0.12s           2022-09-22T03:51:52
/home/airflow/.local/lib/python3.7/site-packages/airflow/example_dags/example_short_circuit_decorator.py                                   1           0  0.12s           2022-09-22T03:51:52
/home/airflow/.local/lib/python3.7/site-packages/airflow/example_dags/example_trigger_target_dag.py                                        1           0  0.11s           2022-09-22T03:51:52
/home/airflow/.local/lib/python3.7/site-packages/airflow/example_dags/example_time_delta_sensor_async.py                                   1           0  0.28s           2022-09-22T03:51:52
/home/airflow/.local/lib/python3.7/site-packages/airflow/example_dags/example_bash_operator.py                                             1           0  0.12s           2022-09-22T03:51:52
/home/airflow/.local/lib/python3.7/site-packages/airflow/example_dags/example_passing_params_via_test_command.py                           1           0  0.12s           2022-09-22T03:51:52
/home/airflow/.local/lib/python3.7/site-packages/airflow/example_dags/tutorial_taskflow_api_virtualenv.py                                  1           0  0.11s           2022-09-22T03:51:52
/home/airflow/.local/lib/python3.7/site-packages/airflow/example_dags/example_nested_branch_dag.py                                         1           0  0.12s           2022-09-22T03:51:52
/home/airflow/.local/lib/python3.7/site-packages/airflow/example_dags/example_branch_python_dop_operator_3.py                              1           0  0.13s           2022-09-22T03:51:53
/home/airflow/.local/lib/python3.7/site-packages/airflow/example_dags/example_latest_only_with_trigger.py                                  1           0  0.11s           2022-09-22T03:51:53
/home/airflow/.local/lib/python3.7/site-packages/airflow/example_dags/example_task_group_decorator.py                                      1           0  0.13s           2022-09-22T03:51:53
/home/airflow/.local/lib/python3.7/site-packages/airflow/example_dags/example_latest_only.py                                               1           0  0.11s           2022-09-22T03:51:53
/home/airflow/.local/lib/python3.7/site-packages/airflow/example_dags/example_trigger_controller_dag.py                                    1           0  0.11s           2022-09-22T03:51:53
/home/airflow/.local/lib/python3.7/site-packages/airflow/example_dags/tutorial.py                                                          1           0  0.11s           2022-09-22T03:51:53
/home/airflow/.local/lib/python3.7/site-packages/airflow/example_dags/example_sla_dag.py                                                   1           0  0.12s           2022-09-22T03:51:53
/home/airflow/.local/lib/python3.7/site-packages/airflow/example_dags/example_skip_dag.py                                                  1           0  0.11s           2022-09-22T03:51:53
/home/airflow/.local/lib/python3.7/site-packages/airflow/example_dags/example_dag_decorator.py                                             1           0  0.17s           2022-09-22T03:51:53
/home/airflow/.local/lib/python3.7/site-packages/airflow/example_dags/tutorial_taskflow_api.py                                             1           0  0.12s           2022-09-22T03:51:53
/home/airflow/.local/lib/python3.7/site-packages/airflow/example_dags/tutorial_dag.py                                                      1           0  0.11s           2022-09-22T03:51:53
/home/airflow/.local/lib/python3.7/site-packages/airflow/example_dags/example_complex.py                                                   1           0  0.12s           2022-09-22T03:51:53
/home/airflow/.local/lib/python3.7/site-packages/airflow/example_dags/example_task_group.py                                                1           0  0.13s           2022-09-22T03:51:53
/home/airflow/.local/lib/python3.7/site-packages/airflow/example_dags/example_local_kubernetes_executor.py                                 1           0  0.12s           2022-09-22T03:51:54
/home/airflow/.local/lib/python3.7/site-packages/airflow/example_dags/example_branch_day_of_week_operator.py                               1           0  0.15s           2022-09-22T03:51:54
/home/airflow/.local/lib/python3.7/site-packages/airflow/example_dags/example_xcom.py                                                      1           0  0.16s           2022-09-22T03:51:54
/home/airflow/.local/lib/python3.7/site-packages/airflow/example_dags/example_branch_labels.py                                             1           0  0.15s           2022-09-22T03:51:54
/home/airflow/.local/lib/python3.7/site-packages/airflow/example_dags/example_branch_operator_decorator.py                                 1           0  0.18s           2022-09-22T03:51:54
/home/airflow/.local/lib/python3.7/site-packages/airflow/example_dags/example_python_operator.py                                           1           0  0.16s           2022-09-22T03:51:54
/home/airflow/.local/lib/python3.7/site-packages/airflow/example_dags/example_short_circuit_operator.py                                    1           0  0.15s           2022-09-22T03:51:54
/home/airflow/.local/lib/python3.7/site-packages/airflow/example_dags/example_branch_operator.py                                           1           0  0.15s           2022-09-22T03:51:54
/home/airflow/.local/lib/python3.7/site-packages/airflow/example_dags/example_xcomargs.py                                                  2           0  0.15s           2022-09-22T03:51:54
/home/airflow/.local/lib/python3.7/site-packages/airflow/example_dags/example_external_task_marker_dag.py                                  2           0  0.41s           2022-09-22T03:51:55
/home/airflow/.local/lib/python3.7/site-packages/airflow/example_dags/example_branch_datetime_operator.py                                  3           0  0.13s           2022-09-22T03:51:53
/home/airflow/.local/lib/python3.7/site-packages/airflow/example_dags/example_subdag_operator.py                                           3           0  0.39s           2022-09-22T03:51:54
/home/airflow/.local/lib/python3.7/site-packages/airflow/example_dags/example_datasets.py                                                  6           0  0.13s           2022-09-22T03:51:52
================================================================================
