[2022-09-22T03:48:19.738+0000] {processor.py:156} INFO - Started process (PID=69) to work on /home/airflow/.local/lib/python3.7/site-packages/airflow/example_dags/example_skip_dag.py
[2022-09-22T03:48:19.739+0000] {processor.py:758} INFO - Processing file /home/airflow/.local/lib/python3.7/site-packages/airflow/example_dags/example_skip_dag.py for tasks to queue
[2022-09-22T03:48:19.739+0000] {logging_mixin.py:117} INFO - [2022-09-22T03:48:19.739+0000] {dagbag.py:525} INFO - Filling up the DagBag from /home/airflow/.local/lib/python3.7/site-packages/airflow/example_dags/example_skip_dag.py
[2022-09-22T03:48:19.756+0000] {processor.py:768} INFO - DAG(s) dict_keys(['example_skip_dag']) retrieved from /home/airflow/.local/lib/python3.7/site-packages/airflow/example_dags/example_skip_dag.py
[2022-09-22T03:48:19.780+0000] {logging_mixin.py:117} INFO - [2022-09-22T03:48:19.780+0000] {dag.py:2573} INFO - Sync 1 DAGs
[2022-09-22T03:48:19.815+0000] {logging_mixin.py:117} INFO - [2022-09-22T03:48:19.814+0000] {dag.py:3328} INFO - Setting next_dagrun for example_skip_dag to 2022-09-21T03:48:19.814645+00:00, run_after=2022-09-22T03:48:19.814645+00:00
[2022-09-22T03:48:19.837+0000] {processor.py:178} INFO - Processing /home/airflow/.local/lib/python3.7/site-packages/airflow/example_dags/example_skip_dag.py took 0.102 seconds
[2022-09-22T03:48:50.443+0000] {processor.py:156} INFO - Started process (PID=124) to work on /home/airflow/.local/lib/python3.7/site-packages/airflow/example_dags/example_skip_dag.py
[2022-09-22T03:48:50.444+0000] {processor.py:758} INFO - Processing file /home/airflow/.local/lib/python3.7/site-packages/airflow/example_dags/example_skip_dag.py for tasks to queue
[2022-09-22T03:48:50.444+0000] {logging_mixin.py:117} INFO - [2022-09-22T03:48:50.444+0000] {dagbag.py:525} INFO - Filling up the DagBag from /home/airflow/.local/lib/python3.7/site-packages/airflow/example_dags/example_skip_dag.py
[2022-09-22T03:48:50.456+0000] {processor.py:768} INFO - DAG(s) dict_keys(['example_skip_dag']) retrieved from /home/airflow/.local/lib/python3.7/site-packages/airflow/example_dags/example_skip_dag.py
[2022-09-22T03:48:50.494+0000] {logging_mixin.py:117} INFO - [2022-09-22T03:48:50.494+0000] {dag.py:2573} INFO - Sync 1 DAGs
[2022-09-22T03:48:50.518+0000] {logging_mixin.py:117} INFO - [2022-09-22T03:48:50.517+0000] {dag.py:3328} INFO - Setting next_dagrun for example_skip_dag to 2022-09-21T03:48:50.517690+00:00, run_after=2022-09-22T03:48:50.517690+00:00
[2022-09-22T03:48:50.534+0000] {processor.py:178} INFO - Processing /home/airflow/.local/lib/python3.7/site-packages/airflow/example_dags/example_skip_dag.py took 0.094 seconds
[2022-09-22T03:49:20.850+0000] {processor.py:156} INFO - Started process (PID=188) to work on /home/airflow/.local/lib/python3.7/site-packages/airflow/example_dags/example_skip_dag.py
[2022-09-22T03:49:20.850+0000] {processor.py:758} INFO - Processing file /home/airflow/.local/lib/python3.7/site-packages/airflow/example_dags/example_skip_dag.py for tasks to queue
[2022-09-22T03:49:20.851+0000] {logging_mixin.py:117} INFO - [2022-09-22T03:49:20.851+0000] {dagbag.py:525} INFO - Filling up the DagBag from /home/airflow/.local/lib/python3.7/site-packages/airflow/example_dags/example_skip_dag.py
[2022-09-22T03:49:20.864+0000] {processor.py:768} INFO - DAG(s) dict_keys(['example_skip_dag']) retrieved from /home/airflow/.local/lib/python3.7/site-packages/airflow/example_dags/example_skip_dag.py
[2022-09-22T03:49:20.898+0000] {logging_mixin.py:117} INFO - [2022-09-22T03:49:20.898+0000] {dag.py:2573} INFO - Sync 1 DAGs
[2022-09-22T03:49:20.921+0000] {logging_mixin.py:117} INFO - [2022-09-22T03:49:20.921+0000] {dag.py:3328} INFO - Setting next_dagrun for example_skip_dag to 2022-09-21T03:49:20.921372+00:00, run_after=2022-09-22T03:49:20.921372+00:00
[2022-09-22T03:49:20.939+0000] {processor.py:178} INFO - Processing /home/airflow/.local/lib/python3.7/site-packages/airflow/example_dags/example_skip_dag.py took 0.091 seconds
[2022-09-22T03:49:51.356+0000] {processor.py:156} INFO - Started process (PID=251) to work on /home/airflow/.local/lib/python3.7/site-packages/airflow/example_dags/example_skip_dag.py
[2022-09-22T03:49:51.357+0000] {processor.py:758} INFO - Processing file /home/airflow/.local/lib/python3.7/site-packages/airflow/example_dags/example_skip_dag.py for tasks to queue
[2022-09-22T03:49:51.357+0000] {logging_mixin.py:117} INFO - [2022-09-22T03:49:51.357+0000] {dagbag.py:525} INFO - Filling up the DagBag from /home/airflow/.local/lib/python3.7/site-packages/airflow/example_dags/example_skip_dag.py
[2022-09-22T03:49:51.370+0000] {processor.py:768} INFO - DAG(s) dict_keys(['example_skip_dag']) retrieved from /home/airflow/.local/lib/python3.7/site-packages/airflow/example_dags/example_skip_dag.py
[2022-09-22T03:49:51.405+0000] {logging_mixin.py:117} INFO - [2022-09-22T03:49:51.405+0000] {dag.py:2573} INFO - Sync 1 DAGs
[2022-09-22T03:49:51.429+0000] {logging_mixin.py:117} INFO - [2022-09-22T03:49:51.429+0000] {dag.py:3328} INFO - Setting next_dagrun for example_skip_dag to 2022-09-21T03:49:51.429503+00:00, run_after=2022-09-22T03:49:51.429503+00:00
[2022-09-22T03:49:51.445+0000] {processor.py:178} INFO - Processing /home/airflow/.local/lib/python3.7/site-packages/airflow/example_dags/example_skip_dag.py took 0.092 seconds
[2022-09-22T03:50:21.954+0000] {processor.py:156} INFO - Started process (PID=305) to work on /home/airflow/.local/lib/python3.7/site-packages/airflow/example_dags/example_skip_dag.py
[2022-09-22T03:50:21.954+0000] {processor.py:758} INFO - Processing file /home/airflow/.local/lib/python3.7/site-packages/airflow/example_dags/example_skip_dag.py for tasks to queue
[2022-09-22T03:50:21.955+0000] {logging_mixin.py:117} INFO - [2022-09-22T03:50:21.955+0000] {dagbag.py:525} INFO - Filling up the DagBag from /home/airflow/.local/lib/python3.7/site-packages/airflow/example_dags/example_skip_dag.py
[2022-09-22T03:50:21.967+0000] {processor.py:768} INFO - DAG(s) dict_keys(['example_skip_dag']) retrieved from /home/airflow/.local/lib/python3.7/site-packages/airflow/example_dags/example_skip_dag.py
[2022-09-22T03:50:22.000+0000] {logging_mixin.py:117} INFO - [2022-09-22T03:50:22.000+0000] {dag.py:2573} INFO - Sync 1 DAGs
[2022-09-22T03:50:22.022+0000] {logging_mixin.py:117} INFO - [2022-09-22T03:50:22.022+0000] {dag.py:3328} INFO - Setting next_dagrun for example_skip_dag to 2022-09-21T03:50:22.022070+00:00, run_after=2022-09-22T03:50:22.022070+00:00
[2022-09-22T03:50:22.036+0000] {processor.py:178} INFO - Processing /home/airflow/.local/lib/python3.7/site-packages/airflow/example_dags/example_skip_dag.py took 0.084 seconds
[2022-09-22T03:50:52.523+0000] {processor.py:156} INFO - Started process (PID=368) to work on /home/airflow/.local/lib/python3.7/site-packages/airflow/example_dags/example_skip_dag.py
[2022-09-22T03:50:52.524+0000] {processor.py:758} INFO - Processing file /home/airflow/.local/lib/python3.7/site-packages/airflow/example_dags/example_skip_dag.py for tasks to queue
[2022-09-22T03:50:52.524+0000] {logging_mixin.py:117} INFO - [2022-09-22T03:50:52.524+0000] {dagbag.py:525} INFO - Filling up the DagBag from /home/airflow/.local/lib/python3.7/site-packages/airflow/example_dags/example_skip_dag.py
[2022-09-22T03:50:52.537+0000] {processor.py:768} INFO - DAG(s) dict_keys(['example_skip_dag']) retrieved from /home/airflow/.local/lib/python3.7/site-packages/airflow/example_dags/example_skip_dag.py
[2022-09-22T03:50:52.571+0000] {logging_mixin.py:117} INFO - [2022-09-22T03:50:52.571+0000] {dag.py:2573} INFO - Sync 1 DAGs
[2022-09-22T03:50:52.595+0000] {logging_mixin.py:117} INFO - [2022-09-22T03:50:52.595+0000] {dag.py:3328} INFO - Setting next_dagrun for example_skip_dag to 2022-09-21T03:50:52.595106+00:00, run_after=2022-09-22T03:50:52.595106+00:00
[2022-09-22T03:50:52.611+0000] {processor.py:178} INFO - Processing /home/airflow/.local/lib/python3.7/site-packages/airflow/example_dags/example_skip_dag.py took 0.090 seconds
[2022-09-22T03:51:23.144+0000] {processor.py:156} INFO - Started process (PID=432) to work on /home/airflow/.local/lib/python3.7/site-packages/airflow/example_dags/example_skip_dag.py
[2022-09-22T03:51:23.145+0000] {processor.py:758} INFO - Processing file /home/airflow/.local/lib/python3.7/site-packages/airflow/example_dags/example_skip_dag.py for tasks to queue
[2022-09-22T03:51:23.146+0000] {logging_mixin.py:117} INFO - [2022-09-22T03:51:23.145+0000] {dagbag.py:525} INFO - Filling up the DagBag from /home/airflow/.local/lib/python3.7/site-packages/airflow/example_dags/example_skip_dag.py
[2022-09-22T03:51:23.160+0000] {processor.py:768} INFO - DAG(s) dict_keys(['example_skip_dag']) retrieved from /home/airflow/.local/lib/python3.7/site-packages/airflow/example_dags/example_skip_dag.py
[2022-09-22T03:51:23.203+0000] {logging_mixin.py:117} INFO - [2022-09-22T03:51:23.202+0000] {dag.py:2573} INFO - Sync 1 DAGs
[2022-09-22T03:51:23.228+0000] {logging_mixin.py:117} INFO - [2022-09-22T03:51:23.228+0000] {dag.py:3328} INFO - Setting next_dagrun for example_skip_dag to 2022-09-21T03:51:23.228031+00:00, run_after=2022-09-22T03:51:23.228031+00:00
[2022-09-22T03:51:23.247+0000] {processor.py:178} INFO - Processing /home/airflow/.local/lib/python3.7/site-packages/airflow/example_dags/example_skip_dag.py took 0.105 seconds
[2022-09-22T03:51:53.476+0000] {processor.py:156} INFO - Started process (PID=496) to work on /home/airflow/.local/lib/python3.7/site-packages/airflow/example_dags/example_skip_dag.py
[2022-09-22T03:51:53.477+0000] {processor.py:758} INFO - Processing file /home/airflow/.local/lib/python3.7/site-packages/airflow/example_dags/example_skip_dag.py for tasks to queue
[2022-09-22T03:51:53.478+0000] {logging_mixin.py:117} INFO - [2022-09-22T03:51:53.477+0000] {dagbag.py:525} INFO - Filling up the DagBag from /home/airflow/.local/lib/python3.7/site-packages/airflow/example_dags/example_skip_dag.py
[2022-09-22T03:51:53.491+0000] {processor.py:768} INFO - DAG(s) dict_keys(['example_skip_dag']) retrieved from /home/airflow/.local/lib/python3.7/site-packages/airflow/example_dags/example_skip_dag.py
[2022-09-22T03:51:53.528+0000] {logging_mixin.py:117} INFO - [2022-09-22T03:51:53.528+0000] {dag.py:2573} INFO - Sync 1 DAGs
[2022-09-22T03:51:53.555+0000] {logging_mixin.py:117} INFO - [2022-09-22T03:51:53.554+0000] {dag.py:3328} INFO - Setting next_dagrun for example_skip_dag to 2022-09-21T03:51:53.554787+00:00, run_after=2022-09-22T03:51:53.554787+00:00
[2022-09-22T03:51:53.572+0000] {processor.py:178} INFO - Processing /home/airflow/.local/lib/python3.7/site-packages/airflow/example_dags/example_skip_dag.py took 0.098 seconds
[2022-09-22T03:52:23.789+0000] {processor.py:156} INFO - Started process (PID=550) to work on /home/airflow/.local/lib/python3.7/site-packages/airflow/example_dags/example_skip_dag.py
[2022-09-22T03:52:23.790+0000] {processor.py:758} INFO - Processing file /home/airflow/.local/lib/python3.7/site-packages/airflow/example_dags/example_skip_dag.py for tasks to queue
[2022-09-22T03:52:23.790+0000] {logging_mixin.py:117} INFO - [2022-09-22T03:52:23.790+0000] {dagbag.py:525} INFO - Filling up the DagBag from /home/airflow/.local/lib/python3.7/site-packages/airflow/example_dags/example_skip_dag.py
[2022-09-22T03:52:23.803+0000] {processor.py:768} INFO - DAG(s) dict_keys(['example_skip_dag']) retrieved from /home/airflow/.local/lib/python3.7/site-packages/airflow/example_dags/example_skip_dag.py
[2022-09-22T03:52:23.839+0000] {logging_mixin.py:117} INFO - [2022-09-22T03:52:23.839+0000] {dag.py:2573} INFO - Sync 1 DAGs
[2022-09-22T03:52:23.863+0000] {logging_mixin.py:117} INFO - [2022-09-22T03:52:23.863+0000] {dag.py:3328} INFO - Setting next_dagrun for example_skip_dag to 2022-09-21T03:52:23.863642+00:00, run_after=2022-09-22T03:52:23.863642+00:00
[2022-09-22T03:52:23.879+0000] {processor.py:178} INFO - Processing /home/airflow/.local/lib/python3.7/site-packages/airflow/example_dags/example_skip_dag.py took 0.093 seconds
