[2022-09-22T03:48:20.216+0000] {processor.py:156} INFO - Started process (PID=75) to work on /home/airflow/.local/lib/python3.7/site-packages/airflow/example_dags/example_task_group.py
[2022-09-22T03:48:20.216+0000] {processor.py:758} INFO - Processing file /home/airflow/.local/lib/python3.7/site-packages/airflow/example_dags/example_task_group.py for tasks to queue
[2022-09-22T03:48:20.217+0000] {logging_mixin.py:117} INFO - [2022-09-22T03:48:20.217+0000] {dagbag.py:525} INFO - Filling up the DagBag from /home/airflow/.local/lib/python3.7/site-packages/airflow/example_dags/example_task_group.py
[2022-09-22T03:48:20.234+0000] {processor.py:768} INFO - DAG(s) dict_keys(['example_task_group']) retrieved from /home/airflow/.local/lib/python3.7/site-packages/airflow/example_dags/example_task_group.py
[2022-09-22T03:48:20.260+0000] {logging_mixin.py:117} INFO - [2022-09-22T03:48:20.260+0000] {dag.py:2573} INFO - Sync 1 DAGs
[2022-09-22T03:48:20.299+0000] {logging_mixin.py:117} INFO - [2022-09-22T03:48:20.299+0000] {dag.py:3328} INFO - Setting next_dagrun for example_task_group to 2022-09-21T03:48:20.299373+00:00, run_after=2022-09-22T03:48:20.299373+00:00
[2022-09-22T03:48:20.324+0000] {processor.py:178} INFO - Processing /home/airflow/.local/lib/python3.7/site-packages/airflow/example_dags/example_task_group.py took 0.111 seconds
[2022-09-22T03:48:50.849+0000] {processor.py:156} INFO - Started process (PID=130) to work on /home/airflow/.local/lib/python3.7/site-packages/airflow/example_dags/example_task_group.py
[2022-09-22T03:48:50.850+0000] {processor.py:758} INFO - Processing file /home/airflow/.local/lib/python3.7/site-packages/airflow/example_dags/example_task_group.py for tasks to queue
[2022-09-22T03:48:50.850+0000] {logging_mixin.py:117} INFO - [2022-09-22T03:48:50.850+0000] {dagbag.py:525} INFO - Filling up the DagBag from /home/airflow/.local/lib/python3.7/site-packages/airflow/example_dags/example_task_group.py
[2022-09-22T03:48:50.864+0000] {processor.py:768} INFO - DAG(s) dict_keys(['example_task_group']) retrieved from /home/airflow/.local/lib/python3.7/site-packages/airflow/example_dags/example_task_group.py
[2022-09-22T03:48:50.898+0000] {logging_mixin.py:117} INFO - [2022-09-22T03:48:50.898+0000] {dag.py:2573} INFO - Sync 1 DAGs
[2022-09-22T03:48:50.919+0000] {logging_mixin.py:117} INFO - [2022-09-22T03:48:50.919+0000] {dag.py:3328} INFO - Setting next_dagrun for example_task_group to 2022-09-21T03:48:50.919525+00:00, run_after=2022-09-22T03:48:50.919525+00:00
[2022-09-22T03:48:50.935+0000] {processor.py:178} INFO - Processing /home/airflow/.local/lib/python3.7/site-packages/airflow/example_dags/example_task_group.py took 0.089 seconds
[2022-09-22T03:49:21.269+0000] {processor.py:156} INFO - Started process (PID=194) to work on /home/airflow/.local/lib/python3.7/site-packages/airflow/example_dags/example_task_group.py
[2022-09-22T03:49:21.269+0000] {processor.py:758} INFO - Processing file /home/airflow/.local/lib/python3.7/site-packages/airflow/example_dags/example_task_group.py for tasks to queue
[2022-09-22T03:49:21.270+0000] {logging_mixin.py:117} INFO - [2022-09-22T03:49:21.270+0000] {dagbag.py:525} INFO - Filling up the DagBag from /home/airflow/.local/lib/python3.7/site-packages/airflow/example_dags/example_task_group.py
[2022-09-22T03:49:21.283+0000] {processor.py:768} INFO - DAG(s) dict_keys(['example_task_group']) retrieved from /home/airflow/.local/lib/python3.7/site-packages/airflow/example_dags/example_task_group.py
[2022-09-22T03:49:21.318+0000] {logging_mixin.py:117} INFO - [2022-09-22T03:49:21.318+0000] {dag.py:2573} INFO - Sync 1 DAGs
[2022-09-22T03:49:21.340+0000] {logging_mixin.py:117} INFO - [2022-09-22T03:49:21.340+0000] {dag.py:3328} INFO - Setting next_dagrun for example_task_group to 2022-09-21T03:49:21.340677+00:00, run_after=2022-09-22T03:49:21.340677+00:00
[2022-09-22T03:49:21.357+0000] {processor.py:178} INFO - Processing /home/airflow/.local/lib/python3.7/site-packages/airflow/example_dags/example_task_group.py took 0.092 seconds
[2022-09-22T03:49:51.795+0000] {processor.py:156} INFO - Started process (PID=257) to work on /home/airflow/.local/lib/python3.7/site-packages/airflow/example_dags/example_task_group.py
[2022-09-22T03:49:51.796+0000] {processor.py:758} INFO - Processing file /home/airflow/.local/lib/python3.7/site-packages/airflow/example_dags/example_task_group.py for tasks to queue
[2022-09-22T03:49:51.796+0000] {logging_mixin.py:117} INFO - [2022-09-22T03:49:51.796+0000] {dagbag.py:525} INFO - Filling up the DagBag from /home/airflow/.local/lib/python3.7/site-packages/airflow/example_dags/example_task_group.py
[2022-09-22T03:49:51.816+0000] {processor.py:768} INFO - DAG(s) dict_keys(['example_task_group']) retrieved from /home/airflow/.local/lib/python3.7/site-packages/airflow/example_dags/example_task_group.py
[2022-09-22T03:49:51.851+0000] {logging_mixin.py:117} INFO - [2022-09-22T03:49:51.851+0000] {dag.py:2573} INFO - Sync 1 DAGs
[2022-09-22T03:49:51.875+0000] {logging_mixin.py:117} INFO - [2022-09-22T03:49:51.875+0000] {dag.py:3328} INFO - Setting next_dagrun for example_task_group to 2022-09-21T03:49:51.875308+00:00, run_after=2022-09-22T03:49:51.875308+00:00
[2022-09-22T03:49:51.892+0000] {processor.py:178} INFO - Processing /home/airflow/.local/lib/python3.7/site-packages/airflow/example_dags/example_task_group.py took 0.099 seconds
[2022-09-22T03:50:22.367+0000] {processor.py:156} INFO - Started process (PID=318) to work on /home/airflow/.local/lib/python3.7/site-packages/airflow/example_dags/example_task_group.py
[2022-09-22T03:50:22.367+0000] {processor.py:758} INFO - Processing file /home/airflow/.local/lib/python3.7/site-packages/airflow/example_dags/example_task_group.py for tasks to queue
[2022-09-22T03:50:22.368+0000] {logging_mixin.py:117} INFO - [2022-09-22T03:50:22.368+0000] {dagbag.py:525} INFO - Filling up the DagBag from /home/airflow/.local/lib/python3.7/site-packages/airflow/example_dags/example_task_group.py
[2022-09-22T03:50:22.382+0000] {processor.py:768} INFO - DAG(s) dict_keys(['example_task_group']) retrieved from /home/airflow/.local/lib/python3.7/site-packages/airflow/example_dags/example_task_group.py
[2022-09-22T03:50:22.418+0000] {logging_mixin.py:117} INFO - [2022-09-22T03:50:22.418+0000] {dag.py:2573} INFO - Sync 1 DAGs
[2022-09-22T03:50:22.442+0000] {logging_mixin.py:117} INFO - [2022-09-22T03:50:22.441+0000] {dag.py:3328} INFO - Setting next_dagrun for example_task_group to 2022-09-21T03:50:22.441719+00:00, run_after=2022-09-22T03:50:22.441719+00:00
[2022-09-22T03:50:22.458+0000] {processor.py:178} INFO - Processing /home/airflow/.local/lib/python3.7/site-packages/airflow/example_dags/example_task_group.py took 0.094 seconds
[2022-09-22T03:50:52.853+0000] {processor.py:156} INFO - Started process (PID=374) to work on /home/airflow/.local/lib/python3.7/site-packages/airflow/example_dags/example_task_group.py
[2022-09-22T03:50:52.854+0000] {processor.py:758} INFO - Processing file /home/airflow/.local/lib/python3.7/site-packages/airflow/example_dags/example_task_group.py for tasks to queue
[2022-09-22T03:50:52.854+0000] {logging_mixin.py:117} INFO - [2022-09-22T03:50:52.854+0000] {dagbag.py:525} INFO - Filling up the DagBag from /home/airflow/.local/lib/python3.7/site-packages/airflow/example_dags/example_task_group.py
[2022-09-22T03:50:52.867+0000] {processor.py:768} INFO - DAG(s) dict_keys(['example_task_group']) retrieved from /home/airflow/.local/lib/python3.7/site-packages/airflow/example_dags/example_task_group.py
[2022-09-22T03:50:52.902+0000] {logging_mixin.py:117} INFO - [2022-09-22T03:50:52.902+0000] {dag.py:2573} INFO - Sync 1 DAGs
[2022-09-22T03:50:52.924+0000] {logging_mixin.py:117} INFO - [2022-09-22T03:50:52.924+0000] {dag.py:3328} INFO - Setting next_dagrun for example_task_group to 2022-09-21T03:50:52.924418+00:00, run_after=2022-09-22T03:50:52.924418+00:00
[2022-09-22T03:50:52.939+0000] {processor.py:178} INFO - Processing /home/airflow/.local/lib/python3.7/site-packages/airflow/example_dags/example_task_group.py took 0.088 seconds
[2022-09-22T03:51:23.584+0000] {processor.py:156} INFO - Started process (PID=438) to work on /home/airflow/.local/lib/python3.7/site-packages/airflow/example_dags/example_task_group.py
[2022-09-22T03:51:23.585+0000] {processor.py:758} INFO - Processing file /home/airflow/.local/lib/python3.7/site-packages/airflow/example_dags/example_task_group.py for tasks to queue
[2022-09-22T03:51:23.586+0000] {logging_mixin.py:117} INFO - [2022-09-22T03:51:23.586+0000] {dagbag.py:525} INFO - Filling up the DagBag from /home/airflow/.local/lib/python3.7/site-packages/airflow/example_dags/example_task_group.py
[2022-09-22T03:51:23.606+0000] {processor.py:768} INFO - DAG(s) dict_keys(['example_task_group']) retrieved from /home/airflow/.local/lib/python3.7/site-packages/airflow/example_dags/example_task_group.py
[2022-09-22T03:51:23.656+0000] {logging_mixin.py:117} INFO - [2022-09-22T03:51:23.656+0000] {dag.py:2573} INFO - Sync 1 DAGs
[2022-09-22T03:51:23.690+0000] {logging_mixin.py:117} INFO - [2022-09-22T03:51:23.690+0000] {dag.py:3328} INFO - Setting next_dagrun for example_task_group to 2022-09-21T03:51:23.689777+00:00, run_after=2022-09-22T03:51:23.689777+00:00
[2022-09-22T03:51:23.714+0000] {processor.py:178} INFO - Processing /home/airflow/.local/lib/python3.7/site-packages/airflow/example_dags/example_task_group.py took 0.133 seconds
[2022-09-22T03:51:53.842+0000] {processor.py:156} INFO - Started process (PID=502) to work on /home/airflow/.local/lib/python3.7/site-packages/airflow/example_dags/example_task_group.py
[2022-09-22T03:51:53.843+0000] {processor.py:758} INFO - Processing file /home/airflow/.local/lib/python3.7/site-packages/airflow/example_dags/example_task_group.py for tasks to queue
[2022-09-22T03:51:53.843+0000] {logging_mixin.py:117} INFO - [2022-09-22T03:51:53.843+0000] {dagbag.py:525} INFO - Filling up the DagBag from /home/airflow/.local/lib/python3.7/site-packages/airflow/example_dags/example_task_group.py
[2022-09-22T03:51:53.858+0000] {processor.py:768} INFO - DAG(s) dict_keys(['example_task_group']) retrieved from /home/airflow/.local/lib/python3.7/site-packages/airflow/example_dags/example_task_group.py
[2022-09-22T03:51:53.906+0000] {logging_mixin.py:117} INFO - [2022-09-22T03:51:53.906+0000] {dag.py:2573} INFO - Sync 1 DAGs
[2022-09-22T03:51:53.933+0000] {logging_mixin.py:117} INFO - [2022-09-22T03:51:53.933+0000] {dag.py:3328} INFO - Setting next_dagrun for example_task_group to 2022-09-21T03:51:53.932887+00:00, run_after=2022-09-22T03:51:53.932887+00:00
[2022-09-22T03:51:53.953+0000] {processor.py:178} INFO - Processing /home/airflow/.local/lib/python3.7/site-packages/airflow/example_dags/example_task_group.py took 0.114 seconds
[2022-09-22T03:52:24.103+0000] {processor.py:156} INFO - Started process (PID=555) to work on /home/airflow/.local/lib/python3.7/site-packages/airflow/example_dags/example_task_group.py
[2022-09-22T03:52:24.103+0000] {processor.py:758} INFO - Processing file /home/airflow/.local/lib/python3.7/site-packages/airflow/example_dags/example_task_group.py for tasks to queue
[2022-09-22T03:52:24.104+0000] {logging_mixin.py:117} INFO - [2022-09-22T03:52:24.104+0000] {dagbag.py:525} INFO - Filling up the DagBag from /home/airflow/.local/lib/python3.7/site-packages/airflow/example_dags/example_task_group.py
[2022-09-22T03:52:24.118+0000] {processor.py:768} INFO - DAG(s) dict_keys(['example_task_group']) retrieved from /home/airflow/.local/lib/python3.7/site-packages/airflow/example_dags/example_task_group.py
[2022-09-22T03:52:24.153+0000] {logging_mixin.py:117} INFO - [2022-09-22T03:52:24.153+0000] {dag.py:2573} INFO - Sync 1 DAGs
[2022-09-22T03:52:24.177+0000] {logging_mixin.py:117} INFO - [2022-09-22T03:52:24.177+0000] {dag.py:3328} INFO - Setting next_dagrun for example_task_group to 2022-09-21T03:52:24.177056+00:00, run_after=2022-09-22T03:52:24.177056+00:00
[2022-09-22T03:52:24.194+0000] {processor.py:178} INFO - Processing /home/airflow/.local/lib/python3.7/site-packages/airflow/example_dags/example_task_group.py took 0.093 seconds
