[2022-09-22T03:48:20.935+0000] {processor.py:156} INFO - Started process (PID=85) to work on /home/airflow/.local/lib/python3.7/site-packages/airflow/example_dags/example_external_task_marker_dag.py
[2022-09-22T03:48:20.935+0000] {processor.py:758} INFO - Processing file /home/airflow/.local/lib/python3.7/site-packages/airflow/example_dags/example_external_task_marker_dag.py for tasks to queue
[2022-09-22T03:48:20.936+0000] {logging_mixin.py:117} INFO - [2022-09-22T03:48:20.936+0000] {dagbag.py:525} INFO - Filling up the DagBag from /home/airflow/.local/lib/python3.7/site-packages/airflow/example_dags/example_external_task_marker_dag.py
[2022-09-22T03:48:20.957+0000] {processor.py:768} INFO - DAG(s) dict_keys(['example_external_task_marker_parent', 'example_external_task_marker_child']) retrieved from /home/airflow/.local/lib/python3.7/site-packages/airflow/example_dags/example_external_task_marker_dag.py
[2022-09-22T03:48:20.988+0000] {logging_mixin.py:117} INFO - [2022-09-22T03:48:20.988+0000] {dag.py:2573} INFO - Sync 2 DAGs
[2022-09-22T03:48:21.022+0000] {logging_mixin.py:117} INFO - [2022-09-22T03:48:21.022+0000] {dag.py:3328} INFO - Setting next_dagrun for example_external_task_marker_child to None, run_after=None
[2022-09-22T03:48:21.026+0000] {logging_mixin.py:117} INFO - [2022-09-22T03:48:21.026+0000] {dag.py:3328} INFO - Setting next_dagrun for example_external_task_marker_parent to None, run_after=None
[2022-09-22T03:48:21.046+0000] {processor.py:178} INFO - Processing /home/airflow/.local/lib/python3.7/site-packages/airflow/example_dags/example_external_task_marker_dag.py took 0.115 seconds
[2022-09-22T03:48:51.392+0000] {processor.py:156} INFO - Started process (PID=140) to work on /home/airflow/.local/lib/python3.7/site-packages/airflow/example_dags/example_external_task_marker_dag.py
[2022-09-22T03:48:51.392+0000] {processor.py:758} INFO - Processing file /home/airflow/.local/lib/python3.7/site-packages/airflow/example_dags/example_external_task_marker_dag.py for tasks to queue
[2022-09-22T03:48:51.393+0000] {logging_mixin.py:117} INFO - [2022-09-22T03:48:51.392+0000] {dagbag.py:525} INFO - Filling up the DagBag from /home/airflow/.local/lib/python3.7/site-packages/airflow/example_dags/example_external_task_marker_dag.py
[2022-09-22T03:48:51.405+0000] {processor.py:768} INFO - DAG(s) dict_keys(['example_external_task_marker_parent', 'example_external_task_marker_child']) retrieved from /home/airflow/.local/lib/python3.7/site-packages/airflow/example_dags/example_external_task_marker_dag.py
[2022-09-22T03:48:51.646+0000] {logging_mixin.py:117} INFO - [2022-09-22T03:48:51.646+0000] {dag.py:2573} INFO - Sync 2 DAGs
[2022-09-22T03:48:51.667+0000] {logging_mixin.py:117} INFO - [2022-09-22T03:48:51.666+0000] {dag.py:3328} INFO - Setting next_dagrun for example_external_task_marker_child to None, run_after=None
[2022-09-22T03:48:51.670+0000] {logging_mixin.py:117} INFO - [2022-09-22T03:48:51.670+0000] {dag.py:3328} INFO - Setting next_dagrun for example_external_task_marker_parent to None, run_after=None
[2022-09-22T03:48:51.684+0000] {processor.py:178} INFO - Processing /home/airflow/.local/lib/python3.7/site-packages/airflow/example_dags/example_external_task_marker_dag.py took 0.295 seconds
[2022-09-22T03:49:21.949+0000] {processor.py:156} INFO - Started process (PID=206) to work on /home/airflow/.local/lib/python3.7/site-packages/airflow/example_dags/example_external_task_marker_dag.py
[2022-09-22T03:49:21.949+0000] {processor.py:758} INFO - Processing file /home/airflow/.local/lib/python3.7/site-packages/airflow/example_dags/example_external_task_marker_dag.py for tasks to queue
[2022-09-22T03:49:21.950+0000] {logging_mixin.py:117} INFO - [2022-09-22T03:49:21.950+0000] {dagbag.py:525} INFO - Filling up the DagBag from /home/airflow/.local/lib/python3.7/site-packages/airflow/example_dags/example_external_task_marker_dag.py
[2022-09-22T03:49:21.962+0000] {processor.py:768} INFO - DAG(s) dict_keys(['example_external_task_marker_parent', 'example_external_task_marker_child']) retrieved from /home/airflow/.local/lib/python3.7/site-packages/airflow/example_dags/example_external_task_marker_dag.py
[2022-09-22T03:49:22.160+0000] {logging_mixin.py:117} INFO - [2022-09-22T03:49:22.160+0000] {dag.py:2573} INFO - Sync 2 DAGs
[2022-09-22T03:49:22.182+0000] {logging_mixin.py:117} INFO - [2022-09-22T03:49:22.182+0000] {dag.py:3328} INFO - Setting next_dagrun for example_external_task_marker_child to None, run_after=None
[2022-09-22T03:49:22.185+0000] {logging_mixin.py:117} INFO - [2022-09-22T03:49:22.185+0000] {dag.py:3328} INFO - Setting next_dagrun for example_external_task_marker_parent to None, run_after=None
[2022-09-22T03:49:22.198+0000] {processor.py:178} INFO - Processing /home/airflow/.local/lib/python3.7/site-packages/airflow/example_dags/example_external_task_marker_dag.py took 0.251 seconds
[2022-09-22T03:49:52.528+0000] {processor.py:156} INFO - Started process (PID=267) to work on /home/airflow/.local/lib/python3.7/site-packages/airflow/example_dags/example_external_task_marker_dag.py
[2022-09-22T03:49:52.529+0000] {processor.py:758} INFO - Processing file /home/airflow/.local/lib/python3.7/site-packages/airflow/example_dags/example_external_task_marker_dag.py for tasks to queue
[2022-09-22T03:49:52.529+0000] {logging_mixin.py:117} INFO - [2022-09-22T03:49:52.529+0000] {dagbag.py:525} INFO - Filling up the DagBag from /home/airflow/.local/lib/python3.7/site-packages/airflow/example_dags/example_external_task_marker_dag.py
[2022-09-22T03:49:52.542+0000] {processor.py:768} INFO - DAG(s) dict_keys(['example_external_task_marker_child', 'example_external_task_marker_parent']) retrieved from /home/airflow/.local/lib/python3.7/site-packages/airflow/example_dags/example_external_task_marker_dag.py
[2022-09-22T03:49:52.753+0000] {logging_mixin.py:117} INFO - [2022-09-22T03:49:52.753+0000] {dag.py:2573} INFO - Sync 2 DAGs
[2022-09-22T03:49:52.774+0000] {logging_mixin.py:117} INFO - [2022-09-22T03:49:52.774+0000] {dag.py:3328} INFO - Setting next_dagrun for example_external_task_marker_child to None, run_after=None
[2022-09-22T03:49:52.777+0000] {logging_mixin.py:117} INFO - [2022-09-22T03:49:52.777+0000] {dag.py:3328} INFO - Setting next_dagrun for example_external_task_marker_parent to None, run_after=None
[2022-09-22T03:49:52.789+0000] {processor.py:178} INFO - Processing /home/airflow/.local/lib/python3.7/site-packages/airflow/example_dags/example_external_task_marker_dag.py took 0.263 seconds
[2022-09-22T03:50:23.210+0000] {processor.py:156} INFO - Started process (PID=332) to work on /home/airflow/.local/lib/python3.7/site-packages/airflow/example_dags/example_external_task_marker_dag.py
[2022-09-22T03:50:23.211+0000] {processor.py:758} INFO - Processing file /home/airflow/.local/lib/python3.7/site-packages/airflow/example_dags/example_external_task_marker_dag.py for tasks to queue
[2022-09-22T03:50:23.211+0000] {logging_mixin.py:117} INFO - [2022-09-22T03:50:23.211+0000] {dagbag.py:525} INFO - Filling up the DagBag from /home/airflow/.local/lib/python3.7/site-packages/airflow/example_dags/example_external_task_marker_dag.py
[2022-09-22T03:50:23.227+0000] {processor.py:768} INFO - DAG(s) dict_keys(['example_external_task_marker_child', 'example_external_task_marker_parent']) retrieved from /home/airflow/.local/lib/python3.7/site-packages/airflow/example_dags/example_external_task_marker_dag.py
[2022-09-22T03:50:23.458+0000] {logging_mixin.py:117} INFO - [2022-09-22T03:50:23.458+0000] {dag.py:2573} INFO - Sync 2 DAGs
[2022-09-22T03:50:23.485+0000] {logging_mixin.py:117} INFO - [2022-09-22T03:50:23.485+0000] {dag.py:3328} INFO - Setting next_dagrun for example_external_task_marker_child to None, run_after=None
[2022-09-22T03:50:23.489+0000] {logging_mixin.py:117} INFO - [2022-09-22T03:50:23.489+0000] {dag.py:3328} INFO - Setting next_dagrun for example_external_task_marker_parent to None, run_after=None
[2022-09-22T03:50:23.505+0000] {processor.py:178} INFO - Processing /home/airflow/.local/lib/python3.7/site-packages/airflow/example_dags/example_external_task_marker_dag.py took 0.298 seconds
[2022-09-22T03:50:53.611+0000] {processor.py:156} INFO - Started process (PID=386) to work on /home/airflow/.local/lib/python3.7/site-packages/airflow/example_dags/example_external_task_marker_dag.py
[2022-09-22T03:50:53.611+0000] {processor.py:758} INFO - Processing file /home/airflow/.local/lib/python3.7/site-packages/airflow/example_dags/example_external_task_marker_dag.py for tasks to queue
[2022-09-22T03:50:53.612+0000] {logging_mixin.py:117} INFO - [2022-09-22T03:50:53.612+0000] {dagbag.py:525} INFO - Filling up the DagBag from /home/airflow/.local/lib/python3.7/site-packages/airflow/example_dags/example_external_task_marker_dag.py
[2022-09-22T03:50:53.626+0000] {processor.py:768} INFO - DAG(s) dict_keys(['example_external_task_marker_parent', 'example_external_task_marker_child']) retrieved from /home/airflow/.local/lib/python3.7/site-packages/airflow/example_dags/example_external_task_marker_dag.py
[2022-09-22T03:50:53.845+0000] {logging_mixin.py:117} INFO - [2022-09-22T03:50:53.845+0000] {dag.py:2573} INFO - Sync 2 DAGs
[2022-09-22T03:50:53.868+0000] {logging_mixin.py:117} INFO - [2022-09-22T03:50:53.868+0000] {dag.py:3328} INFO - Setting next_dagrun for example_external_task_marker_child to None, run_after=None
[2022-09-22T03:50:53.871+0000] {logging_mixin.py:117} INFO - [2022-09-22T03:50:53.871+0000] {dag.py:3328} INFO - Setting next_dagrun for example_external_task_marker_parent to None, run_after=None
[2022-09-22T03:50:53.884+0000] {processor.py:178} INFO - Processing /home/airflow/.local/lib/python3.7/site-packages/airflow/example_dags/example_external_task_marker_dag.py took 0.276 seconds
[2022-09-22T03:51:24.524+0000] {processor.py:156} INFO - Started process (PID=450) to work on /home/airflow/.local/lib/python3.7/site-packages/airflow/example_dags/example_external_task_marker_dag.py
[2022-09-22T03:51:24.524+0000] {processor.py:758} INFO - Processing file /home/airflow/.local/lib/python3.7/site-packages/airflow/example_dags/example_external_task_marker_dag.py for tasks to queue
[2022-09-22T03:51:24.525+0000] {logging_mixin.py:117} INFO - [2022-09-22T03:51:24.525+0000] {dagbag.py:525} INFO - Filling up the DagBag from /home/airflow/.local/lib/python3.7/site-packages/airflow/example_dags/example_external_task_marker_dag.py
[2022-09-22T03:51:24.542+0000] {processor.py:768} INFO - DAG(s) dict_keys(['example_external_task_marker_child', 'example_external_task_marker_parent']) retrieved from /home/airflow/.local/lib/python3.7/site-packages/airflow/example_dags/example_external_task_marker_dag.py
[2022-09-22T03:51:24.775+0000] {logging_mixin.py:117} INFO - [2022-09-22T03:51:24.775+0000] {dag.py:2573} INFO - Sync 2 DAGs
[2022-09-22T03:51:24.799+0000] {logging_mixin.py:117} INFO - [2022-09-22T03:51:24.799+0000] {dag.py:3328} INFO - Setting next_dagrun for example_external_task_marker_child to None, run_after=None
[2022-09-22T03:51:24.802+0000] {logging_mixin.py:117} INFO - [2022-09-22T03:51:24.802+0000] {dag.py:3328} INFO - Setting next_dagrun for example_external_task_marker_parent to None, run_after=None
[2022-09-22T03:51:24.816+0000] {processor.py:178} INFO - Processing /home/airflow/.local/lib/python3.7/site-packages/airflow/example_dags/example_external_task_marker_dag.py took 0.296 seconds
[2022-09-22T03:51:54.868+0000] {processor.py:156} INFO - Started process (PID=514) to work on /home/airflow/.local/lib/python3.7/site-packages/airflow/example_dags/example_external_task_marker_dag.py
[2022-09-22T03:51:54.868+0000] {processor.py:758} INFO - Processing file /home/airflow/.local/lib/python3.7/site-packages/airflow/example_dags/example_external_task_marker_dag.py for tasks to queue
[2022-09-22T03:51:54.869+0000] {logging_mixin.py:117} INFO - [2022-09-22T03:51:54.869+0000] {dagbag.py:525} INFO - Filling up the DagBag from /home/airflow/.local/lib/python3.7/site-packages/airflow/example_dags/example_external_task_marker_dag.py
[2022-09-22T03:51:54.886+0000] {processor.py:768} INFO - DAG(s) dict_keys(['example_external_task_marker_child', 'example_external_task_marker_parent']) retrieved from /home/airflow/.local/lib/python3.7/site-packages/airflow/example_dags/example_external_task_marker_dag.py
[2022-09-22T03:51:55.205+0000] {logging_mixin.py:117} INFO - [2022-09-22T03:51:55.204+0000] {dag.py:2573} INFO - Sync 2 DAGs
[2022-09-22T03:51:55.235+0000] {logging_mixin.py:117} INFO - [2022-09-22T03:51:55.235+0000] {dag.py:3328} INFO - Setting next_dagrun for example_external_task_marker_child to None, run_after=None
[2022-09-22T03:51:55.239+0000] {logging_mixin.py:117} INFO - [2022-09-22T03:51:55.239+0000] {dag.py:3328} INFO - Setting next_dagrun for example_external_task_marker_parent to None, run_after=None
[2022-09-22T03:51:55.258+0000] {processor.py:178} INFO - Processing /home/airflow/.local/lib/python3.7/site-packages/airflow/example_dags/example_external_task_marker_dag.py took 0.394 seconds
[2022-09-22T03:52:26.069+0000] {processor.py:156} INFO - Started process (PID=568) to work on /home/airflow/.local/lib/python3.7/site-packages/airflow/example_dags/example_external_task_marker_dag.py
[2022-09-22T03:52:26.071+0000] {processor.py:758} INFO - Processing file /home/airflow/.local/lib/python3.7/site-packages/airflow/example_dags/example_external_task_marker_dag.py for tasks to queue
[2022-09-22T03:52:26.073+0000] {logging_mixin.py:117} INFO - [2022-09-22T03:52:26.072+0000] {dagbag.py:525} INFO - Filling up the DagBag from /home/airflow/.local/lib/python3.7/site-packages/airflow/example_dags/example_external_task_marker_dag.py
[2022-09-22T03:52:26.087+0000] {processor.py:768} INFO - DAG(s) dict_keys(['example_external_task_marker_child', 'example_external_task_marker_parent']) retrieved from /home/airflow/.local/lib/python3.7/site-packages/airflow/example_dags/example_external_task_marker_dag.py
[2022-09-22T03:52:26.306+0000] {logging_mixin.py:117} INFO - [2022-09-22T03:52:26.306+0000] {dag.py:2573} INFO - Sync 2 DAGs
[2022-09-22T03:52:26.328+0000] {logging_mixin.py:117} INFO - [2022-09-22T03:52:26.328+0000] {dag.py:3328} INFO - Setting next_dagrun for example_external_task_marker_child to None, run_after=None
[2022-09-22T03:52:26.331+0000] {logging_mixin.py:117} INFO - [2022-09-22T03:52:26.331+0000] {dag.py:3328} INFO - Setting next_dagrun for example_external_task_marker_parent to None, run_after=None
[2022-09-22T03:52:26.345+0000] {processor.py:178} INFO - Processing /home/airflow/.local/lib/python3.7/site-packages/airflow/example_dags/example_external_task_marker_dag.py took 0.287 seconds
