[2022-09-22T03:48:20.798+0000] {processor.py:156} INFO - Started process (PID=83) to work on /home/airflow/.local/lib/python3.7/site-packages/airflow/example_dags/example_short_circuit_operator.py
[2022-09-22T03:48:20.798+0000] {processor.py:758} INFO - Processing file /home/airflow/.local/lib/python3.7/site-packages/airflow/example_dags/example_short_circuit_operator.py for tasks to queue
[2022-09-22T03:48:20.799+0000] {logging_mixin.py:117} INFO - [2022-09-22T03:48:20.799+0000] {dagbag.py:525} INFO - Filling up the DagBag from /home/airflow/.local/lib/python3.7/site-packages/airflow/example_dags/example_short_circuit_operator.py
[2022-09-22T03:48:20.820+0000] {processor.py:768} INFO - DAG(s) dict_keys(['example_short_circuit_operator']) retrieved from /home/airflow/.local/lib/python3.7/site-packages/airflow/example_dags/example_short_circuit_operator.py
[2022-09-22T03:48:20.849+0000] {logging_mixin.py:117} INFO - [2022-09-22T03:48:20.849+0000] {dag.py:2573} INFO - Sync 1 DAGs
[2022-09-22T03:48:20.883+0000] {logging_mixin.py:117} INFO - [2022-09-22T03:48:20.883+0000] {dag.py:3328} INFO - Setting next_dagrun for example_short_circuit_operator to 2022-09-21T03:48:20.882940+00:00, run_after=2022-09-22T03:48:20.882940+00:00
[2022-09-22T03:48:20.905+0000] {processor.py:178} INFO - Processing /home/airflow/.local/lib/python3.7/site-packages/airflow/example_dags/example_short_circuit_operator.py took 0.111 seconds
[2022-09-22T03:48:51.290+0000] {processor.py:156} INFO - Started process (PID=138) to work on /home/airflow/.local/lib/python3.7/site-packages/airflow/example_dags/example_short_circuit_operator.py
[2022-09-22T03:48:51.291+0000] {processor.py:758} INFO - Processing file /home/airflow/.local/lib/python3.7/site-packages/airflow/example_dags/example_short_circuit_operator.py for tasks to queue
[2022-09-22T03:48:51.291+0000] {logging_mixin.py:117} INFO - [2022-09-22T03:48:51.291+0000] {dagbag.py:525} INFO - Filling up the DagBag from /home/airflow/.local/lib/python3.7/site-packages/airflow/example_dags/example_short_circuit_operator.py
[2022-09-22T03:48:51.305+0000] {processor.py:768} INFO - DAG(s) dict_keys(['example_short_circuit_operator']) retrieved from /home/airflow/.local/lib/python3.7/site-packages/airflow/example_dags/example_short_circuit_operator.py
[2022-09-22T03:48:51.339+0000] {logging_mixin.py:117} INFO - [2022-09-22T03:48:51.339+0000] {dag.py:2573} INFO - Sync 1 DAGs
[2022-09-22T03:48:51.361+0000] {logging_mixin.py:117} INFO - [2022-09-22T03:48:51.361+0000] {dag.py:3328} INFO - Setting next_dagrun for example_short_circuit_operator to 2022-09-21T03:48:51.361269+00:00, run_after=2022-09-22T03:48:51.361269+00:00
[2022-09-22T03:48:51.377+0000] {processor.py:178} INFO - Processing /home/airflow/.local/lib/python3.7/site-packages/airflow/example_dags/example_short_circuit_operator.py took 0.088 seconds
[2022-09-22T03:49:21.816+0000] {processor.py:156} INFO - Started process (PID=202) to work on /home/airflow/.local/lib/python3.7/site-packages/airflow/example_dags/example_short_circuit_operator.py
[2022-09-22T03:49:21.817+0000] {processor.py:758} INFO - Processing file /home/airflow/.local/lib/python3.7/site-packages/airflow/example_dags/example_short_circuit_operator.py for tasks to queue
[2022-09-22T03:49:21.818+0000] {logging_mixin.py:117} INFO - [2022-09-22T03:49:21.817+0000] {dagbag.py:525} INFO - Filling up the DagBag from /home/airflow/.local/lib/python3.7/site-packages/airflow/example_dags/example_short_circuit_operator.py
[2022-09-22T03:49:21.833+0000] {processor.py:768} INFO - DAG(s) dict_keys(['example_short_circuit_operator']) retrieved from /home/airflow/.local/lib/python3.7/site-packages/airflow/example_dags/example_short_circuit_operator.py
[2022-09-22T03:49:21.866+0000] {logging_mixin.py:117} INFO - [2022-09-22T03:49:21.866+0000] {dag.py:2573} INFO - Sync 1 DAGs
[2022-09-22T03:49:21.889+0000] {logging_mixin.py:117} INFO - [2022-09-22T03:49:21.888+0000] {dag.py:3328} INFO - Setting next_dagrun for example_short_circuit_operator to 2022-09-21T03:49:21.888573+00:00, run_after=2022-09-22T03:49:21.888573+00:00
[2022-09-22T03:49:21.905+0000] {processor.py:178} INFO - Processing /home/airflow/.local/lib/python3.7/site-packages/airflow/example_dags/example_short_circuit_operator.py took 0.091 seconds
[2022-09-22T03:49:52.426+0000] {processor.py:156} INFO - Started process (PID=265) to work on /home/airflow/.local/lib/python3.7/site-packages/airflow/example_dags/example_short_circuit_operator.py
[2022-09-22T03:49:52.427+0000] {processor.py:758} INFO - Processing file /home/airflow/.local/lib/python3.7/site-packages/airflow/example_dags/example_short_circuit_operator.py for tasks to queue
[2022-09-22T03:49:52.427+0000] {logging_mixin.py:117} INFO - [2022-09-22T03:49:52.427+0000] {dagbag.py:525} INFO - Filling up the DagBag from /home/airflow/.local/lib/python3.7/site-packages/airflow/example_dags/example_short_circuit_operator.py
[2022-09-22T03:49:52.441+0000] {processor.py:768} INFO - DAG(s) dict_keys(['example_short_circuit_operator']) retrieved from /home/airflow/.local/lib/python3.7/site-packages/airflow/example_dags/example_short_circuit_operator.py
[2022-09-22T03:49:52.475+0000] {logging_mixin.py:117} INFO - [2022-09-22T03:49:52.475+0000] {dag.py:2573} INFO - Sync 1 DAGs
[2022-09-22T03:49:52.498+0000] {logging_mixin.py:117} INFO - [2022-09-22T03:49:52.498+0000] {dag.py:3328} INFO - Setting next_dagrun for example_short_circuit_operator to 2022-09-21T03:49:52.497877+00:00, run_after=2022-09-22T03:49:52.497877+00:00
[2022-09-22T03:49:52.512+0000] {processor.py:178} INFO - Processing /home/airflow/.local/lib/python3.7/site-packages/airflow/example_dags/example_short_circuit_operator.py took 0.089 seconds
[2022-09-22T03:50:23.017+0000] {processor.py:156} INFO - Started process (PID=328) to work on /home/airflow/.local/lib/python3.7/site-packages/airflow/example_dags/example_short_circuit_operator.py
[2022-09-22T03:50:23.018+0000] {processor.py:758} INFO - Processing file /home/airflow/.local/lib/python3.7/site-packages/airflow/example_dags/example_short_circuit_operator.py for tasks to queue
[2022-09-22T03:50:23.018+0000] {logging_mixin.py:117} INFO - [2022-09-22T03:50:23.018+0000] {dagbag.py:525} INFO - Filling up the DagBag from /home/airflow/.local/lib/python3.7/site-packages/airflow/example_dags/example_short_circuit_operator.py
[2022-09-22T03:50:23.033+0000] {processor.py:768} INFO - DAG(s) dict_keys(['example_short_circuit_operator']) retrieved from /home/airflow/.local/lib/python3.7/site-packages/airflow/example_dags/example_short_circuit_operator.py
[2022-09-22T03:50:23.077+0000] {logging_mixin.py:117} INFO - [2022-09-22T03:50:23.077+0000] {dag.py:2573} INFO - Sync 1 DAGs
[2022-09-22T03:50:23.112+0000] {logging_mixin.py:117} INFO - [2022-09-22T03:50:23.112+0000] {dag.py:3328} INFO - Setting next_dagrun for example_short_circuit_operator to 2022-09-21T03:50:23.111842+00:00, run_after=2022-09-22T03:50:23.111842+00:00
[2022-09-22T03:50:23.131+0000] {processor.py:178} INFO - Processing /home/airflow/.local/lib/python3.7/site-packages/airflow/example_dags/example_short_circuit_operator.py took 0.116 seconds
[2022-09-22T03:50:53.444+0000] {processor.py:156} INFO - Started process (PID=382) to work on /home/airflow/.local/lib/python3.7/site-packages/airflow/example_dags/example_short_circuit_operator.py
[2022-09-22T03:50:53.445+0000] {processor.py:758} INFO - Processing file /home/airflow/.local/lib/python3.7/site-packages/airflow/example_dags/example_short_circuit_operator.py for tasks to queue
[2022-09-22T03:50:53.445+0000] {logging_mixin.py:117} INFO - [2022-09-22T03:50:53.445+0000] {dagbag.py:525} INFO - Filling up the DagBag from /home/airflow/.local/lib/python3.7/site-packages/airflow/example_dags/example_short_circuit_operator.py
[2022-09-22T03:50:53.461+0000] {processor.py:768} INFO - DAG(s) dict_keys(['example_short_circuit_operator']) retrieved from /home/airflow/.local/lib/python3.7/site-packages/airflow/example_dags/example_short_circuit_operator.py
[2022-09-22T03:50:53.501+0000] {logging_mixin.py:117} INFO - [2022-09-22T03:50:53.501+0000] {dag.py:2573} INFO - Sync 1 DAGs
[2022-09-22T03:50:53.536+0000] {logging_mixin.py:117} INFO - [2022-09-22T03:50:53.535+0000] {dag.py:3328} INFO - Setting next_dagrun for example_short_circuit_operator to 2022-09-21T03:50:53.535562+00:00, run_after=2022-09-22T03:50:53.535562+00:00
[2022-09-22T03:50:53.560+0000] {processor.py:178} INFO - Processing /home/airflow/.local/lib/python3.7/site-packages/airflow/example_dags/example_short_circuit_operator.py took 0.118 seconds
[2022-09-22T03:51:24.294+0000] {processor.py:156} INFO - Started process (PID=446) to work on /home/airflow/.local/lib/python3.7/site-packages/airflow/example_dags/example_short_circuit_operator.py
[2022-09-22T03:51:24.295+0000] {processor.py:758} INFO - Processing file /home/airflow/.local/lib/python3.7/site-packages/airflow/example_dags/example_short_circuit_operator.py for tasks to queue
[2022-09-22T03:51:24.296+0000] {logging_mixin.py:117} INFO - [2022-09-22T03:51:24.295+0000] {dagbag.py:525} INFO - Filling up the DagBag from /home/airflow/.local/lib/python3.7/site-packages/airflow/example_dags/example_short_circuit_operator.py
[2022-09-22T03:51:24.318+0000] {processor.py:768} INFO - DAG(s) dict_keys(['example_short_circuit_operator']) retrieved from /home/airflow/.local/lib/python3.7/site-packages/airflow/example_dags/example_short_circuit_operator.py
[2022-09-22T03:51:24.368+0000] {logging_mixin.py:117} INFO - [2022-09-22T03:51:24.368+0000] {dag.py:2573} INFO - Sync 1 DAGs
[2022-09-22T03:51:24.401+0000] {logging_mixin.py:117} INFO - [2022-09-22T03:51:24.400+0000] {dag.py:3328} INFO - Setting next_dagrun for example_short_circuit_operator to 2022-09-21T03:51:24.400646+00:00, run_after=2022-09-22T03:51:24.400646+00:00
[2022-09-22T03:51:24.424+0000] {processor.py:178} INFO - Processing /home/airflow/.local/lib/python3.7/site-packages/airflow/example_dags/example_short_circuit_operator.py took 0.133 seconds
[2022-09-22T03:51:54.606+0000] {processor.py:156} INFO - Started process (PID=510) to work on /home/airflow/.local/lib/python3.7/site-packages/airflow/example_dags/example_short_circuit_operator.py
[2022-09-22T03:51:54.607+0000] {processor.py:758} INFO - Processing file /home/airflow/.local/lib/python3.7/site-packages/airflow/example_dags/example_short_circuit_operator.py for tasks to queue
[2022-09-22T03:51:54.607+0000] {logging_mixin.py:117} INFO - [2022-09-22T03:51:54.607+0000] {dagbag.py:525} INFO - Filling up the DagBag from /home/airflow/.local/lib/python3.7/site-packages/airflow/example_dags/example_short_circuit_operator.py
[2022-09-22T03:51:54.628+0000] {processor.py:768} INFO - DAG(s) dict_keys(['example_short_circuit_operator']) retrieved from /home/airflow/.local/lib/python3.7/site-packages/airflow/example_dags/example_short_circuit_operator.py
[2022-09-22T03:51:54.678+0000] {logging_mixin.py:117} INFO - [2022-09-22T03:51:54.677+0000] {dag.py:2573} INFO - Sync 1 DAGs
[2022-09-22T03:51:54.711+0000] {logging_mixin.py:117} INFO - [2022-09-22T03:51:54.711+0000] {dag.py:3328} INFO - Setting next_dagrun for example_short_circuit_operator to 2022-09-21T03:51:54.711522+00:00, run_after=2022-09-22T03:51:54.711522+00:00
[2022-09-22T03:51:54.736+0000] {processor.py:178} INFO - Processing /home/airflow/.local/lib/python3.7/site-packages/airflow/example_dags/example_short_circuit_operator.py took 0.134 seconds
[2022-09-22T03:52:24.789+0000] {processor.py:156} INFO - Started process (PID=564) to work on /home/airflow/.local/lib/python3.7/site-packages/airflow/example_dags/example_short_circuit_operator.py
[2022-09-22T03:52:24.790+0000] {processor.py:758} INFO - Processing file /home/airflow/.local/lib/python3.7/site-packages/airflow/example_dags/example_short_circuit_operator.py for tasks to queue
[2022-09-22T03:52:24.790+0000] {logging_mixin.py:117} INFO - [2022-09-22T03:52:24.790+0000] {dagbag.py:525} INFO - Filling up the DagBag from /home/airflow/.local/lib/python3.7/site-packages/airflow/example_dags/example_short_circuit_operator.py
[2022-09-22T03:52:24.812+0000] {processor.py:768} INFO - DAG(s) dict_keys(['example_short_circuit_operator']) retrieved from /home/airflow/.local/lib/python3.7/site-packages/airflow/example_dags/example_short_circuit_operator.py
[2022-09-22T03:52:24.873+0000] {logging_mixin.py:117} INFO - [2022-09-22T03:52:24.873+0000] {dag.py:2573} INFO - Sync 1 DAGs
[2022-09-22T03:52:24.907+0000] {logging_mixin.py:117} INFO - [2022-09-22T03:52:24.907+0000] {dag.py:3328} INFO - Setting next_dagrun for example_short_circuit_operator to 2022-09-21T03:52:24.906803+00:00, run_after=2022-09-22T03:52:24.906803+00:00
[2022-09-22T03:52:24.934+0000] {processor.py:178} INFO - Processing /home/airflow/.local/lib/python3.7/site-packages/airflow/example_dags/example_short_circuit_operator.py took 0.149 seconds
