[2022-09-22T03:48:19.278+0000] {processor.py:156} INFO - Started process (PID=61) to work on /home/airflow/.local/lib/python3.7/site-packages/airflow/example_dags/example_nested_branch_dag.py
[2022-09-22T03:48:19.278+0000] {processor.py:758} INFO - Processing file /home/airflow/.local/lib/python3.7/site-packages/airflow/example_dags/example_nested_branch_dag.py for tasks to queue
[2022-09-22T03:48:19.279+0000] {logging_mixin.py:117} INFO - [2022-09-22T03:48:19.279+0000] {dagbag.py:525} INFO - Filling up the DagBag from /home/airflow/.local/lib/python3.7/site-packages/airflow/example_dags/example_nested_branch_dag.py
[2022-09-22T03:48:19.305+0000] {processor.py:768} INFO - DAG(s) dict_keys(['example_nested_branch_dag']) retrieved from /home/airflow/.local/lib/python3.7/site-packages/airflow/example_dags/example_nested_branch_dag.py
[2022-09-22T03:48:19.330+0000] {logging_mixin.py:117} INFO - [2022-09-22T03:48:19.330+0000] {dag.py:2573} INFO - Sync 1 DAGs
[2022-09-22T03:48:19.368+0000] {logging_mixin.py:117} INFO - [2022-09-22T03:48:19.368+0000] {dag.py:3328} INFO - Setting next_dagrun for example_nested_branch_dag to 2022-09-21T00:00:00+00:00, run_after=2022-09-22T00:00:00+00:00
[2022-09-22T03:48:19.398+0000] {processor.py:178} INFO - Processing /home/airflow/.local/lib/python3.7/site-packages/airflow/example_dags/example_nested_branch_dag.py took 0.122 seconds
[2022-09-22T03:48:49.946+0000] {processor.py:156} INFO - Started process (PID=116) to work on /home/airflow/.local/lib/python3.7/site-packages/airflow/example_dags/example_nested_branch_dag.py
[2022-09-22T03:48:49.946+0000] {processor.py:758} INFO - Processing file /home/airflow/.local/lib/python3.7/site-packages/airflow/example_dags/example_nested_branch_dag.py for tasks to queue
[2022-09-22T03:48:49.947+0000] {logging_mixin.py:117} INFO - [2022-09-22T03:48:49.947+0000] {dagbag.py:525} INFO - Filling up the DagBag from /home/airflow/.local/lib/python3.7/site-packages/airflow/example_dags/example_nested_branch_dag.py
[2022-09-22T03:48:49.968+0000] {processor.py:768} INFO - DAG(s) dict_keys(['example_nested_branch_dag']) retrieved from /home/airflow/.local/lib/python3.7/site-packages/airflow/example_dags/example_nested_branch_dag.py
[2022-09-22T03:48:50.001+0000] {logging_mixin.py:117} INFO - [2022-09-22T03:48:50.001+0000] {dag.py:2573} INFO - Sync 1 DAGs
[2022-09-22T03:48:50.025+0000] {logging_mixin.py:117} INFO - [2022-09-22T03:48:50.024+0000] {dag.py:3328} INFO - Setting next_dagrun for example_nested_branch_dag to 2022-09-21T00:00:00+00:00, run_after=2022-09-22T00:00:00+00:00
[2022-09-22T03:48:50.041+0000] {processor.py:178} INFO - Processing /home/airflow/.local/lib/python3.7/site-packages/airflow/example_dags/example_nested_branch_dag.py took 0.097 seconds
[2022-09-22T03:49:20.423+0000] {processor.py:156} INFO - Started process (PID=180) to work on /home/airflow/.local/lib/python3.7/site-packages/airflow/example_dags/example_nested_branch_dag.py
[2022-09-22T03:49:20.424+0000] {processor.py:758} INFO - Processing file /home/airflow/.local/lib/python3.7/site-packages/airflow/example_dags/example_nested_branch_dag.py for tasks to queue
[2022-09-22T03:49:20.424+0000] {logging_mixin.py:117} INFO - [2022-09-22T03:49:20.424+0000] {dagbag.py:525} INFO - Filling up the DagBag from /home/airflow/.local/lib/python3.7/site-packages/airflow/example_dags/example_nested_branch_dag.py
[2022-09-22T03:49:20.446+0000] {processor.py:768} INFO - DAG(s) dict_keys(['example_nested_branch_dag']) retrieved from /home/airflow/.local/lib/python3.7/site-packages/airflow/example_dags/example_nested_branch_dag.py
[2022-09-22T03:49:20.480+0000] {logging_mixin.py:117} INFO - [2022-09-22T03:49:20.480+0000] {dag.py:2573} INFO - Sync 1 DAGs
[2022-09-22T03:49:20.505+0000] {logging_mixin.py:117} INFO - [2022-09-22T03:49:20.505+0000] {dag.py:3328} INFO - Setting next_dagrun for example_nested_branch_dag to 2022-09-21T00:00:00+00:00, run_after=2022-09-22T00:00:00+00:00
[2022-09-22T03:49:20.521+0000] {processor.py:178} INFO - Processing /home/airflow/.local/lib/python3.7/site-packages/airflow/example_dags/example_nested_branch_dag.py took 0.100 seconds
[2022-09-22T03:49:50.894+0000] {processor.py:156} INFO - Started process (PID=243) to work on /home/airflow/.local/lib/python3.7/site-packages/airflow/example_dags/example_nested_branch_dag.py
[2022-09-22T03:49:50.895+0000] {processor.py:758} INFO - Processing file /home/airflow/.local/lib/python3.7/site-packages/airflow/example_dags/example_nested_branch_dag.py for tasks to queue
[2022-09-22T03:49:50.895+0000] {logging_mixin.py:117} INFO - [2022-09-22T03:49:50.895+0000] {dagbag.py:525} INFO - Filling up the DagBag from /home/airflow/.local/lib/python3.7/site-packages/airflow/example_dags/example_nested_branch_dag.py
[2022-09-22T03:49:50.919+0000] {processor.py:768} INFO - DAG(s) dict_keys(['example_nested_branch_dag']) retrieved from /home/airflow/.local/lib/python3.7/site-packages/airflow/example_dags/example_nested_branch_dag.py
[2022-09-22T03:49:50.955+0000] {logging_mixin.py:117} INFO - [2022-09-22T03:49:50.955+0000] {dag.py:2573} INFO - Sync 1 DAGs
[2022-09-22T03:49:50.982+0000] {logging_mixin.py:117} INFO - [2022-09-22T03:49:50.982+0000] {dag.py:3328} INFO - Setting next_dagrun for example_nested_branch_dag to 2022-09-21T00:00:00+00:00, run_after=2022-09-22T00:00:00+00:00
[2022-09-22T03:49:51.000+0000] {processor.py:178} INFO - Processing /home/airflow/.local/lib/python3.7/site-packages/airflow/example_dags/example_nested_branch_dag.py took 0.109 seconds
[2022-09-22T03:50:21.433+0000] {processor.py:156} INFO - Started process (PID=297) to work on /home/airflow/.local/lib/python3.7/site-packages/airflow/example_dags/example_nested_branch_dag.py
[2022-09-22T03:50:21.433+0000] {processor.py:758} INFO - Processing file /home/airflow/.local/lib/python3.7/site-packages/airflow/example_dags/example_nested_branch_dag.py for tasks to queue
[2022-09-22T03:50:21.434+0000] {logging_mixin.py:117} INFO - [2022-09-22T03:50:21.433+0000] {dagbag.py:525} INFO - Filling up the DagBag from /home/airflow/.local/lib/python3.7/site-packages/airflow/example_dags/example_nested_branch_dag.py
[2022-09-22T03:50:21.454+0000] {processor.py:768} INFO - DAG(s) dict_keys(['example_nested_branch_dag']) retrieved from /home/airflow/.local/lib/python3.7/site-packages/airflow/example_dags/example_nested_branch_dag.py
[2022-09-22T03:50:21.487+0000] {logging_mixin.py:117} INFO - [2022-09-22T03:50:21.487+0000] {dag.py:2573} INFO - Sync 1 DAGs
[2022-09-22T03:50:21.510+0000] {logging_mixin.py:117} INFO - [2022-09-22T03:50:21.510+0000] {dag.py:3328} INFO - Setting next_dagrun for example_nested_branch_dag to 2022-09-21T00:00:00+00:00, run_after=2022-09-22T00:00:00+00:00
[2022-09-22T03:50:21.525+0000] {processor.py:178} INFO - Processing /home/airflow/.local/lib/python3.7/site-packages/airflow/example_dags/example_nested_branch_dag.py took 0.094 seconds
[2022-09-22T03:50:52.085+0000] {processor.py:156} INFO - Started process (PID=360) to work on /home/airflow/.local/lib/python3.7/site-packages/airflow/example_dags/example_nested_branch_dag.py
[2022-09-22T03:50:52.085+0000] {processor.py:758} INFO - Processing file /home/airflow/.local/lib/python3.7/site-packages/airflow/example_dags/example_nested_branch_dag.py for tasks to queue
[2022-09-22T03:50:52.086+0000] {logging_mixin.py:117} INFO - [2022-09-22T03:50:52.086+0000] {dagbag.py:525} INFO - Filling up the DagBag from /home/airflow/.local/lib/python3.7/site-packages/airflow/example_dags/example_nested_branch_dag.py
[2022-09-22T03:50:52.115+0000] {processor.py:768} INFO - DAG(s) dict_keys(['example_nested_branch_dag']) retrieved from /home/airflow/.local/lib/python3.7/site-packages/airflow/example_dags/example_nested_branch_dag.py
[2022-09-22T03:50:52.156+0000] {logging_mixin.py:117} INFO - [2022-09-22T03:50:52.156+0000] {dag.py:2573} INFO - Sync 1 DAGs
[2022-09-22T03:50:52.192+0000] {logging_mixin.py:117} INFO - [2022-09-22T03:50:52.192+0000] {dag.py:3328} INFO - Setting next_dagrun for example_nested_branch_dag to 2022-09-21T00:00:00+00:00, run_after=2022-09-22T00:00:00+00:00
[2022-09-22T03:50:52.207+0000] {processor.py:178} INFO - Processing /home/airflow/.local/lib/python3.7/site-packages/airflow/example_dags/example_nested_branch_dag.py took 0.126 seconds
[2022-09-22T03:51:22.520+0000] {processor.py:156} INFO - Started process (PID=424) to work on /home/airflow/.local/lib/python3.7/site-packages/airflow/example_dags/example_nested_branch_dag.py
[2022-09-22T03:51:22.520+0000] {processor.py:758} INFO - Processing file /home/airflow/.local/lib/python3.7/site-packages/airflow/example_dags/example_nested_branch_dag.py for tasks to queue
[2022-09-22T03:51:22.521+0000] {logging_mixin.py:117} INFO - [2022-09-22T03:51:22.521+0000] {dagbag.py:525} INFO - Filling up the DagBag from /home/airflow/.local/lib/python3.7/site-packages/airflow/example_dags/example_nested_branch_dag.py
[2022-09-22T03:51:22.544+0000] {processor.py:768} INFO - DAG(s) dict_keys(['example_nested_branch_dag']) retrieved from /home/airflow/.local/lib/python3.7/site-packages/airflow/example_dags/example_nested_branch_dag.py
[2022-09-22T03:51:22.585+0000] {logging_mixin.py:117} INFO - [2022-09-22T03:51:22.585+0000] {dag.py:2573} INFO - Sync 1 DAGs
[2022-09-22T03:51:22.611+0000] {logging_mixin.py:117} INFO - [2022-09-22T03:51:22.611+0000] {dag.py:3328} INFO - Setting next_dagrun for example_nested_branch_dag to 2022-09-21T00:00:00+00:00, run_after=2022-09-22T00:00:00+00:00
[2022-09-22T03:51:22.628+0000] {processor.py:178} INFO - Processing /home/airflow/.local/lib/python3.7/site-packages/airflow/example_dags/example_nested_branch_dag.py took 0.111 seconds
[2022-09-22T03:51:52.892+0000] {processor.py:156} INFO - Started process (PID=479) to work on /home/airflow/.local/lib/python3.7/site-packages/airflow/example_dags/example_nested_branch_dag.py
[2022-09-22T03:51:52.892+0000] {processor.py:758} INFO - Processing file /home/airflow/.local/lib/python3.7/site-packages/airflow/example_dags/example_nested_branch_dag.py for tasks to queue
[2022-09-22T03:51:52.893+0000] {logging_mixin.py:117} INFO - [2022-09-22T03:51:52.893+0000] {dagbag.py:525} INFO - Filling up the DagBag from /home/airflow/.local/lib/python3.7/site-packages/airflow/example_dags/example_nested_branch_dag.py
[2022-09-22T03:51:52.915+0000] {processor.py:768} INFO - DAG(s) dict_keys(['example_nested_branch_dag']) retrieved from /home/airflow/.local/lib/python3.7/site-packages/airflow/example_dags/example_nested_branch_dag.py
[2022-09-22T03:51:52.951+0000] {logging_mixin.py:117} INFO - [2022-09-22T03:51:52.951+0000] {dag.py:2573} INFO - Sync 1 DAGs
[2022-09-22T03:51:52.976+0000] {logging_mixin.py:117} INFO - [2022-09-22T03:51:52.976+0000] {dag.py:3328} INFO - Setting next_dagrun for example_nested_branch_dag to 2022-09-21T00:00:00+00:00, run_after=2022-09-22T00:00:00+00:00
[2022-09-22T03:51:52.993+0000] {processor.py:178} INFO - Processing /home/airflow/.local/lib/python3.7/site-packages/airflow/example_dags/example_nested_branch_dag.py took 0.104 seconds
[2022-09-22T03:52:23.246+0000] {processor.py:156} INFO - Started process (PID=542) to work on /home/airflow/.local/lib/python3.7/site-packages/airflow/example_dags/example_nested_branch_dag.py
[2022-09-22T03:52:23.247+0000] {processor.py:758} INFO - Processing file /home/airflow/.local/lib/python3.7/site-packages/airflow/example_dags/example_nested_branch_dag.py for tasks to queue
[2022-09-22T03:52:23.247+0000] {logging_mixin.py:117} INFO - [2022-09-22T03:52:23.247+0000] {dagbag.py:525} INFO - Filling up the DagBag from /home/airflow/.local/lib/python3.7/site-packages/airflow/example_dags/example_nested_branch_dag.py
[2022-09-22T03:52:23.269+0000] {processor.py:768} INFO - DAG(s) dict_keys(['example_nested_branch_dag']) retrieved from /home/airflow/.local/lib/python3.7/site-packages/airflow/example_dags/example_nested_branch_dag.py
[2022-09-22T03:52:23.305+0000] {logging_mixin.py:117} INFO - [2022-09-22T03:52:23.305+0000] {dag.py:2573} INFO - Sync 1 DAGs
[2022-09-22T03:52:23.329+0000] {logging_mixin.py:117} INFO - [2022-09-22T03:52:23.329+0000] {dag.py:3328} INFO - Setting next_dagrun for example_nested_branch_dag to 2022-09-21T00:00:00+00:00, run_after=2022-09-22T00:00:00+00:00
[2022-09-22T03:52:23.345+0000] {processor.py:178} INFO - Processing /home/airflow/.local/lib/python3.7/site-packages/airflow/example_dags/example_nested_branch_dag.py took 0.102 seconds
