[2022-09-22T03:48:20.362+0000] {processor.py:156} INFO - Started process (PID=78) to work on /home/airflow/.local/lib/python3.7/site-packages/airflow/example_dags/example_branch_day_of_week_operator.py
[2022-09-22T03:48:20.362+0000] {processor.py:758} INFO - Processing file /home/airflow/.local/lib/python3.7/site-packages/airflow/example_dags/example_branch_day_of_week_operator.py for tasks to queue
[2022-09-22T03:48:20.363+0000] {logging_mixin.py:117} INFO - [2022-09-22T03:48:20.363+0000] {dagbag.py:525} INFO - Filling up the DagBag from /home/airflow/.local/lib/python3.7/site-packages/airflow/example_dags/example_branch_day_of_week_operator.py
[2022-09-22T03:48:20.385+0000] {processor.py:768} INFO - DAG(s) dict_keys(['example_weekday_branch_operator']) retrieved from /home/airflow/.local/lib/python3.7/site-packages/airflow/example_dags/example_branch_day_of_week_operator.py
[2022-09-22T03:48:20.416+0000] {logging_mixin.py:117} INFO - [2022-09-22T03:48:20.416+0000] {dag.py:2573} INFO - Sync 1 DAGs
[2022-09-22T03:48:20.457+0000] {logging_mixin.py:117} INFO - [2022-09-22T03:48:20.457+0000] {dag.py:3328} INFO - Setting next_dagrun for example_weekday_branch_operator to 2022-09-21T00:00:00+00:00, run_after=2022-09-22T00:00:00+00:00
[2022-09-22T03:48:20.481+0000] {processor.py:178} INFO - Processing /home/airflow/.local/lib/python3.7/site-packages/airflow/example_dags/example_branch_day_of_week_operator.py took 0.123 seconds
[2022-09-22T03:48:51.052+0000] {processor.py:156} INFO - Started process (PID=133) to work on /home/airflow/.local/lib/python3.7/site-packages/airflow/example_dags/example_branch_day_of_week_operator.py
[2022-09-22T03:48:51.053+0000] {processor.py:758} INFO - Processing file /home/airflow/.local/lib/python3.7/site-packages/airflow/example_dags/example_branch_day_of_week_operator.py for tasks to queue
[2022-09-22T03:48:51.053+0000] {logging_mixin.py:117} INFO - [2022-09-22T03:48:51.053+0000] {dagbag.py:525} INFO - Filling up the DagBag from /home/airflow/.local/lib/python3.7/site-packages/airflow/example_dags/example_branch_day_of_week_operator.py
[2022-09-22T03:48:51.066+0000] {processor.py:768} INFO - DAG(s) dict_keys(['example_weekday_branch_operator']) retrieved from /home/airflow/.local/lib/python3.7/site-packages/airflow/example_dags/example_branch_day_of_week_operator.py
[2022-09-22T03:48:51.098+0000] {logging_mixin.py:117} INFO - [2022-09-22T03:48:51.098+0000] {dag.py:2573} INFO - Sync 1 DAGs
[2022-09-22T03:48:51.120+0000] {logging_mixin.py:117} INFO - [2022-09-22T03:48:51.120+0000] {dag.py:3328} INFO - Setting next_dagrun for example_weekday_branch_operator to 2022-09-21T00:00:00+00:00, run_after=2022-09-22T00:00:00+00:00
[2022-09-22T03:48:51.135+0000] {processor.py:178} INFO - Processing /home/airflow/.local/lib/python3.7/site-packages/airflow/example_dags/example_branch_day_of_week_operator.py took 0.085 seconds
[2022-09-22T03:49:21.498+0000] {processor.py:156} INFO - Started process (PID=197) to work on /home/airflow/.local/lib/python3.7/site-packages/airflow/example_dags/example_branch_day_of_week_operator.py
[2022-09-22T03:49:21.499+0000] {processor.py:758} INFO - Processing file /home/airflow/.local/lib/python3.7/site-packages/airflow/example_dags/example_branch_day_of_week_operator.py for tasks to queue
[2022-09-22T03:49:21.499+0000] {logging_mixin.py:117} INFO - [2022-09-22T03:49:21.499+0000] {dagbag.py:525} INFO - Filling up the DagBag from /home/airflow/.local/lib/python3.7/site-packages/airflow/example_dags/example_branch_day_of_week_operator.py
[2022-09-22T03:49:21.516+0000] {processor.py:768} INFO - DAG(s) dict_keys(['example_weekday_branch_operator']) retrieved from /home/airflow/.local/lib/python3.7/site-packages/airflow/example_dags/example_branch_day_of_week_operator.py
[2022-09-22T03:49:21.548+0000] {logging_mixin.py:117} INFO - [2022-09-22T03:49:21.547+0000] {dag.py:2573} INFO - Sync 1 DAGs
[2022-09-22T03:49:21.571+0000] {logging_mixin.py:117} INFO - [2022-09-22T03:49:21.571+0000] {dag.py:3328} INFO - Setting next_dagrun for example_weekday_branch_operator to 2022-09-21T00:00:00+00:00, run_after=2022-09-22T00:00:00+00:00
[2022-09-22T03:49:21.587+0000] {processor.py:178} INFO - Processing /home/airflow/.local/lib/python3.7/site-packages/airflow/example_dags/example_branch_day_of_week_operator.py took 0.090 seconds
[2022-09-22T03:49:52.115+0000] {processor.py:156} INFO - Started process (PID=260) to work on /home/airflow/.local/lib/python3.7/site-packages/airflow/example_dags/example_branch_day_of_week_operator.py
[2022-09-22T03:49:52.116+0000] {processor.py:758} INFO - Processing file /home/airflow/.local/lib/python3.7/site-packages/airflow/example_dags/example_branch_day_of_week_operator.py for tasks to queue
[2022-09-22T03:49:52.117+0000] {logging_mixin.py:117} INFO - [2022-09-22T03:49:52.117+0000] {dagbag.py:525} INFO - Filling up the DagBag from /home/airflow/.local/lib/python3.7/site-packages/airflow/example_dags/example_branch_day_of_week_operator.py
[2022-09-22T03:49:52.131+0000] {processor.py:768} INFO - DAG(s) dict_keys(['example_weekday_branch_operator']) retrieved from /home/airflow/.local/lib/python3.7/site-packages/airflow/example_dags/example_branch_day_of_week_operator.py
[2022-09-22T03:49:52.166+0000] {logging_mixin.py:117} INFO - [2022-09-22T03:49:52.165+0000] {dag.py:2573} INFO - Sync 1 DAGs
[2022-09-22T03:49:52.194+0000] {logging_mixin.py:117} INFO - [2022-09-22T03:49:52.194+0000] {dag.py:3328} INFO - Setting next_dagrun for example_weekday_branch_operator to 2022-09-21T00:00:00+00:00, run_after=2022-09-22T00:00:00+00:00
[2022-09-22T03:49:52.211+0000] {processor.py:178} INFO - Processing /home/airflow/.local/lib/python3.7/site-packages/airflow/example_dags/example_branch_day_of_week_operator.py took 0.098 seconds
[2022-09-22T03:50:22.627+0000] {processor.py:156} INFO - Started process (PID=323) to work on /home/airflow/.local/lib/python3.7/site-packages/airflow/example_dags/example_branch_day_of_week_operator.py
[2022-09-22T03:50:22.628+0000] {processor.py:758} INFO - Processing file /home/airflow/.local/lib/python3.7/site-packages/airflow/example_dags/example_branch_day_of_week_operator.py for tasks to queue
[2022-09-22T03:50:22.628+0000] {logging_mixin.py:117} INFO - [2022-09-22T03:50:22.628+0000] {dagbag.py:525} INFO - Filling up the DagBag from /home/airflow/.local/lib/python3.7/site-packages/airflow/example_dags/example_branch_day_of_week_operator.py
[2022-09-22T03:50:22.643+0000] {processor.py:768} INFO - DAG(s) dict_keys(['example_weekday_branch_operator']) retrieved from /home/airflow/.local/lib/python3.7/site-packages/airflow/example_dags/example_branch_day_of_week_operator.py
[2022-09-22T03:50:22.679+0000] {logging_mixin.py:117} INFO - [2022-09-22T03:50:22.679+0000] {dag.py:2573} INFO - Sync 1 DAGs
[2022-09-22T03:50:22.706+0000] {logging_mixin.py:117} INFO - [2022-09-22T03:50:22.705+0000] {dag.py:3328} INFO - Setting next_dagrun for example_weekday_branch_operator to 2022-09-21T00:00:00+00:00, run_after=2022-09-22T00:00:00+00:00
[2022-09-22T03:50:22.724+0000] {processor.py:178} INFO - Processing /home/airflow/.local/lib/python3.7/site-packages/airflow/example_dags/example_branch_day_of_week_operator.py took 0.099 seconds
[2022-09-22T03:50:53.122+0000] {processor.py:156} INFO - Started process (PID=377) to work on /home/airflow/.local/lib/python3.7/site-packages/airflow/example_dags/example_branch_day_of_week_operator.py
[2022-09-22T03:50:53.122+0000] {processor.py:758} INFO - Processing file /home/airflow/.local/lib/python3.7/site-packages/airflow/example_dags/example_branch_day_of_week_operator.py for tasks to queue
[2022-09-22T03:50:53.123+0000] {logging_mixin.py:117} INFO - [2022-09-22T03:50:53.123+0000] {dagbag.py:525} INFO - Filling up the DagBag from /home/airflow/.local/lib/python3.7/site-packages/airflow/example_dags/example_branch_day_of_week_operator.py
[2022-09-22T03:50:53.138+0000] {processor.py:768} INFO - DAG(s) dict_keys(['example_weekday_branch_operator']) retrieved from /home/airflow/.local/lib/python3.7/site-packages/airflow/example_dags/example_branch_day_of_week_operator.py
[2022-09-22T03:50:53.174+0000] {logging_mixin.py:117} INFO - [2022-09-22T03:50:53.173+0000] {dag.py:2573} INFO - Sync 1 DAGs
[2022-09-22T03:50:53.199+0000] {logging_mixin.py:117} INFO - [2022-09-22T03:50:53.199+0000] {dag.py:3328} INFO - Setting next_dagrun for example_weekday_branch_operator to 2022-09-21T00:00:00+00:00, run_after=2022-09-22T00:00:00+00:00
[2022-09-22T03:50:53.216+0000] {processor.py:178} INFO - Processing /home/airflow/.local/lib/python3.7/site-packages/airflow/example_dags/example_branch_day_of_week_operator.py took 0.097 seconds
[2022-09-22T03:51:23.893+0000] {processor.py:156} INFO - Started process (PID=441) to work on /home/airflow/.local/lib/python3.7/site-packages/airflow/example_dags/example_branch_day_of_week_operator.py
[2022-09-22T03:51:23.893+0000] {processor.py:758} INFO - Processing file /home/airflow/.local/lib/python3.7/site-packages/airflow/example_dags/example_branch_day_of_week_operator.py for tasks to queue
[2022-09-22T03:51:23.894+0000] {logging_mixin.py:117} INFO - [2022-09-22T03:51:23.894+0000] {dagbag.py:525} INFO - Filling up the DagBag from /home/airflow/.local/lib/python3.7/site-packages/airflow/example_dags/example_branch_day_of_week_operator.py
[2022-09-22T03:51:23.915+0000] {processor.py:768} INFO - DAG(s) dict_keys(['example_weekday_branch_operator']) retrieved from /home/airflow/.local/lib/python3.7/site-packages/airflow/example_dags/example_branch_day_of_week_operator.py
[2022-09-22T03:51:23.962+0000] {logging_mixin.py:117} INFO - [2022-09-22T03:51:23.962+0000] {dag.py:2573} INFO - Sync 1 DAGs
[2022-09-22T03:51:23.997+0000] {logging_mixin.py:117} INFO - [2022-09-22T03:51:23.997+0000] {dag.py:3328} INFO - Setting next_dagrun for example_weekday_branch_operator to 2022-09-21T00:00:00+00:00, run_after=2022-09-22T00:00:00+00:00
[2022-09-22T03:51:24.028+0000] {processor.py:178} INFO - Processing /home/airflow/.local/lib/python3.7/site-packages/airflow/example_dags/example_branch_day_of_week_operator.py took 0.139 seconds
[2022-09-22T03:51:54.199+0000] {processor.py:156} INFO - Started process (PID=505) to work on /home/airflow/.local/lib/python3.7/site-packages/airflow/example_dags/example_branch_day_of_week_operator.py
[2022-09-22T03:51:54.199+0000] {processor.py:758} INFO - Processing file /home/airflow/.local/lib/python3.7/site-packages/airflow/example_dags/example_branch_day_of_week_operator.py for tasks to queue
[2022-09-22T03:51:54.200+0000] {logging_mixin.py:117} INFO - [2022-09-22T03:51:54.200+0000] {dagbag.py:525} INFO - Filling up the DagBag from /home/airflow/.local/lib/python3.7/site-packages/airflow/example_dags/example_branch_day_of_week_operator.py
[2022-09-22T03:51:54.220+0000] {processor.py:768} INFO - DAG(s) dict_keys(['example_weekday_branch_operator']) retrieved from /home/airflow/.local/lib/python3.7/site-packages/airflow/example_dags/example_branch_day_of_week_operator.py
[2022-09-22T03:51:54.269+0000] {logging_mixin.py:117} INFO - [2022-09-22T03:51:54.269+0000] {dag.py:2573} INFO - Sync 1 DAGs
[2022-09-22T03:51:54.309+0000] {logging_mixin.py:117} INFO - [2022-09-22T03:51:54.308+0000] {dag.py:3328} INFO - Setting next_dagrun for example_weekday_branch_operator to 2022-09-21T00:00:00+00:00, run_after=2022-09-22T00:00:00+00:00
[2022-09-22T03:51:54.333+0000] {processor.py:178} INFO - Processing /home/airflow/.local/lib/python3.7/site-packages/airflow/example_dags/example_branch_day_of_week_operator.py took 0.137 seconds
[2022-09-22T03:52:24.368+0000] {processor.py:156} INFO - Started process (PID=559) to work on /home/airflow/.local/lib/python3.7/site-packages/airflow/example_dags/example_branch_day_of_week_operator.py
[2022-09-22T03:52:24.369+0000] {processor.py:758} INFO - Processing file /home/airflow/.local/lib/python3.7/site-packages/airflow/example_dags/example_branch_day_of_week_operator.py for tasks to queue
[2022-09-22T03:52:24.369+0000] {logging_mixin.py:117} INFO - [2022-09-22T03:52:24.369+0000] {dagbag.py:525} INFO - Filling up the DagBag from /home/airflow/.local/lib/python3.7/site-packages/airflow/example_dags/example_branch_day_of_week_operator.py
[2022-09-22T03:52:24.383+0000] {processor.py:768} INFO - DAG(s) dict_keys(['example_weekday_branch_operator']) retrieved from /home/airflow/.local/lib/python3.7/site-packages/airflow/example_dags/example_branch_day_of_week_operator.py
[2022-09-22T03:52:24.418+0000] {logging_mixin.py:117} INFO - [2022-09-22T03:52:24.418+0000] {dag.py:2573} INFO - Sync 1 DAGs
[2022-09-22T03:52:24.444+0000] {logging_mixin.py:117} INFO - [2022-09-22T03:52:24.443+0000] {dag.py:3328} INFO - Setting next_dagrun for example_weekday_branch_operator to 2022-09-21T00:00:00+00:00, run_after=2022-09-22T00:00:00+00:00
[2022-09-22T03:52:24.459+0000] {processor.py:178} INFO - Processing /home/airflow/.local/lib/python3.7/site-packages/airflow/example_dags/example_branch_day_of_week_operator.py took 0.094 seconds
