[2022-09-22T03:48:18.633+0000] {processor.py:156} INFO - Started process (PID=54) to work on /home/airflow/.local/lib/python3.7/site-packages/airflow/example_dags/example_datasets.py
[2022-09-22T03:48:18.634+0000] {processor.py:758} INFO - Processing file /home/airflow/.local/lib/python3.7/site-packages/airflow/example_dags/example_datasets.py for tasks to queue
[2022-09-22T03:48:18.635+0000] {logging_mixin.py:117} INFO - [2022-09-22T03:48:18.634+0000] {dagbag.py:525} INFO - Filling up the DagBag from /home/airflow/.local/lib/python3.7/site-packages/airflow/example_dags/example_datasets.py
[2022-09-22T03:48:18.662+0000] {processor.py:768} INFO - DAG(s) dict_keys(['dataset_consumes_1_never_scheduled', 'dataset_produces_2', 'dataset_produces_1', 'dataset_consumes_1_and_2', 'dataset_consumes_1', 'dataset_consumes_unknown_never_scheduled']) retrieved from /home/airflow/.local/lib/python3.7/site-packages/airflow/example_dags/example_datasets.py
[2022-09-22T03:48:18.702+0000] {logging_mixin.py:117} INFO - [2022-09-22T03:48:18.701+0000] {dag.py:2573} INFO - Sync 6 DAGs
[2022-09-22T03:48:18.742+0000] {logging_mixin.py:117} INFO - [2022-09-22T03:48:18.742+0000] {dag.py:3328} INFO - Setting next_dagrun for dataset_consumes_1 to None, run_after=None
[2022-09-22T03:48:18.747+0000] {logging_mixin.py:117} INFO - [2022-09-22T03:48:18.747+0000] {dag.py:3328} INFO - Setting next_dagrun for dataset_consumes_1_and_2 to None, run_after=None
[2022-09-22T03:48:18.749+0000] {logging_mixin.py:117} INFO - [2022-09-22T03:48:18.749+0000] {dag.py:3328} INFO - Setting next_dagrun for dataset_consumes_1_never_scheduled to None, run_after=None
[2022-09-22T03:48:18.751+0000] {logging_mixin.py:117} INFO - [2022-09-22T03:48:18.751+0000] {dag.py:3328} INFO - Setting next_dagrun for dataset_consumes_unknown_never_scheduled to None, run_after=None
[2022-09-22T03:48:18.755+0000] {logging_mixin.py:117} INFO - [2022-09-22T03:48:18.755+0000] {dag.py:3328} INFO - Setting next_dagrun for dataset_produces_1 to 2022-09-21T00:00:00+00:00, run_after=2022-09-22T00:00:00+00:00
[2022-09-22T03:48:18.758+0000] {logging_mixin.py:117} INFO - [2022-09-22T03:48:18.758+0000] {dag.py:3328} INFO - Setting next_dagrun for dataset_produces_2 to None, run_after=None
[2022-09-22T03:48:18.800+0000] {processor.py:178} INFO - Processing /home/airflow/.local/lib/python3.7/site-packages/airflow/example_dags/example_datasets.py took 0.171 seconds
[2022-09-22T03:48:49.397+0000] {processor.py:156} INFO - Started process (PID=109) to work on /home/airflow/.local/lib/python3.7/site-packages/airflow/example_dags/example_datasets.py
[2022-09-22T03:48:49.398+0000] {processor.py:758} INFO - Processing file /home/airflow/.local/lib/python3.7/site-packages/airflow/example_dags/example_datasets.py for tasks to queue
[2022-09-22T03:48:49.398+0000] {logging_mixin.py:117} INFO - [2022-09-22T03:48:49.398+0000] {dagbag.py:525} INFO - Filling up the DagBag from /home/airflow/.local/lib/python3.7/site-packages/airflow/example_dags/example_datasets.py
[2022-09-22T03:48:49.413+0000] {processor.py:768} INFO - DAG(s) dict_keys(['dataset_consumes_1_never_scheduled', 'dataset_produces_1', 'dataset_consumes_1_and_2', 'dataset_consumes_1', 'dataset_consumes_unknown_never_scheduled', 'dataset_produces_2']) retrieved from /home/airflow/.local/lib/python3.7/site-packages/airflow/example_dags/example_datasets.py
[2022-09-22T03:48:49.497+0000] {logging_mixin.py:117} INFO - [2022-09-22T03:48:49.497+0000] {dag.py:2573} INFO - Sync 6 DAGs
[2022-09-22T03:48:49.519+0000] {logging_mixin.py:117} INFO - [2022-09-22T03:48:49.518+0000] {dag.py:3328} INFO - Setting next_dagrun for dataset_consumes_1 to None, run_after=None
[2022-09-22T03:48:49.521+0000] {logging_mixin.py:117} INFO - [2022-09-22T03:48:49.521+0000] {dag.py:3328} INFO - Setting next_dagrun for dataset_consumes_1_and_2 to None, run_after=None
[2022-09-22T03:48:49.522+0000] {logging_mixin.py:117} INFO - [2022-09-22T03:48:49.522+0000] {dag.py:3328} INFO - Setting next_dagrun for dataset_consumes_1_never_scheduled to None, run_after=None
[2022-09-22T03:48:49.523+0000] {logging_mixin.py:117} INFO - [2022-09-22T03:48:49.523+0000] {dag.py:3328} INFO - Setting next_dagrun for dataset_consumes_unknown_never_scheduled to None, run_after=None
[2022-09-22T03:48:49.526+0000] {logging_mixin.py:117} INFO - [2022-09-22T03:48:49.526+0000] {dag.py:3328} INFO - Setting next_dagrun for dataset_produces_1 to 2022-09-21T00:00:00+00:00, run_after=2022-09-22T00:00:00+00:00
[2022-09-22T03:48:49.527+0000] {logging_mixin.py:117} INFO - [2022-09-22T03:48:49.526+0000] {dag.py:3328} INFO - Setting next_dagrun for dataset_produces_2 to None, run_after=None
[2022-09-22T03:48:49.550+0000] {processor.py:178} INFO - Processing /home/airflow/.local/lib/python3.7/site-packages/airflow/example_dags/example_datasets.py took 0.154 seconds
[2022-09-22T03:49:19.835+0000] {processor.py:156} INFO - Started process (PID=173) to work on /home/airflow/.local/lib/python3.7/site-packages/airflow/example_dags/example_datasets.py
[2022-09-22T03:49:19.836+0000] {processor.py:758} INFO - Processing file /home/airflow/.local/lib/python3.7/site-packages/airflow/example_dags/example_datasets.py for tasks to queue
[2022-09-22T03:49:19.836+0000] {logging_mixin.py:117} INFO - [2022-09-22T03:49:19.836+0000] {dagbag.py:525} INFO - Filling up the DagBag from /home/airflow/.local/lib/python3.7/site-packages/airflow/example_dags/example_datasets.py
[2022-09-22T03:49:19.852+0000] {processor.py:768} INFO - DAG(s) dict_keys(['dataset_consumes_unknown_never_scheduled', 'dataset_consumes_1_never_scheduled', 'dataset_produces_2', 'dataset_consumes_1_and_2', 'dataset_consumes_1', 'dataset_produces_1']) retrieved from /home/airflow/.local/lib/python3.7/site-packages/airflow/example_dags/example_datasets.py
[2022-09-22T03:49:19.898+0000] {logging_mixin.py:117} INFO - [2022-09-22T03:49:19.898+0000] {dag.py:2573} INFO - Sync 6 DAGs
[2022-09-22T03:49:19.921+0000] {logging_mixin.py:117} INFO - [2022-09-22T03:49:19.920+0000] {dag.py:3328} INFO - Setting next_dagrun for dataset_consumes_1 to None, run_after=None
[2022-09-22T03:49:19.924+0000] {logging_mixin.py:117} INFO - [2022-09-22T03:49:19.924+0000] {dag.py:3328} INFO - Setting next_dagrun for dataset_consumes_1_and_2 to None, run_after=None
[2022-09-22T03:49:19.925+0000] {logging_mixin.py:117} INFO - [2022-09-22T03:49:19.925+0000] {dag.py:3328} INFO - Setting next_dagrun for dataset_consumes_1_never_scheduled to None, run_after=None
[2022-09-22T03:49:19.926+0000] {logging_mixin.py:117} INFO - [2022-09-22T03:49:19.926+0000] {dag.py:3328} INFO - Setting next_dagrun for dataset_consumes_unknown_never_scheduled to None, run_after=None
[2022-09-22T03:49:19.929+0000] {logging_mixin.py:117} INFO - [2022-09-22T03:49:19.929+0000] {dag.py:3328} INFO - Setting next_dagrun for dataset_produces_1 to 2022-09-21T00:00:00+00:00, run_after=2022-09-22T00:00:00+00:00
[2022-09-22T03:49:19.930+0000] {logging_mixin.py:117} INFO - [2022-09-22T03:49:19.930+0000] {dag.py:3328} INFO - Setting next_dagrun for dataset_produces_2 to None, run_after=None
[2022-09-22T03:49:19.953+0000] {processor.py:178} INFO - Processing /home/airflow/.local/lib/python3.7/site-packages/airflow/example_dags/example_datasets.py took 0.120 seconds
[2022-09-22T03:49:50.265+0000] {processor.py:156} INFO - Started process (PID=236) to work on /home/airflow/.local/lib/python3.7/site-packages/airflow/example_dags/example_datasets.py
[2022-09-22T03:49:50.266+0000] {processor.py:758} INFO - Processing file /home/airflow/.local/lib/python3.7/site-packages/airflow/example_dags/example_datasets.py for tasks to queue
[2022-09-22T03:49:50.266+0000] {logging_mixin.py:117} INFO - [2022-09-22T03:49:50.266+0000] {dagbag.py:525} INFO - Filling up the DagBag from /home/airflow/.local/lib/python3.7/site-packages/airflow/example_dags/example_datasets.py
[2022-09-22T03:49:50.282+0000] {processor.py:768} INFO - DAG(s) dict_keys(['dataset_consumes_1_never_scheduled', 'dataset_produces_2', 'dataset_produces_1', 'dataset_consumes_1', 'dataset_consumes_1_and_2', 'dataset_consumes_unknown_never_scheduled']) retrieved from /home/airflow/.local/lib/python3.7/site-packages/airflow/example_dags/example_datasets.py
[2022-09-22T03:49:50.332+0000] {logging_mixin.py:117} INFO - [2022-09-22T03:49:50.332+0000] {dag.py:2573} INFO - Sync 6 DAGs
[2022-09-22T03:49:50.362+0000] {logging_mixin.py:117} INFO - [2022-09-22T03:49:50.361+0000] {dag.py:3328} INFO - Setting next_dagrun for dataset_consumes_1 to None, run_after=None
[2022-09-22T03:49:50.366+0000] {logging_mixin.py:117} INFO - [2022-09-22T03:49:50.366+0000] {dag.py:3328} INFO - Setting next_dagrun for dataset_consumes_1_and_2 to None, run_after=None
[2022-09-22T03:49:50.367+0000] {logging_mixin.py:117} INFO - [2022-09-22T03:49:50.367+0000] {dag.py:3328} INFO - Setting next_dagrun for dataset_consumes_1_never_scheduled to None, run_after=None
[2022-09-22T03:49:50.369+0000] {logging_mixin.py:117} INFO - [2022-09-22T03:49:50.368+0000] {dag.py:3328} INFO - Setting next_dagrun for dataset_consumes_unknown_never_scheduled to None, run_after=None
[2022-09-22T03:49:50.372+0000] {logging_mixin.py:117} INFO - [2022-09-22T03:49:50.372+0000] {dag.py:3328} INFO - Setting next_dagrun for dataset_produces_1 to 2022-09-21T00:00:00+00:00, run_after=2022-09-22T00:00:00+00:00
[2022-09-22T03:49:50.373+0000] {logging_mixin.py:117} INFO - [2022-09-22T03:49:50.373+0000] {dag.py:3328} INFO - Setting next_dagrun for dataset_produces_2 to None, run_after=None
[2022-09-22T03:49:50.397+0000] {processor.py:178} INFO - Processing /home/airflow/.local/lib/python3.7/site-packages/airflow/example_dags/example_datasets.py took 0.135 seconds
[2022-09-22T03:50:20.936+0000] {processor.py:156} INFO - Started process (PID=290) to work on /home/airflow/.local/lib/python3.7/site-packages/airflow/example_dags/example_datasets.py
[2022-09-22T03:50:20.937+0000] {processor.py:758} INFO - Processing file /home/airflow/.local/lib/python3.7/site-packages/airflow/example_dags/example_datasets.py for tasks to queue
[2022-09-22T03:50:20.937+0000] {logging_mixin.py:117} INFO - [2022-09-22T03:50:20.937+0000] {dagbag.py:525} INFO - Filling up the DagBag from /home/airflow/.local/lib/python3.7/site-packages/airflow/example_dags/example_datasets.py
[2022-09-22T03:50:20.953+0000] {processor.py:768} INFO - DAG(s) dict_keys(['dataset_produces_2', 'dataset_consumes_1_never_scheduled', 'dataset_consumes_unknown_never_scheduled', 'dataset_consumes_1_and_2', 'dataset_consumes_1', 'dataset_produces_1']) retrieved from /home/airflow/.local/lib/python3.7/site-packages/airflow/example_dags/example_datasets.py
[2022-09-22T03:50:20.997+0000] {logging_mixin.py:117} INFO - [2022-09-22T03:50:20.997+0000] {dag.py:2573} INFO - Sync 6 DAGs
[2022-09-22T03:50:21.018+0000] {logging_mixin.py:117} INFO - [2022-09-22T03:50:21.018+0000] {dag.py:3328} INFO - Setting next_dagrun for dataset_consumes_1 to None, run_after=None
[2022-09-22T03:50:21.021+0000] {logging_mixin.py:117} INFO - [2022-09-22T03:50:21.021+0000] {dag.py:3328} INFO - Setting next_dagrun for dataset_consumes_1_and_2 to None, run_after=None
[2022-09-22T03:50:21.022+0000] {logging_mixin.py:117} INFO - [2022-09-22T03:50:21.022+0000] {dag.py:3328} INFO - Setting next_dagrun for dataset_consumes_1_never_scheduled to None, run_after=None
[2022-09-22T03:50:21.023+0000] {logging_mixin.py:117} INFO - [2022-09-22T03:50:21.023+0000] {dag.py:3328} INFO - Setting next_dagrun for dataset_consumes_unknown_never_scheduled to None, run_after=None
[2022-09-22T03:50:21.026+0000] {logging_mixin.py:117} INFO - [2022-09-22T03:50:21.026+0000] {dag.py:3328} INFO - Setting next_dagrun for dataset_produces_1 to 2022-09-21T00:00:00+00:00, run_after=2022-09-22T00:00:00+00:00
[2022-09-22T03:50:21.027+0000] {logging_mixin.py:117} INFO - [2022-09-22T03:50:21.027+0000] {dag.py:3328} INFO - Setting next_dagrun for dataset_produces_2 to None, run_after=None
[2022-09-22T03:50:21.050+0000] {processor.py:178} INFO - Processing /home/airflow/.local/lib/python3.7/site-packages/airflow/example_dags/example_datasets.py took 0.116 seconds
[2022-09-22T03:50:51.559+0000] {processor.py:156} INFO - Started process (PID=353) to work on /home/airflow/.local/lib/python3.7/site-packages/airflow/example_dags/example_datasets.py
[2022-09-22T03:50:51.560+0000] {processor.py:758} INFO - Processing file /home/airflow/.local/lib/python3.7/site-packages/airflow/example_dags/example_datasets.py for tasks to queue
[2022-09-22T03:50:51.561+0000] {logging_mixin.py:117} INFO - [2022-09-22T03:50:51.560+0000] {dagbag.py:525} INFO - Filling up the DagBag from /home/airflow/.local/lib/python3.7/site-packages/airflow/example_dags/example_datasets.py
[2022-09-22T03:50:51.575+0000] {processor.py:768} INFO - DAG(s) dict_keys(['dataset_consumes_1_never_scheduled', 'dataset_consumes_unknown_never_scheduled', 'dataset_produces_1', 'dataset_consumes_1_and_2', 'dataset_produces_2', 'dataset_consumes_1']) retrieved from /home/airflow/.local/lib/python3.7/site-packages/airflow/example_dags/example_datasets.py
[2022-09-22T03:50:51.622+0000] {logging_mixin.py:117} INFO - [2022-09-22T03:50:51.622+0000] {dag.py:2573} INFO - Sync 6 DAGs
[2022-09-22T03:50:51.646+0000] {logging_mixin.py:117} INFO - [2022-09-22T03:50:51.646+0000] {dag.py:3328} INFO - Setting next_dagrun for dataset_consumes_1 to None, run_after=None
[2022-09-22T03:50:51.649+0000] {logging_mixin.py:117} INFO - [2022-09-22T03:50:51.649+0000] {dag.py:3328} INFO - Setting next_dagrun for dataset_consumes_1_and_2 to None, run_after=None
[2022-09-22T03:50:51.650+0000] {logging_mixin.py:117} INFO - [2022-09-22T03:50:51.650+0000] {dag.py:3328} INFO - Setting next_dagrun for dataset_consumes_1_never_scheduled to None, run_after=None
[2022-09-22T03:50:51.651+0000] {logging_mixin.py:117} INFO - [2022-09-22T03:50:51.651+0000] {dag.py:3328} INFO - Setting next_dagrun for dataset_consumes_unknown_never_scheduled to None, run_after=None
[2022-09-22T03:50:51.654+0000] {logging_mixin.py:117} INFO - [2022-09-22T03:50:51.654+0000] {dag.py:3328} INFO - Setting next_dagrun for dataset_produces_1 to 2022-09-21T00:00:00+00:00, run_after=2022-09-22T00:00:00+00:00
[2022-09-22T03:50:51.655+0000] {logging_mixin.py:117} INFO - [2022-09-22T03:50:51.655+0000] {dag.py:3328} INFO - Setting next_dagrun for dataset_produces_2 to None, run_after=None
[2022-09-22T03:50:51.684+0000] {processor.py:178} INFO - Processing /home/airflow/.local/lib/python3.7/site-packages/airflow/example_dags/example_datasets.py took 0.127 seconds
[2022-09-22T03:51:21.977+0000] {processor.py:156} INFO - Started process (PID=417) to work on /home/airflow/.local/lib/python3.7/site-packages/airflow/example_dags/example_datasets.py
[2022-09-22T03:51:21.978+0000] {processor.py:758} INFO - Processing file /home/airflow/.local/lib/python3.7/site-packages/airflow/example_dags/example_datasets.py for tasks to queue
[2022-09-22T03:51:21.978+0000] {logging_mixin.py:117} INFO - [2022-09-22T03:51:21.978+0000] {dagbag.py:525} INFO - Filling up the DagBag from /home/airflow/.local/lib/python3.7/site-packages/airflow/example_dags/example_datasets.py
[2022-09-22T03:51:21.994+0000] {processor.py:768} INFO - DAG(s) dict_keys(['dataset_produces_1', 'dataset_consumes_1_never_scheduled', 'dataset_consumes_unknown_never_scheduled', 'dataset_consumes_1', 'dataset_consumes_1_and_2', 'dataset_produces_2']) retrieved from /home/airflow/.local/lib/python3.7/site-packages/airflow/example_dags/example_datasets.py
[2022-09-22T03:51:22.042+0000] {logging_mixin.py:117} INFO - [2022-09-22T03:51:22.042+0000] {dag.py:2573} INFO - Sync 6 DAGs
[2022-09-22T03:51:22.066+0000] {logging_mixin.py:117} INFO - [2022-09-22T03:51:22.066+0000] {dag.py:3328} INFO - Setting next_dagrun for dataset_consumes_1 to None, run_after=None
[2022-09-22T03:51:22.069+0000] {logging_mixin.py:117} INFO - [2022-09-22T03:51:22.068+0000] {dag.py:3328} INFO - Setting next_dagrun for dataset_consumes_1_and_2 to None, run_after=None
[2022-09-22T03:51:22.070+0000] {logging_mixin.py:117} INFO - [2022-09-22T03:51:22.069+0000] {dag.py:3328} INFO - Setting next_dagrun for dataset_consumes_1_never_scheduled to None, run_after=None
[2022-09-22T03:51:22.070+0000] {logging_mixin.py:117} INFO - [2022-09-22T03:51:22.070+0000] {dag.py:3328} INFO - Setting next_dagrun for dataset_consumes_unknown_never_scheduled to None, run_after=None
[2022-09-22T03:51:22.073+0000] {logging_mixin.py:117} INFO - [2022-09-22T03:51:22.073+0000] {dag.py:3328} INFO - Setting next_dagrun for dataset_produces_1 to 2022-09-21T00:00:00+00:00, run_after=2022-09-22T00:00:00+00:00
[2022-09-22T03:51:22.074+0000] {logging_mixin.py:117} INFO - [2022-09-22T03:51:22.074+0000] {dag.py:3328} INFO - Setting next_dagrun for dataset_produces_2 to None, run_after=None
[2022-09-22T03:51:22.099+0000] {processor.py:178} INFO - Processing /home/airflow/.local/lib/python3.7/site-packages/airflow/example_dags/example_datasets.py took 0.125 seconds
[2022-09-22T03:51:52.125+0000] {processor.py:156} INFO - Started process (PID=472) to work on /home/airflow/.local/lib/python3.7/site-packages/airflow/example_dags/example_datasets.py
[2022-09-22T03:51:52.126+0000] {processor.py:758} INFO - Processing file /home/airflow/.local/lib/python3.7/site-packages/airflow/example_dags/example_datasets.py for tasks to queue
[2022-09-22T03:51:52.126+0000] {logging_mixin.py:117} INFO - [2022-09-22T03:51:52.126+0000] {dagbag.py:525} INFO - Filling up the DagBag from /home/airflow/.local/lib/python3.7/site-packages/airflow/example_dags/example_datasets.py
[2022-09-22T03:51:52.142+0000] {processor.py:768} INFO - DAG(s) dict_keys(['dataset_consumes_1', 'dataset_consumes_1_never_scheduled', 'dataset_consumes_unknown_never_scheduled', 'dataset_produces_1', 'dataset_consumes_1_and_2', 'dataset_produces_2']) retrieved from /home/airflow/.local/lib/python3.7/site-packages/airflow/example_dags/example_datasets.py
[2022-09-22T03:51:52.189+0000] {logging_mixin.py:117} INFO - [2022-09-22T03:51:52.189+0000] {dag.py:2573} INFO - Sync 6 DAGs
[2022-09-22T03:51:52.214+0000] {logging_mixin.py:117} INFO - [2022-09-22T03:51:52.214+0000] {dag.py:3328} INFO - Setting next_dagrun for dataset_consumes_1 to None, run_after=None
[2022-09-22T03:51:52.217+0000] {logging_mixin.py:117} INFO - [2022-09-22T03:51:52.217+0000] {dag.py:3328} INFO - Setting next_dagrun for dataset_consumes_1_and_2 to None, run_after=None
[2022-09-22T03:51:52.218+0000] {logging_mixin.py:117} INFO - [2022-09-22T03:51:52.218+0000] {dag.py:3328} INFO - Setting next_dagrun for dataset_consumes_1_never_scheduled to None, run_after=None
[2022-09-22T03:51:52.219+0000] {logging_mixin.py:117} INFO - [2022-09-22T03:51:52.219+0000] {dag.py:3328} INFO - Setting next_dagrun for dataset_consumes_unknown_never_scheduled to None, run_after=None
[2022-09-22T03:51:52.222+0000] {logging_mixin.py:117} INFO - [2022-09-22T03:51:52.222+0000] {dag.py:3328} INFO - Setting next_dagrun for dataset_produces_1 to 2022-09-21T00:00:00+00:00, run_after=2022-09-22T00:00:00+00:00
[2022-09-22T03:51:52.223+0000] {logging_mixin.py:117} INFO - [2022-09-22T03:51:52.223+0000] {dag.py:3328} INFO - Setting next_dagrun for dataset_produces_2 to None, run_after=None
[2022-09-22T03:51:52.247+0000] {processor.py:178} INFO - Processing /home/airflow/.local/lib/python3.7/site-packages/airflow/example_dags/example_datasets.py took 0.124 seconds
[2022-09-22T03:52:22.589+0000] {processor.py:156} INFO - Started process (PID=535) to work on /home/airflow/.local/lib/python3.7/site-packages/airflow/example_dags/example_datasets.py
[2022-09-22T03:52:22.589+0000] {processor.py:758} INFO - Processing file /home/airflow/.local/lib/python3.7/site-packages/airflow/example_dags/example_datasets.py for tasks to queue
[2022-09-22T03:52:22.590+0000] {logging_mixin.py:117} INFO - [2022-09-22T03:52:22.590+0000] {dagbag.py:525} INFO - Filling up the DagBag from /home/airflow/.local/lib/python3.7/site-packages/airflow/example_dags/example_datasets.py
[2022-09-22T03:52:22.606+0000] {processor.py:768} INFO - DAG(s) dict_keys(['dataset_produces_2', 'dataset_consumes_unknown_never_scheduled', 'dataset_produces_1', 'dataset_consumes_1_never_scheduled', 'dataset_consumes_1_and_2', 'dataset_consumes_1']) retrieved from /home/airflow/.local/lib/python3.7/site-packages/airflow/example_dags/example_datasets.py
[2022-09-22T03:52:22.655+0000] {logging_mixin.py:117} INFO - [2022-09-22T03:52:22.655+0000] {dag.py:2573} INFO - Sync 6 DAGs
[2022-09-22T03:52:22.679+0000] {logging_mixin.py:117} INFO - [2022-09-22T03:52:22.679+0000] {dag.py:3328} INFO - Setting next_dagrun for dataset_consumes_1 to None, run_after=None
[2022-09-22T03:52:22.682+0000] {logging_mixin.py:117} INFO - [2022-09-22T03:52:22.682+0000] {dag.py:3328} INFO - Setting next_dagrun for dataset_consumes_1_and_2 to None, run_after=None
[2022-09-22T03:52:22.683+0000] {logging_mixin.py:117} INFO - [2022-09-22T03:52:22.683+0000] {dag.py:3328} INFO - Setting next_dagrun for dataset_consumes_1_never_scheduled to None, run_after=None
[2022-09-22T03:52:22.684+0000] {logging_mixin.py:117} INFO - [2022-09-22T03:52:22.684+0000] {dag.py:3328} INFO - Setting next_dagrun for dataset_consumes_unknown_never_scheduled to None, run_after=None
[2022-09-22T03:52:22.686+0000] {logging_mixin.py:117} INFO - [2022-09-22T03:52:22.686+0000] {dag.py:3328} INFO - Setting next_dagrun for dataset_produces_1 to 2022-09-21T00:00:00+00:00, run_after=2022-09-22T00:00:00+00:00
[2022-09-22T03:52:22.687+0000] {logging_mixin.py:117} INFO - [2022-09-22T03:52:22.687+0000] {dag.py:3328} INFO - Setting next_dagrun for dataset_produces_2 to None, run_after=None
[2022-09-22T03:52:22.711+0000] {processor.py:178} INFO - Processing /home/airflow/.local/lib/python3.7/site-packages/airflow/example_dags/example_datasets.py took 0.125 seconds
