[2022-09-22T03:48:18.405+0000] {processor.py:156} INFO - Started process (PID=53) to work on /home/airflow/.local/lib/python3.7/site-packages/airflow/example_dags/example_short_circuit_decorator.py
[2022-09-22T03:48:18.405+0000] {processor.py:758} INFO - Processing file /home/airflow/.local/lib/python3.7/site-packages/airflow/example_dags/example_short_circuit_decorator.py for tasks to queue
[2022-09-22T03:48:18.406+0000] {logging_mixin.py:117} INFO - [2022-09-22T03:48:18.406+0000] {dagbag.py:525} INFO - Filling up the DagBag from /home/airflow/.local/lib/python3.7/site-packages/airflow/example_dags/example_short_circuit_decorator.py
[2022-09-22T03:48:18.493+0000] {processor.py:768} INFO - DAG(s) dict_keys(['example_short_circuit_decorator']) retrieved from /home/airflow/.local/lib/python3.7/site-packages/airflow/example_dags/example_short_circuit_decorator.py
[2022-09-22T03:48:18.532+0000] {logging_mixin.py:117} INFO - [2022-09-22T03:48:18.532+0000] {dag.py:2573} INFO - Sync 1 DAGs
[2022-09-22T03:48:18.583+0000] {logging_mixin.py:117} INFO - [2022-09-22T03:48:18.582+0000] {dag.py:3328} INFO - Setting next_dagrun for example_short_circuit_decorator to 2022-09-21T03:48:18.582503+00:00, run_after=2022-09-22T03:48:18.582503+00:00
[2022-09-22T03:48:18.616+0000] {processor.py:178} INFO - Processing /home/airflow/.local/lib/python3.7/site-packages/airflow/example_dags/example_short_circuit_decorator.py took 0.215 seconds
[2022-09-22T03:48:49.291+0000] {processor.py:156} INFO - Started process (PID=108) to work on /home/airflow/.local/lib/python3.7/site-packages/airflow/example_dags/example_short_circuit_decorator.py
[2022-09-22T03:48:49.291+0000] {processor.py:758} INFO - Processing file /home/airflow/.local/lib/python3.7/site-packages/airflow/example_dags/example_short_circuit_decorator.py for tasks to queue
[2022-09-22T03:48:49.292+0000] {logging_mixin.py:117} INFO - [2022-09-22T03:48:49.291+0000] {dagbag.py:525} INFO - Filling up the DagBag from /home/airflow/.local/lib/python3.7/site-packages/airflow/example_dags/example_short_circuit_decorator.py
[2022-09-22T03:48:49.312+0000] {processor.py:768} INFO - DAG(s) dict_keys(['example_short_circuit_decorator']) retrieved from /home/airflow/.local/lib/python3.7/site-packages/airflow/example_dags/example_short_circuit_decorator.py
[2022-09-22T03:48:49.348+0000] {logging_mixin.py:117} INFO - [2022-09-22T03:48:49.348+0000] {dag.py:2573} INFO - Sync 1 DAGs
[2022-09-22T03:48:49.369+0000] {logging_mixin.py:117} INFO - [2022-09-22T03:48:49.369+0000] {dag.py:3328} INFO - Setting next_dagrun for example_short_circuit_decorator to 2022-09-21T03:48:49.368989+00:00, run_after=2022-09-22T03:48:49.368989+00:00
[2022-09-22T03:48:49.384+0000] {processor.py:178} INFO - Processing /home/airflow/.local/lib/python3.7/site-packages/airflow/example_dags/example_short_circuit_decorator.py took 0.095 seconds
[2022-09-22T03:49:19.722+0000] {processor.py:156} INFO - Started process (PID=172) to work on /home/airflow/.local/lib/python3.7/site-packages/airflow/example_dags/example_short_circuit_decorator.py
[2022-09-22T03:49:19.723+0000] {processor.py:758} INFO - Processing file /home/airflow/.local/lib/python3.7/site-packages/airflow/example_dags/example_short_circuit_decorator.py for tasks to queue
[2022-09-22T03:49:19.723+0000] {logging_mixin.py:117} INFO - [2022-09-22T03:49:19.723+0000] {dagbag.py:525} INFO - Filling up the DagBag from /home/airflow/.local/lib/python3.7/site-packages/airflow/example_dags/example_short_circuit_decorator.py
[2022-09-22T03:49:19.745+0000] {processor.py:768} INFO - DAG(s) dict_keys(['example_short_circuit_decorator']) retrieved from /home/airflow/.local/lib/python3.7/site-packages/airflow/example_dags/example_short_circuit_decorator.py
[2022-09-22T03:49:19.781+0000] {logging_mixin.py:117} INFO - [2022-09-22T03:49:19.781+0000] {dag.py:2573} INFO - Sync 1 DAGs
[2022-09-22T03:49:19.805+0000] {logging_mixin.py:117} INFO - [2022-09-22T03:49:19.805+0000] {dag.py:3328} INFO - Setting next_dagrun for example_short_circuit_decorator to 2022-09-21T03:49:19.805344+00:00, run_after=2022-09-22T03:49:19.805344+00:00
[2022-09-22T03:49:19.821+0000] {processor.py:178} INFO - Processing /home/airflow/.local/lib/python3.7/site-packages/airflow/example_dags/example_short_circuit_decorator.py took 0.101 seconds
[2022-09-22T03:49:50.162+0000] {processor.py:156} INFO - Started process (PID=235) to work on /home/airflow/.local/lib/python3.7/site-packages/airflow/example_dags/example_short_circuit_decorator.py
[2022-09-22T03:49:50.162+0000] {processor.py:758} INFO - Processing file /home/airflow/.local/lib/python3.7/site-packages/airflow/example_dags/example_short_circuit_decorator.py for tasks to queue
[2022-09-22T03:49:50.163+0000] {logging_mixin.py:117} INFO - [2022-09-22T03:49:50.163+0000] {dagbag.py:525} INFO - Filling up the DagBag from /home/airflow/.local/lib/python3.7/site-packages/airflow/example_dags/example_short_circuit_decorator.py
[2022-09-22T03:49:50.185+0000] {processor.py:768} INFO - DAG(s) dict_keys(['example_short_circuit_decorator']) retrieved from /home/airflow/.local/lib/python3.7/site-packages/airflow/example_dags/example_short_circuit_decorator.py
[2022-09-22T03:49:50.218+0000] {logging_mixin.py:117} INFO - [2022-09-22T03:49:50.218+0000] {dag.py:2573} INFO - Sync 1 DAGs
[2022-09-22T03:49:50.239+0000] {logging_mixin.py:117} INFO - [2022-09-22T03:49:50.239+0000] {dag.py:3328} INFO - Setting next_dagrun for example_short_circuit_decorator to 2022-09-21T03:49:50.239361+00:00, run_after=2022-09-22T03:49:50.239361+00:00
[2022-09-22T03:49:50.254+0000] {processor.py:178} INFO - Processing /home/airflow/.local/lib/python3.7/site-packages/airflow/example_dags/example_short_circuit_decorator.py took 0.095 seconds
[2022-09-22T03:50:20.832+0000] {processor.py:156} INFO - Started process (PID=289) to work on /home/airflow/.local/lib/python3.7/site-packages/airflow/example_dags/example_short_circuit_decorator.py
[2022-09-22T03:50:20.833+0000] {processor.py:758} INFO - Processing file /home/airflow/.local/lib/python3.7/site-packages/airflow/example_dags/example_short_circuit_decorator.py for tasks to queue
[2022-09-22T03:50:20.834+0000] {logging_mixin.py:117} INFO - [2022-09-22T03:50:20.834+0000] {dagbag.py:525} INFO - Filling up the DagBag from /home/airflow/.local/lib/python3.7/site-packages/airflow/example_dags/example_short_circuit_decorator.py
[2022-09-22T03:50:20.856+0000] {processor.py:768} INFO - DAG(s) dict_keys(['example_short_circuit_decorator']) retrieved from /home/airflow/.local/lib/python3.7/site-packages/airflow/example_dags/example_short_circuit_decorator.py
[2022-09-22T03:50:20.891+0000] {logging_mixin.py:117} INFO - [2022-09-22T03:50:20.891+0000] {dag.py:2573} INFO - Sync 1 DAGs
[2022-09-22T03:50:20.914+0000] {logging_mixin.py:117} INFO - [2022-09-22T03:50:20.914+0000] {dag.py:3328} INFO - Setting next_dagrun for example_short_circuit_decorator to 2022-09-21T03:50:20.913891+00:00, run_after=2022-09-22T03:50:20.913891+00:00
[2022-09-22T03:50:20.930+0000] {processor.py:178} INFO - Processing /home/airflow/.local/lib/python3.7/site-packages/airflow/example_dags/example_short_circuit_decorator.py took 0.101 seconds
[2022-09-22T03:50:51.449+0000] {processor.py:156} INFO - Started process (PID=352) to work on /home/airflow/.local/lib/python3.7/site-packages/airflow/example_dags/example_short_circuit_decorator.py
[2022-09-22T03:50:51.450+0000] {processor.py:758} INFO - Processing file /home/airflow/.local/lib/python3.7/site-packages/airflow/example_dags/example_short_circuit_decorator.py for tasks to queue
[2022-09-22T03:50:51.450+0000] {logging_mixin.py:117} INFO - [2022-09-22T03:50:51.450+0000] {dagbag.py:525} INFO - Filling up the DagBag from /home/airflow/.local/lib/python3.7/site-packages/airflow/example_dags/example_short_circuit_decorator.py
[2022-09-22T03:50:51.470+0000] {processor.py:768} INFO - DAG(s) dict_keys(['example_short_circuit_decorator']) retrieved from /home/airflow/.local/lib/python3.7/site-packages/airflow/example_dags/example_short_circuit_decorator.py
[2022-09-22T03:50:51.505+0000] {logging_mixin.py:117} INFO - [2022-09-22T03:50:51.505+0000] {dag.py:2573} INFO - Sync 1 DAGs
[2022-09-22T03:50:51.528+0000] {logging_mixin.py:117} INFO - [2022-09-22T03:50:51.528+0000] {dag.py:3328} INFO - Setting next_dagrun for example_short_circuit_decorator to 2022-09-21T03:50:51.528364+00:00, run_after=2022-09-22T03:50:51.528364+00:00
[2022-09-22T03:50:51.545+0000] {processor.py:178} INFO - Processing /home/airflow/.local/lib/python3.7/site-packages/airflow/example_dags/example_short_circuit_decorator.py took 0.098 seconds
[2022-09-22T03:51:21.863+0000] {processor.py:156} INFO - Started process (PID=416) to work on /home/airflow/.local/lib/python3.7/site-packages/airflow/example_dags/example_short_circuit_decorator.py
[2022-09-22T03:51:21.863+0000] {processor.py:758} INFO - Processing file /home/airflow/.local/lib/python3.7/site-packages/airflow/example_dags/example_short_circuit_decorator.py for tasks to queue
[2022-09-22T03:51:21.864+0000] {logging_mixin.py:117} INFO - [2022-09-22T03:51:21.863+0000] {dagbag.py:525} INFO - Filling up the DagBag from /home/airflow/.local/lib/python3.7/site-packages/airflow/example_dags/example_short_circuit_decorator.py
[2022-09-22T03:51:21.887+0000] {processor.py:768} INFO - DAG(s) dict_keys(['example_short_circuit_decorator']) retrieved from /home/airflow/.local/lib/python3.7/site-packages/airflow/example_dags/example_short_circuit_decorator.py
[2022-09-22T03:51:21.923+0000] {logging_mixin.py:117} INFO - [2022-09-22T03:51:21.922+0000] {dag.py:2573} INFO - Sync 1 DAGs
[2022-09-22T03:51:21.947+0000] {logging_mixin.py:117} INFO - [2022-09-22T03:51:21.947+0000] {dag.py:3328} INFO - Setting next_dagrun for example_short_circuit_decorator to 2022-09-21T03:51:21.946821+00:00, run_after=2022-09-22T03:51:21.946821+00:00
[2022-09-22T03:51:21.963+0000] {processor.py:178} INFO - Processing /home/airflow/.local/lib/python3.7/site-packages/airflow/example_dags/example_short_circuit_decorator.py took 0.102 seconds
[2022-09-22T03:51:52.009+0000] {processor.py:156} INFO - Started process (PID=471) to work on /home/airflow/.local/lib/python3.7/site-packages/airflow/example_dags/example_short_circuit_decorator.py
[2022-09-22T03:51:52.010+0000] {processor.py:758} INFO - Processing file /home/airflow/.local/lib/python3.7/site-packages/airflow/example_dags/example_short_circuit_decorator.py for tasks to queue
[2022-09-22T03:51:52.011+0000] {logging_mixin.py:117} INFO - [2022-09-22T03:51:52.011+0000] {dagbag.py:525} INFO - Filling up the DagBag from /home/airflow/.local/lib/python3.7/site-packages/airflow/example_dags/example_short_circuit_decorator.py
[2022-09-22T03:51:52.035+0000] {processor.py:768} INFO - DAG(s) dict_keys(['example_short_circuit_decorator']) retrieved from /home/airflow/.local/lib/python3.7/site-packages/airflow/example_dags/example_short_circuit_decorator.py
[2022-09-22T03:51:52.073+0000] {logging_mixin.py:117} INFO - [2022-09-22T03:51:52.073+0000] {dag.py:2573} INFO - Sync 1 DAGs
[2022-09-22T03:51:52.098+0000] {logging_mixin.py:117} INFO - [2022-09-22T03:51:52.098+0000] {dag.py:3328} INFO - Setting next_dagrun for example_short_circuit_decorator to 2022-09-21T03:51:52.098151+00:00, run_after=2022-09-22T03:51:52.098151+00:00
[2022-09-22T03:51:52.117+0000] {processor.py:178} INFO - Processing /home/airflow/.local/lib/python3.7/site-packages/airflow/example_dags/example_short_circuit_decorator.py took 0.110 seconds
[2022-09-22T03:52:22.473+0000] {processor.py:156} INFO - Started process (PID=534) to work on /home/airflow/.local/lib/python3.7/site-packages/airflow/example_dags/example_short_circuit_decorator.py
[2022-09-22T03:52:22.473+0000] {processor.py:758} INFO - Processing file /home/airflow/.local/lib/python3.7/site-packages/airflow/example_dags/example_short_circuit_decorator.py for tasks to queue
[2022-09-22T03:52:22.474+0000] {logging_mixin.py:117} INFO - [2022-09-22T03:52:22.474+0000] {dagbag.py:525} INFO - Filling up the DagBag from /home/airflow/.local/lib/python3.7/site-packages/airflow/example_dags/example_short_circuit_decorator.py
[2022-09-22T03:52:22.496+0000] {processor.py:768} INFO - DAG(s) dict_keys(['example_short_circuit_decorator']) retrieved from /home/airflow/.local/lib/python3.7/site-packages/airflow/example_dags/example_short_circuit_decorator.py
[2022-09-22T03:52:22.533+0000] {logging_mixin.py:117} INFO - [2022-09-22T03:52:22.533+0000] {dag.py:2573} INFO - Sync 1 DAGs
[2022-09-22T03:52:22.557+0000] {logging_mixin.py:117} INFO - [2022-09-22T03:52:22.557+0000] {dag.py:3328} INFO - Setting next_dagrun for example_short_circuit_decorator to 2022-09-21T03:52:22.556980+00:00, run_after=2022-09-22T03:52:22.556980+00:00
[2022-09-22T03:52:22.573+0000] {processor.py:178} INFO - Processing /home/airflow/.local/lib/python3.7/site-packages/airflow/example_dags/example_short_circuit_decorator.py took 0.103 seconds
