[2022-09-22T03:48:20.102+0000] {processor.py:156} INFO - Started process (PID=74) to work on /home/airflow/.local/lib/python3.7/site-packages/airflow/example_dags/example_complex.py
[2022-09-22T03:48:20.102+0000] {processor.py:758} INFO - Processing file /home/airflow/.local/lib/python3.7/site-packages/airflow/example_dags/example_complex.py for tasks to queue
[2022-09-22T03:48:20.103+0000] {logging_mixin.py:117} INFO - [2022-09-22T03:48:20.103+0000] {dagbag.py:525} INFO - Filling up the DagBag from /home/airflow/.local/lib/python3.7/site-packages/airflow/example_dags/example_complex.py
[2022-09-22T03:48:20.125+0000] {processor.py:768} INFO - DAG(s) dict_keys(['example_complex']) retrieved from /home/airflow/.local/lib/python3.7/site-packages/airflow/example_dags/example_complex.py
[2022-09-22T03:48:20.149+0000] {logging_mixin.py:117} INFO - [2022-09-22T03:48:20.148+0000] {dag.py:2573} INFO - Sync 1 DAGs
[2022-09-22T03:48:20.176+0000] {logging_mixin.py:117} INFO - [2022-09-22T03:48:20.176+0000] {dag.py:3328} INFO - Setting next_dagrun for example_complex to None, run_after=None
[2022-09-22T03:48:20.197+0000] {processor.py:178} INFO - Processing /home/airflow/.local/lib/python3.7/site-packages/airflow/example_dags/example_complex.py took 0.098 seconds
[2022-09-22T03:48:50.736+0000] {processor.py:156} INFO - Started process (PID=129) to work on /home/airflow/.local/lib/python3.7/site-packages/airflow/example_dags/example_complex.py
[2022-09-22T03:48:50.736+0000] {processor.py:758} INFO - Processing file /home/airflow/.local/lib/python3.7/site-packages/airflow/example_dags/example_complex.py for tasks to queue
[2022-09-22T03:48:50.737+0000] {logging_mixin.py:117} INFO - [2022-09-22T03:48:50.736+0000] {dagbag.py:525} INFO - Filling up the DagBag from /home/airflow/.local/lib/python3.7/site-packages/airflow/example_dags/example_complex.py
[2022-09-22T03:48:50.756+0000] {processor.py:768} INFO - DAG(s) dict_keys(['example_complex']) retrieved from /home/airflow/.local/lib/python3.7/site-packages/airflow/example_dags/example_complex.py
[2022-09-22T03:48:50.796+0000] {logging_mixin.py:117} INFO - [2022-09-22T03:48:50.796+0000] {dag.py:2573} INFO - Sync 1 DAGs
[2022-09-22T03:48:50.818+0000] {logging_mixin.py:117} INFO - [2022-09-22T03:48:50.818+0000] {dag.py:3328} INFO - Setting next_dagrun for example_complex to None, run_after=None
[2022-09-22T03:48:50.834+0000] {processor.py:178} INFO - Processing /home/airflow/.local/lib/python3.7/site-packages/airflow/example_dags/example_complex.py took 0.100 seconds
[2022-09-22T03:49:21.097+0000] {processor.py:156} INFO - Started process (PID=192) to work on /home/airflow/.local/lib/python3.7/site-packages/airflow/example_dags/example_complex.py
[2022-09-22T03:49:21.098+0000] {processor.py:758} INFO - Processing file /home/airflow/.local/lib/python3.7/site-packages/airflow/example_dags/example_complex.py for tasks to queue
[2022-09-22T03:49:21.099+0000] {logging_mixin.py:117} INFO - [2022-09-22T03:49:21.098+0000] {dagbag.py:525} INFO - Filling up the DagBag from /home/airflow/.local/lib/python3.7/site-packages/airflow/example_dags/example_complex.py
[2022-09-22T03:49:21.121+0000] {processor.py:768} INFO - DAG(s) dict_keys(['example_complex']) retrieved from /home/airflow/.local/lib/python3.7/site-packages/airflow/example_dags/example_complex.py
[2022-09-22T03:49:21.163+0000] {logging_mixin.py:117} INFO - [2022-09-22T03:49:21.162+0000] {dag.py:2573} INFO - Sync 1 DAGs
[2022-09-22T03:49:21.189+0000] {logging_mixin.py:117} INFO - [2022-09-22T03:49:21.189+0000] {dag.py:3328} INFO - Setting next_dagrun for example_complex to None, run_after=None
[2022-09-22T03:49:21.210+0000] {processor.py:178} INFO - Processing /home/airflow/.local/lib/python3.7/site-packages/airflow/example_dags/example_complex.py took 0.115 seconds
[2022-09-22T03:49:51.674+0000] {processor.py:156} INFO - Started process (PID=255) to work on /home/airflow/.local/lib/python3.7/site-packages/airflow/example_dags/example_complex.py
[2022-09-22T03:49:51.674+0000] {processor.py:758} INFO - Processing file /home/airflow/.local/lib/python3.7/site-packages/airflow/example_dags/example_complex.py for tasks to queue
[2022-09-22T03:49:51.674+0000] {logging_mixin.py:117} INFO - [2022-09-22T03:49:51.674+0000] {dagbag.py:525} INFO - Filling up the DagBag from /home/airflow/.local/lib/python3.7/site-packages/airflow/example_dags/example_complex.py
[2022-09-22T03:49:51.695+0000] {processor.py:768} INFO - DAG(s) dict_keys(['example_complex']) retrieved from /home/airflow/.local/lib/python3.7/site-packages/airflow/example_dags/example_complex.py
[2022-09-22T03:49:51.736+0000] {logging_mixin.py:117} INFO - [2022-09-22T03:49:51.736+0000] {dag.py:2573} INFO - Sync 1 DAGs
[2022-09-22T03:49:51.760+0000] {logging_mixin.py:117} INFO - [2022-09-22T03:49:51.760+0000] {dag.py:3328} INFO - Setting next_dagrun for example_complex to None, run_after=None
[2022-09-22T03:49:51.775+0000] {processor.py:178} INFO - Processing /home/airflow/.local/lib/python3.7/site-packages/airflow/example_dags/example_complex.py took 0.104 seconds
[2022-09-22T03:50:22.214+0000] {processor.py:156} INFO - Started process (PID=309) to work on /home/airflow/.local/lib/python3.7/site-packages/airflow/example_dags/example_complex.py
[2022-09-22T03:50:22.216+0000] {processor.py:758} INFO - Processing file /home/airflow/.local/lib/python3.7/site-packages/airflow/example_dags/example_complex.py for tasks to queue
[2022-09-22T03:50:22.217+0000] {logging_mixin.py:117} INFO - [2022-09-22T03:50:22.217+0000] {dagbag.py:525} INFO - Filling up the DagBag from /home/airflow/.local/lib/python3.7/site-packages/airflow/example_dags/example_complex.py
[2022-09-22T03:50:22.245+0000] {processor.py:768} INFO - DAG(s) dict_keys(['example_complex']) retrieved from /home/airflow/.local/lib/python3.7/site-packages/airflow/example_dags/example_complex.py
[2022-09-22T03:50:22.295+0000] {logging_mixin.py:117} INFO - [2022-09-22T03:50:22.295+0000] {dag.py:2573} INFO - Sync 1 DAGs
[2022-09-22T03:50:22.325+0000] {logging_mixin.py:117} INFO - [2022-09-22T03:50:22.325+0000] {dag.py:3328} INFO - Setting next_dagrun for example_complex to None, run_after=None
[2022-09-22T03:50:22.348+0000] {processor.py:178} INFO - Processing /home/airflow/.local/lib/python3.7/site-packages/airflow/example_dags/example_complex.py took 0.136 seconds
[2022-09-22T03:50:52.736+0000] {processor.py:156} INFO - Started process (PID=372) to work on /home/airflow/.local/lib/python3.7/site-packages/airflow/example_dags/example_complex.py
[2022-09-22T03:50:52.737+0000] {processor.py:758} INFO - Processing file /home/airflow/.local/lib/python3.7/site-packages/airflow/example_dags/example_complex.py for tasks to queue
[2022-09-22T03:50:52.737+0000] {logging_mixin.py:117} INFO - [2022-09-22T03:50:52.737+0000] {dagbag.py:525} INFO - Filling up the DagBag from /home/airflow/.local/lib/python3.7/site-packages/airflow/example_dags/example_complex.py
[2022-09-22T03:50:52.757+0000] {processor.py:768} INFO - DAG(s) dict_keys(['example_complex']) retrieved from /home/airflow/.local/lib/python3.7/site-packages/airflow/example_dags/example_complex.py
[2022-09-22T03:50:52.798+0000] {logging_mixin.py:117} INFO - [2022-09-22T03:50:52.798+0000] {dag.py:2573} INFO - Sync 1 DAGs
[2022-09-22T03:50:52.823+0000] {logging_mixin.py:117} INFO - [2022-09-22T03:50:52.823+0000] {dag.py:3328} INFO - Setting next_dagrun for example_complex to None, run_after=None
[2022-09-22T03:50:52.838+0000] {processor.py:178} INFO - Processing /home/airflow/.local/lib/python3.7/site-packages/airflow/example_dags/example_complex.py took 0.104 seconds
[2022-09-22T03:51:23.443+0000] {processor.py:156} INFO - Started process (PID=437) to work on /home/airflow/.local/lib/python3.7/site-packages/airflow/example_dags/example_complex.py
[2022-09-22T03:51:23.444+0000] {processor.py:758} INFO - Processing file /home/airflow/.local/lib/python3.7/site-packages/airflow/example_dags/example_complex.py for tasks to queue
[2022-09-22T03:51:23.444+0000] {logging_mixin.py:117} INFO - [2022-09-22T03:51:23.444+0000] {dagbag.py:525} INFO - Filling up the DagBag from /home/airflow/.local/lib/python3.7/site-packages/airflow/example_dags/example_complex.py
[2022-09-22T03:51:23.465+0000] {processor.py:768} INFO - DAG(s) dict_keys(['example_complex']) retrieved from /home/airflow/.local/lib/python3.7/site-packages/airflow/example_dags/example_complex.py
[2022-09-22T03:51:23.512+0000] {logging_mixin.py:117} INFO - [2022-09-22T03:51:23.512+0000] {dag.py:2573} INFO - Sync 1 DAGs
[2022-09-22T03:51:23.537+0000] {logging_mixin.py:117} INFO - [2022-09-22T03:51:23.537+0000] {dag.py:3328} INFO - Setting next_dagrun for example_complex to None, run_after=None
[2022-09-22T03:51:23.556+0000] {processor.py:178} INFO - Processing /home/airflow/.local/lib/python3.7/site-packages/airflow/example_dags/example_complex.py took 0.115 seconds
[2022-09-22T03:51:53.715+0000] {processor.py:156} INFO - Started process (PID=500) to work on /home/airflow/.local/lib/python3.7/site-packages/airflow/example_dags/example_complex.py
[2022-09-22T03:51:53.715+0000] {processor.py:758} INFO - Processing file /home/airflow/.local/lib/python3.7/site-packages/airflow/example_dags/example_complex.py for tasks to queue
[2022-09-22T03:51:53.716+0000] {logging_mixin.py:117} INFO - [2022-09-22T03:51:53.716+0000] {dagbag.py:525} INFO - Filling up the DagBag from /home/airflow/.local/lib/python3.7/site-packages/airflow/example_dags/example_complex.py
[2022-09-22T03:51:53.738+0000] {processor.py:768} INFO - DAG(s) dict_keys(['example_complex']) retrieved from /home/airflow/.local/lib/python3.7/site-packages/airflow/example_dags/example_complex.py
[2022-09-22T03:51:53.782+0000] {logging_mixin.py:117} INFO - [2022-09-22T03:51:53.782+0000] {dag.py:2573} INFO - Sync 1 DAGs
[2022-09-22T03:51:53.808+0000] {logging_mixin.py:117} INFO - [2022-09-22T03:51:53.807+0000] {dag.py:3328} INFO - Setting next_dagrun for example_complex to None, run_after=None
[2022-09-22T03:51:53.825+0000] {processor.py:178} INFO - Processing /home/airflow/.local/lib/python3.7/site-packages/airflow/example_dags/example_complex.py took 0.113 seconds
[2022-09-22T03:52:24.009+0000] {processor.py:156} INFO - Started process (PID=554) to work on /home/airflow/.local/lib/python3.7/site-packages/airflow/example_dags/example_complex.py
[2022-09-22T03:52:24.010+0000] {processor.py:758} INFO - Processing file /home/airflow/.local/lib/python3.7/site-packages/airflow/example_dags/example_complex.py for tasks to queue
[2022-09-22T03:52:24.010+0000] {logging_mixin.py:117} INFO - [2022-09-22T03:52:24.010+0000] {dagbag.py:525} INFO - Filling up the DagBag from /home/airflow/.local/lib/python3.7/site-packages/airflow/example_dags/example_complex.py
[2022-09-22T03:52:24.030+0000] {processor.py:768} INFO - DAG(s) dict_keys(['example_complex']) retrieved from /home/airflow/.local/lib/python3.7/site-packages/airflow/example_dags/example_complex.py
[2022-09-22T03:52:24.074+0000] {logging_mixin.py:117} INFO - [2022-09-22T03:52:24.074+0000] {dag.py:2573} INFO - Sync 1 DAGs
[2022-09-22T03:52:24.098+0000] {logging_mixin.py:117} INFO - [2022-09-22T03:52:24.098+0000] {dag.py:3328} INFO - Setting next_dagrun for example_complex to None, run_after=None
[2022-09-22T03:52:24.115+0000] {processor.py:178} INFO - Processing /home/airflow/.local/lib/python3.7/site-packages/airflow/example_dags/example_complex.py took 0.108 seconds
