[2022-09-22T03:48:20.348+0000] {processor.py:156} INFO - Started process (PID=77) to work on /home/airflow/.local/lib/python3.7/site-packages/airflow/example_dags/example_xcomargs.py
[2022-09-22T03:48:20.349+0000] {processor.py:758} INFO - Processing file /home/airflow/.local/lib/python3.7/site-packages/airflow/example_dags/example_xcomargs.py for tasks to queue
[2022-09-22T03:48:20.349+0000] {logging_mixin.py:117} INFO - [2022-09-22T03:48:20.349+0000] {dagbag.py:525} INFO - Filling up the DagBag from /home/airflow/.local/lib/python3.7/site-packages/airflow/example_dags/example_xcomargs.py
[2022-09-22T03:48:20.390+0000] {processor.py:768} INFO - DAG(s) dict_keys(['example_xcom_args', 'example_xcom_args_with_operators']) retrieved from /home/airflow/.local/lib/python3.7/site-packages/airflow/example_dags/example_xcomargs.py
[2022-09-22T03:48:20.429+0000] {logging_mixin.py:117} INFO - [2022-09-22T03:48:20.429+0000] {dag.py:2573} INFO - Sync 2 DAGs
[2022-09-22T03:48:20.465+0000] {logging_mixin.py:117} INFO - [2022-09-22T03:48:20.464+0000] {dag.py:3328} INFO - Setting next_dagrun for example_xcom_args to None, run_after=None
[2022-09-22T03:48:20.469+0000] {logging_mixin.py:117} INFO - [2022-09-22T03:48:20.469+0000] {dag.py:3328} INFO - Setting next_dagrun for example_xcom_args_with_operators to None, run_after=None
[2022-09-22T03:48:20.491+0000] {processor.py:178} INFO - Processing /home/airflow/.local/lib/python3.7/site-packages/airflow/example_dags/example_xcomargs.py took 0.146 seconds
[2022-09-22T03:48:50.961+0000] {processor.py:156} INFO - Started process (PID=132) to work on /home/airflow/.local/lib/python3.7/site-packages/airflow/example_dags/example_xcomargs.py
[2022-09-22T03:48:50.961+0000] {processor.py:758} INFO - Processing file /home/airflow/.local/lib/python3.7/site-packages/airflow/example_dags/example_xcomargs.py for tasks to queue
[2022-09-22T03:48:50.962+0000] {logging_mixin.py:117} INFO - [2022-09-22T03:48:50.962+0000] {dagbag.py:525} INFO - Filling up the DagBag from /home/airflow/.local/lib/python3.7/site-packages/airflow/example_dags/example_xcomargs.py
[2022-09-22T03:48:50.984+0000] {processor.py:768} INFO - DAG(s) dict_keys(['example_xcom_args_with_operators', 'example_xcom_args']) retrieved from /home/airflow/.local/lib/python3.7/site-packages/airflow/example_dags/example_xcomargs.py
[2022-09-22T03:48:51.019+0000] {logging_mixin.py:117} INFO - [2022-09-22T03:48:51.019+0000] {dag.py:2573} INFO - Sync 2 DAGs
[2022-09-22T03:48:51.042+0000] {logging_mixin.py:117} INFO - [2022-09-22T03:48:51.042+0000] {dag.py:3328} INFO - Setting next_dagrun for example_xcom_args to None, run_after=None
[2022-09-22T03:48:51.045+0000] {logging_mixin.py:117} INFO - [2022-09-22T03:48:51.045+0000] {dag.py:3328} INFO - Setting next_dagrun for example_xcom_args_with_operators to None, run_after=None
[2022-09-22T03:48:51.060+0000] {processor.py:178} INFO - Processing /home/airflow/.local/lib/python3.7/site-packages/airflow/example_dags/example_xcomargs.py took 0.102 seconds
[2022-09-22T03:49:21.479+0000] {processor.py:156} INFO - Started process (PID=196) to work on /home/airflow/.local/lib/python3.7/site-packages/airflow/example_dags/example_xcomargs.py
[2022-09-22T03:49:21.480+0000] {processor.py:758} INFO - Processing file /home/airflow/.local/lib/python3.7/site-packages/airflow/example_dags/example_xcomargs.py for tasks to queue
[2022-09-22T03:49:21.480+0000] {logging_mixin.py:117} INFO - [2022-09-22T03:49:21.480+0000] {dagbag.py:525} INFO - Filling up the DagBag from /home/airflow/.local/lib/python3.7/site-packages/airflow/example_dags/example_xcomargs.py
[2022-09-22T03:49:21.502+0000] {processor.py:768} INFO - DAG(s) dict_keys(['example_xcom_args_with_operators', 'example_xcom_args']) retrieved from /home/airflow/.local/lib/python3.7/site-packages/airflow/example_dags/example_xcomargs.py
[2022-09-22T03:49:21.535+0000] {logging_mixin.py:117} INFO - [2022-09-22T03:49:21.535+0000] {dag.py:2573} INFO - Sync 2 DAGs
[2022-09-22T03:49:21.558+0000] {logging_mixin.py:117} INFO - [2022-09-22T03:49:21.558+0000] {dag.py:3328} INFO - Setting next_dagrun for example_xcom_args to None, run_after=None
[2022-09-22T03:49:21.560+0000] {logging_mixin.py:117} INFO - [2022-09-22T03:49:21.560+0000] {dag.py:3328} INFO - Setting next_dagrun for example_xcom_args_with_operators to None, run_after=None
[2022-09-22T03:49:21.573+0000] {processor.py:178} INFO - Processing /home/airflow/.local/lib/python3.7/site-packages/airflow/example_dags/example_xcomargs.py took 0.097 seconds
[2022-09-22T03:49:52.065+0000] {processor.py:156} INFO - Started process (PID=259) to work on /home/airflow/.local/lib/python3.7/site-packages/airflow/example_dags/example_xcomargs.py
[2022-09-22T03:49:52.065+0000] {processor.py:758} INFO - Processing file /home/airflow/.local/lib/python3.7/site-packages/airflow/example_dags/example_xcomargs.py for tasks to queue
[2022-09-22T03:49:52.066+0000] {logging_mixin.py:117} INFO - [2022-09-22T03:49:52.066+0000] {dagbag.py:525} INFO - Filling up the DagBag from /home/airflow/.local/lib/python3.7/site-packages/airflow/example_dags/example_xcomargs.py
[2022-09-22T03:49:52.091+0000] {processor.py:768} INFO - DAG(s) dict_keys(['example_xcom_args', 'example_xcom_args_with_operators']) retrieved from /home/airflow/.local/lib/python3.7/site-packages/airflow/example_dags/example_xcomargs.py
[2022-09-22T03:49:52.130+0000] {logging_mixin.py:117} INFO - [2022-09-22T03:49:52.130+0000] {dag.py:2573} INFO - Sync 2 DAGs
[2022-09-22T03:49:52.154+0000] {logging_mixin.py:117} INFO - [2022-09-22T03:49:52.154+0000] {dag.py:3328} INFO - Setting next_dagrun for example_xcom_args to None, run_after=None
[2022-09-22T03:49:52.157+0000] {logging_mixin.py:117} INFO - [2022-09-22T03:49:52.157+0000] {dag.py:3328} INFO - Setting next_dagrun for example_xcom_args_with_operators to None, run_after=None
[2022-09-22T03:49:52.172+0000] {processor.py:178} INFO - Processing /home/airflow/.local/lib/python3.7/site-packages/airflow/example_dags/example_xcomargs.py took 0.109 seconds
[2022-09-22T03:50:22.588+0000] {processor.py:156} INFO - Started process (PID=322) to work on /home/airflow/.local/lib/python3.7/site-packages/airflow/example_dags/example_xcomargs.py
[2022-09-22T03:50:22.589+0000] {processor.py:758} INFO - Processing file /home/airflow/.local/lib/python3.7/site-packages/airflow/example_dags/example_xcomargs.py for tasks to queue
[2022-09-22T03:50:22.589+0000] {logging_mixin.py:117} INFO - [2022-09-22T03:50:22.589+0000] {dagbag.py:525} INFO - Filling up the DagBag from /home/airflow/.local/lib/python3.7/site-packages/airflow/example_dags/example_xcomargs.py
[2022-09-22T03:50:22.613+0000] {processor.py:768} INFO - DAG(s) dict_keys(['example_xcom_args_with_operators', 'example_xcom_args']) retrieved from /home/airflow/.local/lib/python3.7/site-packages/airflow/example_dags/example_xcomargs.py
[2022-09-22T03:50:22.651+0000] {logging_mixin.py:117} INFO - [2022-09-22T03:50:22.651+0000] {dag.py:2573} INFO - Sync 2 DAGs
[2022-09-22T03:50:22.675+0000] {logging_mixin.py:117} INFO - [2022-09-22T03:50:22.675+0000] {dag.py:3328} INFO - Setting next_dagrun for example_xcom_args to None, run_after=None
[2022-09-22T03:50:22.678+0000] {logging_mixin.py:117} INFO - [2022-09-22T03:50:22.678+0000] {dag.py:3328} INFO - Setting next_dagrun for example_xcom_args_with_operators to None, run_after=None
[2022-09-22T03:50:22.693+0000] {processor.py:178} INFO - Processing /home/airflow/.local/lib/python3.7/site-packages/airflow/example_dags/example_xcomargs.py took 0.107 seconds
[2022-09-22T03:50:53.062+0000] {processor.py:156} INFO - Started process (PID=376) to work on /home/airflow/.local/lib/python3.7/site-packages/airflow/example_dags/example_xcomargs.py
[2022-09-22T03:50:53.063+0000] {processor.py:758} INFO - Processing file /home/airflow/.local/lib/python3.7/site-packages/airflow/example_dags/example_xcomargs.py for tasks to queue
[2022-09-22T03:50:53.063+0000] {logging_mixin.py:117} INFO - [2022-09-22T03:50:53.063+0000] {dagbag.py:525} INFO - Filling up the DagBag from /home/airflow/.local/lib/python3.7/site-packages/airflow/example_dags/example_xcomargs.py
[2022-09-22T03:50:53.088+0000] {processor.py:768} INFO - DAG(s) dict_keys(['example_xcom_args', 'example_xcom_args_with_operators']) retrieved from /home/airflow/.local/lib/python3.7/site-packages/airflow/example_dags/example_xcomargs.py
[2022-09-22T03:50:53.128+0000] {logging_mixin.py:117} INFO - [2022-09-22T03:50:53.127+0000] {dag.py:2573} INFO - Sync 2 DAGs
[2022-09-22T03:50:53.153+0000] {logging_mixin.py:117} INFO - [2022-09-22T03:50:53.153+0000] {dag.py:3328} INFO - Setting next_dagrun for example_xcom_args to None, run_after=None
[2022-09-22T03:50:53.156+0000] {logging_mixin.py:117} INFO - [2022-09-22T03:50:53.156+0000] {dag.py:3328} INFO - Setting next_dagrun for example_xcom_args_with_operators to None, run_after=None
[2022-09-22T03:50:53.172+0000] {processor.py:178} INFO - Processing /home/airflow/.local/lib/python3.7/site-packages/airflow/example_dags/example_xcomargs.py took 0.112 seconds
[2022-09-22T03:51:23.772+0000] {processor.py:156} INFO - Started process (PID=440) to work on /home/airflow/.local/lib/python3.7/site-packages/airflow/example_dags/example_xcomargs.py
[2022-09-22T03:51:23.773+0000] {processor.py:758} INFO - Processing file /home/airflow/.local/lib/python3.7/site-packages/airflow/example_dags/example_xcomargs.py for tasks to queue
[2022-09-22T03:51:23.774+0000] {logging_mixin.py:117} INFO - [2022-09-22T03:51:23.773+0000] {dagbag.py:525} INFO - Filling up the DagBag from /home/airflow/.local/lib/python3.7/site-packages/airflow/example_dags/example_xcomargs.py
[2022-09-22T03:51:23.806+0000] {processor.py:768} INFO - DAG(s) dict_keys(['example_xcom_args_with_operators', 'example_xcom_args']) retrieved from /home/airflow/.local/lib/python3.7/site-packages/airflow/example_dags/example_xcomargs.py
[2022-09-22T03:51:23.859+0000] {logging_mixin.py:117} INFO - [2022-09-22T03:51:23.858+0000] {dag.py:2573} INFO - Sync 2 DAGs
[2022-09-22T03:51:23.897+0000] {logging_mixin.py:117} INFO - [2022-09-22T03:51:23.897+0000] {dag.py:3328} INFO - Setting next_dagrun for example_xcom_args to None, run_after=None
[2022-09-22T03:51:23.902+0000] {logging_mixin.py:117} INFO - [2022-09-22T03:51:23.902+0000] {dag.py:3328} INFO - Setting next_dagrun for example_xcom_args_with_operators to None, run_after=None
[2022-09-22T03:51:23.922+0000] {processor.py:178} INFO - Processing /home/airflow/.local/lib/python3.7/site-packages/airflow/example_dags/example_xcomargs.py took 0.154 seconds
[2022-09-22T03:51:54.097+0000] {processor.py:156} INFO - Started process (PID=504) to work on /home/airflow/.local/lib/python3.7/site-packages/airflow/example_dags/example_xcomargs.py
[2022-09-22T03:51:54.098+0000] {processor.py:758} INFO - Processing file /home/airflow/.local/lib/python3.7/site-packages/airflow/example_dags/example_xcomargs.py for tasks to queue
[2022-09-22T03:51:54.099+0000] {logging_mixin.py:117} INFO - [2022-09-22T03:51:54.099+0000] {dagbag.py:525} INFO - Filling up the DagBag from /home/airflow/.local/lib/python3.7/site-packages/airflow/example_dags/example_xcomargs.py
[2022-09-22T03:51:54.123+0000] {processor.py:768} INFO - DAG(s) dict_keys(['example_xcom_args_with_operators', 'example_xcom_args']) retrieved from /home/airflow/.local/lib/python3.7/site-packages/airflow/example_dags/example_xcomargs.py
[2022-09-22T03:51:54.170+0000] {logging_mixin.py:117} INFO - [2022-09-22T03:51:54.170+0000] {dag.py:2573} INFO - Sync 2 DAGs
[2022-09-22T03:51:54.206+0000] {logging_mixin.py:117} INFO - [2022-09-22T03:51:54.206+0000] {dag.py:3328} INFO - Setting next_dagrun for example_xcom_args to None, run_after=None
[2022-09-22T03:51:54.211+0000] {logging_mixin.py:117} INFO - [2022-09-22T03:51:54.211+0000] {dag.py:3328} INFO - Setting next_dagrun for example_xcom_args_with_operators to None, run_after=None
[2022-09-22T03:51:54.231+0000] {processor.py:178} INFO - Processing /home/airflow/.local/lib/python3.7/site-packages/airflow/example_dags/example_xcomargs.py took 0.136 seconds
[2022-09-22T03:52:24.249+0000] {processor.py:156} INFO - Started process (PID=558) to work on /home/airflow/.local/lib/python3.7/site-packages/airflow/example_dags/example_xcomargs.py
[2022-09-22T03:52:24.249+0000] {processor.py:758} INFO - Processing file /home/airflow/.local/lib/python3.7/site-packages/airflow/example_dags/example_xcomargs.py for tasks to queue
[2022-09-22T03:52:24.250+0000] {logging_mixin.py:117} INFO - [2022-09-22T03:52:24.250+0000] {dagbag.py:525} INFO - Filling up the DagBag from /home/airflow/.local/lib/python3.7/site-packages/airflow/example_dags/example_xcomargs.py
[2022-09-22T03:52:24.272+0000] {processor.py:768} INFO - DAG(s) dict_keys(['example_xcom_args', 'example_xcom_args_with_operators']) retrieved from /home/airflow/.local/lib/python3.7/site-packages/airflow/example_dags/example_xcomargs.py
[2022-09-22T03:52:24.310+0000] {logging_mixin.py:117} INFO - [2022-09-22T03:52:24.310+0000] {dag.py:2573} INFO - Sync 2 DAGs
[2022-09-22T03:52:24.333+0000] {logging_mixin.py:117} INFO - [2022-09-22T03:52:24.333+0000] {dag.py:3328} INFO - Setting next_dagrun for example_xcom_args to None, run_after=None
[2022-09-22T03:52:24.336+0000] {logging_mixin.py:117} INFO - [2022-09-22T03:52:24.336+0000] {dag.py:3328} INFO - Setting next_dagrun for example_xcom_args_with_operators to None, run_after=None
[2022-09-22T03:52:24.350+0000] {processor.py:178} INFO - Processing /home/airflow/.local/lib/python3.7/site-packages/airflow/example_dags/example_xcomargs.py took 0.104 seconds
