[2022-09-22T03:48:19.475+0000] {processor.py:156} INFO - Started process (PID=64) to work on /home/airflow/.local/lib/python3.7/site-packages/airflow/example_dags/example_task_group_decorator.py
[2022-09-22T03:48:19.476+0000] {processor.py:758} INFO - Processing file /home/airflow/.local/lib/python3.7/site-packages/airflow/example_dags/example_task_group_decorator.py for tasks to queue
[2022-09-22T03:48:19.476+0000] {logging_mixin.py:117} INFO - [2022-09-22T03:48:19.476+0000] {dagbag.py:525} INFO - Filling up the DagBag from /home/airflow/.local/lib/python3.7/site-packages/airflow/example_dags/example_task_group_decorator.py
[2022-09-22T03:48:19.510+0000] {processor.py:768} INFO - DAG(s) dict_keys(['example_task_group_decorator']) retrieved from /home/airflow/.local/lib/python3.7/site-packages/airflow/example_dags/example_task_group_decorator.py
[2022-09-22T03:48:19.533+0000] {logging_mixin.py:117} INFO - [2022-09-22T03:48:19.533+0000] {dag.py:2573} INFO - Sync 1 DAGs
[2022-09-22T03:48:19.560+0000] {logging_mixin.py:117} INFO - [2022-09-22T03:48:19.560+0000] {dag.py:3328} INFO - Setting next_dagrun for example_task_group_decorator to 2022-09-21T03:48:19.560188+00:00, run_after=2022-09-22T03:48:19.560188+00:00
[2022-09-22T03:48:19.579+0000] {processor.py:178} INFO - Processing /home/airflow/.local/lib/python3.7/site-packages/airflow/example_dags/example_task_group_decorator.py took 0.106 seconds
[2022-09-22T03:48:50.135+0000] {processor.py:156} INFO - Started process (PID=119) to work on /home/airflow/.local/lib/python3.7/site-packages/airflow/example_dags/example_task_group_decorator.py
[2022-09-22T03:48:50.135+0000] {processor.py:758} INFO - Processing file /home/airflow/.local/lib/python3.7/site-packages/airflow/example_dags/example_task_group_decorator.py for tasks to queue
[2022-09-22T03:48:50.136+0000] {logging_mixin.py:117} INFO - [2022-09-22T03:48:50.136+0000] {dagbag.py:525} INFO - Filling up the DagBag from /home/airflow/.local/lib/python3.7/site-packages/airflow/example_dags/example_task_group_decorator.py
[2022-09-22T03:48:50.167+0000] {processor.py:768} INFO - DAG(s) dict_keys(['example_task_group_decorator']) retrieved from /home/airflow/.local/lib/python3.7/site-packages/airflow/example_dags/example_task_group_decorator.py
[2022-09-22T03:48:50.202+0000] {logging_mixin.py:117} INFO - [2022-09-22T03:48:50.202+0000] {dag.py:2573} INFO - Sync 1 DAGs
[2022-09-22T03:48:50.222+0000] {logging_mixin.py:117} INFO - [2022-09-22T03:48:50.222+0000] {dag.py:3328} INFO - Setting next_dagrun for example_task_group_decorator to 2022-09-21T03:48:50.222453+00:00, run_after=2022-09-22T03:48:50.222453+00:00
[2022-09-22T03:48:50.238+0000] {processor.py:178} INFO - Processing /home/airflow/.local/lib/python3.7/site-packages/airflow/example_dags/example_task_group_decorator.py took 0.105 seconds
[2022-09-22T03:49:20.594+0000] {processor.py:156} INFO - Started process (PID=183) to work on /home/airflow/.local/lib/python3.7/site-packages/airflow/example_dags/example_task_group_decorator.py
[2022-09-22T03:49:20.595+0000] {processor.py:758} INFO - Processing file /home/airflow/.local/lib/python3.7/site-packages/airflow/example_dags/example_task_group_decorator.py for tasks to queue
[2022-09-22T03:49:20.595+0000] {logging_mixin.py:117} INFO - [2022-09-22T03:49:20.595+0000] {dagbag.py:525} INFO - Filling up the DagBag from /home/airflow/.local/lib/python3.7/site-packages/airflow/example_dags/example_task_group_decorator.py
[2022-09-22T03:49:20.626+0000] {processor.py:768} INFO - DAG(s) dict_keys(['example_task_group_decorator']) retrieved from /home/airflow/.local/lib/python3.7/site-packages/airflow/example_dags/example_task_group_decorator.py
[2022-09-22T03:49:20.662+0000] {logging_mixin.py:117} INFO - [2022-09-22T03:49:20.662+0000] {dag.py:2573} INFO - Sync 1 DAGs
[2022-09-22T03:49:20.686+0000] {logging_mixin.py:117} INFO - [2022-09-22T03:49:20.686+0000] {dag.py:3328} INFO - Setting next_dagrun for example_task_group_decorator to 2022-09-21T03:49:20.685797+00:00, run_after=2022-09-22T03:49:20.685797+00:00
[2022-09-22T03:49:20.703+0000] {processor.py:178} INFO - Processing /home/airflow/.local/lib/python3.7/site-packages/airflow/example_dags/example_task_group_decorator.py took 0.111 seconds
[2022-09-22T03:49:51.053+0000] {processor.py:156} INFO - Started process (PID=246) to work on /home/airflow/.local/lib/python3.7/site-packages/airflow/example_dags/example_task_group_decorator.py
[2022-09-22T03:49:51.054+0000] {processor.py:758} INFO - Processing file /home/airflow/.local/lib/python3.7/site-packages/airflow/example_dags/example_task_group_decorator.py for tasks to queue
[2022-09-22T03:49:51.054+0000] {logging_mixin.py:117} INFO - [2022-09-22T03:49:51.054+0000] {dagbag.py:525} INFO - Filling up the DagBag from /home/airflow/.local/lib/python3.7/site-packages/airflow/example_dags/example_task_group_decorator.py
[2022-09-22T03:49:51.088+0000] {processor.py:768} INFO - DAG(s) dict_keys(['example_task_group_decorator']) retrieved from /home/airflow/.local/lib/python3.7/site-packages/airflow/example_dags/example_task_group_decorator.py
[2022-09-22T03:49:51.128+0000] {logging_mixin.py:117} INFO - [2022-09-22T03:49:51.128+0000] {dag.py:2573} INFO - Sync 1 DAGs
[2022-09-22T03:49:51.156+0000] {logging_mixin.py:117} INFO - [2022-09-22T03:49:51.156+0000] {dag.py:3328} INFO - Setting next_dagrun for example_task_group_decorator to 2022-09-21T03:49:51.156200+00:00, run_after=2022-09-22T03:49:51.156200+00:00
[2022-09-22T03:49:51.174+0000] {processor.py:178} INFO - Processing /home/airflow/.local/lib/python3.7/site-packages/airflow/example_dags/example_task_group_decorator.py took 0.123 seconds
[2022-09-22T03:50:21.650+0000] {processor.py:156} INFO - Started process (PID=300) to work on /home/airflow/.local/lib/python3.7/site-packages/airflow/example_dags/example_task_group_decorator.py
[2022-09-22T03:50:21.651+0000] {processor.py:758} INFO - Processing file /home/airflow/.local/lib/python3.7/site-packages/airflow/example_dags/example_task_group_decorator.py for tasks to queue
[2022-09-22T03:50:21.651+0000] {logging_mixin.py:117} INFO - [2022-09-22T03:50:21.651+0000] {dagbag.py:525} INFO - Filling up the DagBag from /home/airflow/.local/lib/python3.7/site-packages/airflow/example_dags/example_task_group_decorator.py
[2022-09-22T03:50:21.679+0000] {processor.py:768} INFO - DAG(s) dict_keys(['example_task_group_decorator']) retrieved from /home/airflow/.local/lib/python3.7/site-packages/airflow/example_dags/example_task_group_decorator.py
[2022-09-22T03:50:21.718+0000] {logging_mixin.py:117} INFO - [2022-09-22T03:50:21.718+0000] {dag.py:2573} INFO - Sync 1 DAGs
[2022-09-22T03:50:21.741+0000] {logging_mixin.py:117} INFO - [2022-09-22T03:50:21.741+0000] {dag.py:3328} INFO - Setting next_dagrun for example_task_group_decorator to 2022-09-21T03:50:21.741293+00:00, run_after=2022-09-22T03:50:21.741293+00:00
[2022-09-22T03:50:21.757+0000] {processor.py:178} INFO - Processing /home/airflow/.local/lib/python3.7/site-packages/airflow/example_dags/example_task_group_decorator.py took 0.110 seconds
[2022-09-22T03:50:52.234+0000] {processor.py:156} INFO - Started process (PID=363) to work on /home/airflow/.local/lib/python3.7/site-packages/airflow/example_dags/example_task_group_decorator.py
[2022-09-22T03:50:52.235+0000] {processor.py:758} INFO - Processing file /home/airflow/.local/lib/python3.7/site-packages/airflow/example_dags/example_task_group_decorator.py for tasks to queue
[2022-09-22T03:50:52.235+0000] {logging_mixin.py:117} INFO - [2022-09-22T03:50:52.235+0000] {dagbag.py:525} INFO - Filling up the DagBag from /home/airflow/.local/lib/python3.7/site-packages/airflow/example_dags/example_task_group_decorator.py
[2022-09-22T03:50:52.266+0000] {processor.py:768} INFO - DAG(s) dict_keys(['example_task_group_decorator']) retrieved from /home/airflow/.local/lib/python3.7/site-packages/airflow/example_dags/example_task_group_decorator.py
[2022-09-22T03:50:52.302+0000] {logging_mixin.py:117} INFO - [2022-09-22T03:50:52.302+0000] {dag.py:2573} INFO - Sync 1 DAGs
[2022-09-22T03:50:52.325+0000] {logging_mixin.py:117} INFO - [2022-09-22T03:50:52.324+0000] {dag.py:3328} INFO - Setting next_dagrun for example_task_group_decorator to 2022-09-21T03:50:52.324792+00:00, run_after=2022-09-22T03:50:52.324792+00:00
[2022-09-22T03:50:52.342+0000] {processor.py:178} INFO - Processing /home/airflow/.local/lib/python3.7/site-packages/airflow/example_dags/example_task_group_decorator.py took 0.110 seconds
[2022-09-22T03:51:22.742+0000] {processor.py:156} INFO - Started process (PID=427) to work on /home/airflow/.local/lib/python3.7/site-packages/airflow/example_dags/example_task_group_decorator.py
[2022-09-22T03:51:22.743+0000] {processor.py:758} INFO - Processing file /home/airflow/.local/lib/python3.7/site-packages/airflow/example_dags/example_task_group_decorator.py for tasks to queue
[2022-09-22T03:51:22.743+0000] {logging_mixin.py:117} INFO - [2022-09-22T03:51:22.743+0000] {dagbag.py:525} INFO - Filling up the DagBag from /home/airflow/.local/lib/python3.7/site-packages/airflow/example_dags/example_task_group_decorator.py
[2022-09-22T03:51:22.777+0000] {processor.py:768} INFO - DAG(s) dict_keys(['example_task_group_decorator']) retrieved from /home/airflow/.local/lib/python3.7/site-packages/airflow/example_dags/example_task_group_decorator.py
[2022-09-22T03:51:22.815+0000] {logging_mixin.py:117} INFO - [2022-09-22T03:51:22.815+0000] {dag.py:2573} INFO - Sync 1 DAGs
[2022-09-22T03:51:22.841+0000] {logging_mixin.py:117} INFO - [2022-09-22T03:51:22.841+0000] {dag.py:3328} INFO - Setting next_dagrun for example_task_group_decorator to 2022-09-21T03:51:22.841090+00:00, run_after=2022-09-22T03:51:22.841090+00:00
[2022-09-22T03:51:22.864+0000] {processor.py:178} INFO - Processing /home/airflow/.local/lib/python3.7/site-packages/airflow/example_dags/example_task_group_decorator.py took 0.125 seconds
[2022-09-22T03:51:53.145+0000] {processor.py:156} INFO - Started process (PID=489) to work on /home/airflow/.local/lib/python3.7/site-packages/airflow/example_dags/example_task_group_decorator.py
[2022-09-22T03:51:53.145+0000] {processor.py:758} INFO - Processing file /home/airflow/.local/lib/python3.7/site-packages/airflow/example_dags/example_task_group_decorator.py for tasks to queue
[2022-09-22T03:51:53.146+0000] {logging_mixin.py:117} INFO - [2022-09-22T03:51:53.146+0000] {dagbag.py:525} INFO - Filling up the DagBag from /home/airflow/.local/lib/python3.7/site-packages/airflow/example_dags/example_task_group_decorator.py
[2022-09-22T03:51:53.180+0000] {processor.py:768} INFO - DAG(s) dict_keys(['example_task_group_decorator']) retrieved from /home/airflow/.local/lib/python3.7/site-packages/airflow/example_dags/example_task_group_decorator.py
[2022-09-22T03:51:53.218+0000] {logging_mixin.py:117} INFO - [2022-09-22T03:51:53.218+0000] {dag.py:2573} INFO - Sync 1 DAGs
[2022-09-22T03:51:53.244+0000] {logging_mixin.py:117} INFO - [2022-09-22T03:51:53.244+0000] {dag.py:3328} INFO - Setting next_dagrun for example_task_group_decorator to 2022-09-21T03:51:53.243920+00:00, run_after=2022-09-22T03:51:53.243920+00:00
[2022-09-22T03:51:53.261+0000] {processor.py:178} INFO - Processing /home/airflow/.local/lib/python3.7/site-packages/airflow/example_dags/example_task_group_decorator.py took 0.119 seconds
[2022-09-22T03:52:23.481+0000] {processor.py:156} INFO - Started process (PID=545) to work on /home/airflow/.local/lib/python3.7/site-packages/airflow/example_dags/example_task_group_decorator.py
[2022-09-22T03:52:23.482+0000] {processor.py:758} INFO - Processing file /home/airflow/.local/lib/python3.7/site-packages/airflow/example_dags/example_task_group_decorator.py for tasks to queue
[2022-09-22T03:52:23.482+0000] {logging_mixin.py:117} INFO - [2022-09-22T03:52:23.482+0000] {dagbag.py:525} INFO - Filling up the DagBag from /home/airflow/.local/lib/python3.7/site-packages/airflow/example_dags/example_task_group_decorator.py
[2022-09-22T03:52:23.513+0000] {processor.py:768} INFO - DAG(s) dict_keys(['example_task_group_decorator']) retrieved from /home/airflow/.local/lib/python3.7/site-packages/airflow/example_dags/example_task_group_decorator.py
[2022-09-22T03:52:23.551+0000] {logging_mixin.py:117} INFO - [2022-09-22T03:52:23.551+0000] {dag.py:2573} INFO - Sync 1 DAGs
[2022-09-22T03:52:23.577+0000] {logging_mixin.py:117} INFO - [2022-09-22T03:52:23.577+0000] {dag.py:3328} INFO - Setting next_dagrun for example_task_group_decorator to 2022-09-21T03:52:23.577093+00:00, run_after=2022-09-22T03:52:23.577093+00:00
[2022-09-22T03:52:23.597+0000] {processor.py:178} INFO - Processing /home/airflow/.local/lib/python3.7/site-packages/airflow/example_dags/example_task_group_decorator.py took 0.118 seconds
