[2022-09-22T03:48:19.343+0000] {processor.py:156} INFO - Started process (PID=62) to work on /home/airflow/.local/lib/python3.7/site-packages/airflow/example_dags/example_branch_python_dop_operator_3.py
[2022-09-22T03:48:19.343+0000] {processor.py:758} INFO - Processing file /home/airflow/.local/lib/python3.7/site-packages/airflow/example_dags/example_branch_python_dop_operator_3.py for tasks to queue
[2022-09-22T03:48:19.344+0000] {logging_mixin.py:117} INFO - [2022-09-22T03:48:19.344+0000] {dagbag.py:525} INFO - Filling up the DagBag from /home/airflow/.local/lib/python3.7/site-packages/airflow/example_dags/example_branch_python_dop_operator_3.py
[2022-09-22T03:48:19.376+0000] {processor.py:768} INFO - DAG(s) dict_keys(['example_branch_dop_operator_v3']) retrieved from /home/airflow/.local/lib/python3.7/site-packages/airflow/example_dags/example_branch_python_dop_operator_3.py
[2022-09-22T03:48:19.406+0000] {logging_mixin.py:117} INFO - [2022-09-22T03:48:19.405+0000] {dag.py:2573} INFO - Sync 1 DAGs
[2022-09-22T03:48:19.440+0000] {logging_mixin.py:117} INFO - [2022-09-22T03:48:19.439+0000] {dag.py:3328} INFO - Setting next_dagrun for example_branch_dop_operator_v3 to 2022-09-22T03:47:00+00:00, run_after=2022-09-22T03:48:00+00:00
[2022-09-22T03:48:19.458+0000] {processor.py:178} INFO - Processing /home/airflow/.local/lib/python3.7/site-packages/airflow/example_dags/example_branch_python_dop_operator_3.py took 0.119 seconds
[2022-09-22T03:48:50.015+0000] {processor.py:156} INFO - Started process (PID=117) to work on /home/airflow/.local/lib/python3.7/site-packages/airflow/example_dags/example_branch_python_dop_operator_3.py
[2022-09-22T03:48:50.016+0000] {processor.py:758} INFO - Processing file /home/airflow/.local/lib/python3.7/site-packages/airflow/example_dags/example_branch_python_dop_operator_3.py for tasks to queue
[2022-09-22T03:48:50.016+0000] {logging_mixin.py:117} INFO - [2022-09-22T03:48:50.016+0000] {dagbag.py:525} INFO - Filling up the DagBag from /home/airflow/.local/lib/python3.7/site-packages/airflow/example_dags/example_branch_python_dop_operator_3.py
[2022-09-22T03:48:50.036+0000] {processor.py:768} INFO - DAG(s) dict_keys(['example_branch_dop_operator_v3']) retrieved from /home/airflow/.local/lib/python3.7/site-packages/airflow/example_dags/example_branch_python_dop_operator_3.py
[2022-09-22T03:48:50.074+0000] {logging_mixin.py:117} INFO - [2022-09-22T03:48:50.073+0000] {dag.py:2573} INFO - Sync 1 DAGs
[2022-09-22T03:48:50.101+0000] {logging_mixin.py:117} INFO - [2022-09-22T03:48:50.101+0000] {dag.py:3328} INFO - Setting next_dagrun for example_branch_dop_operator_v3 to 2022-09-22T03:47:00+00:00, run_after=2022-09-22T03:48:00+00:00
[2022-09-22T03:48:50.118+0000] {processor.py:178} INFO - Processing /home/airflow/.local/lib/python3.7/site-packages/airflow/example_dags/example_branch_python_dop_operator_3.py took 0.105 seconds
[2022-09-22T03:49:20.476+0000] {processor.py:156} INFO - Started process (PID=181) to work on /home/airflow/.local/lib/python3.7/site-packages/airflow/example_dags/example_branch_python_dop_operator_3.py
[2022-09-22T03:49:20.476+0000] {processor.py:758} INFO - Processing file /home/airflow/.local/lib/python3.7/site-packages/airflow/example_dags/example_branch_python_dop_operator_3.py for tasks to queue
[2022-09-22T03:49:20.477+0000] {logging_mixin.py:117} INFO - [2022-09-22T03:49:20.477+0000] {dagbag.py:525} INFO - Filling up the DagBag from /home/airflow/.local/lib/python3.7/site-packages/airflow/example_dags/example_branch_python_dop_operator_3.py
[2022-09-22T03:49:20.498+0000] {processor.py:768} INFO - DAG(s) dict_keys(['example_branch_dop_operator_v3']) retrieved from /home/airflow/.local/lib/python3.7/site-packages/airflow/example_dags/example_branch_python_dop_operator_3.py
[2022-09-22T03:49:20.532+0000] {logging_mixin.py:117} INFO - [2022-09-22T03:49:20.531+0000] {dag.py:2573} INFO - Sync 1 DAGs
[2022-09-22T03:49:20.562+0000] {logging_mixin.py:117} INFO - [2022-09-22T03:49:20.562+0000] {dag.py:3328} INFO - Setting next_dagrun for example_branch_dop_operator_v3 to 2022-09-22T03:48:00+00:00, run_after=2022-09-22T03:49:00+00:00
[2022-09-22T03:49:20.579+0000] {processor.py:178} INFO - Processing /home/airflow/.local/lib/python3.7/site-packages/airflow/example_dags/example_branch_python_dop_operator_3.py took 0.105 seconds
[2022-09-22T03:49:50.927+0000] {processor.py:156} INFO - Started process (PID=244) to work on /home/airflow/.local/lib/python3.7/site-packages/airflow/example_dags/example_branch_python_dop_operator_3.py
[2022-09-22T03:49:50.927+0000] {processor.py:758} INFO - Processing file /home/airflow/.local/lib/python3.7/site-packages/airflow/example_dags/example_branch_python_dop_operator_3.py for tasks to queue
[2022-09-22T03:49:50.928+0000] {logging_mixin.py:117} INFO - [2022-09-22T03:49:50.927+0000] {dagbag.py:525} INFO - Filling up the DagBag from /home/airflow/.local/lib/python3.7/site-packages/airflow/example_dags/example_branch_python_dop_operator_3.py
[2022-09-22T03:49:50.951+0000] {processor.py:768} INFO - DAG(s) dict_keys(['example_branch_dop_operator_v3']) retrieved from /home/airflow/.local/lib/python3.7/site-packages/airflow/example_dags/example_branch_python_dop_operator_3.py
[2022-09-22T03:49:50.986+0000] {logging_mixin.py:117} INFO - [2022-09-22T03:49:50.985+0000] {dag.py:2573} INFO - Sync 1 DAGs
[2022-09-22T03:49:51.019+0000] {logging_mixin.py:117} INFO - [2022-09-22T03:49:51.019+0000] {dag.py:3328} INFO - Setting next_dagrun for example_branch_dop_operator_v3 to 2022-09-22T03:48:00+00:00, run_after=2022-09-22T03:49:00+00:00
[2022-09-22T03:49:51.035+0000] {processor.py:178} INFO - Processing /home/airflow/.local/lib/python3.7/site-packages/airflow/example_dags/example_branch_python_dop_operator_3.py took 0.111 seconds
[2022-09-22T03:50:21.540+0000] {processor.py:156} INFO - Started process (PID=298) to work on /home/airflow/.local/lib/python3.7/site-packages/airflow/example_dags/example_branch_python_dop_operator_3.py
[2022-09-22T03:50:21.540+0000] {processor.py:758} INFO - Processing file /home/airflow/.local/lib/python3.7/site-packages/airflow/example_dags/example_branch_python_dop_operator_3.py for tasks to queue
[2022-09-22T03:50:21.541+0000] {logging_mixin.py:117} INFO - [2022-09-22T03:50:21.540+0000] {dagbag.py:525} INFO - Filling up the DagBag from /home/airflow/.local/lib/python3.7/site-packages/airflow/example_dags/example_branch_python_dop_operator_3.py
[2022-09-22T03:50:21.560+0000] {processor.py:768} INFO - DAG(s) dict_keys(['example_branch_dop_operator_v3']) retrieved from /home/airflow/.local/lib/python3.7/site-packages/airflow/example_dags/example_branch_python_dop_operator_3.py
[2022-09-22T03:50:21.591+0000] {logging_mixin.py:117} INFO - [2022-09-22T03:50:21.591+0000] {dag.py:2573} INFO - Sync 1 DAGs
[2022-09-22T03:50:21.617+0000] {logging_mixin.py:117} INFO - [2022-09-22T03:50:21.617+0000] {dag.py:3328} INFO - Setting next_dagrun for example_branch_dop_operator_v3 to 2022-09-22T03:49:00+00:00, run_after=2022-09-22T03:50:00+00:00
[2022-09-22T03:50:21.632+0000] {processor.py:178} INFO - Processing /home/airflow/.local/lib/python3.7/site-packages/airflow/example_dags/example_branch_python_dop_operator_3.py took 0.095 seconds
[2022-09-22T03:50:52.098+0000] {processor.py:156} INFO - Started process (PID=361) to work on /home/airflow/.local/lib/python3.7/site-packages/airflow/example_dags/example_branch_python_dop_operator_3.py
[2022-09-22T03:50:52.099+0000] {processor.py:758} INFO - Processing file /home/airflow/.local/lib/python3.7/site-packages/airflow/example_dags/example_branch_python_dop_operator_3.py for tasks to queue
[2022-09-22T03:50:52.099+0000] {logging_mixin.py:117} INFO - [2022-09-22T03:50:52.099+0000] {dagbag.py:525} INFO - Filling up the DagBag from /home/airflow/.local/lib/python3.7/site-packages/airflow/example_dags/example_branch_python_dop_operator_3.py
[2022-09-22T03:50:52.123+0000] {processor.py:768} INFO - DAG(s) dict_keys(['example_branch_dop_operator_v3']) retrieved from /home/airflow/.local/lib/python3.7/site-packages/airflow/example_dags/example_branch_python_dop_operator_3.py
[2022-09-22T03:50:52.163+0000] {logging_mixin.py:117} INFO - [2022-09-22T03:50:52.163+0000] {dag.py:2573} INFO - Sync 1 DAGs
[2022-09-22T03:50:52.199+0000] {logging_mixin.py:117} INFO - [2022-09-22T03:50:52.199+0000] {dag.py:3328} INFO - Setting next_dagrun for example_branch_dop_operator_v3 to 2022-09-22T03:49:00+00:00, run_after=2022-09-22T03:50:00+00:00
[2022-09-22T03:50:52.217+0000] {processor.py:178} INFO - Processing /home/airflow/.local/lib/python3.7/site-packages/airflow/example_dags/example_branch_python_dop_operator_3.py took 0.122 seconds
[2022-09-22T03:51:22.620+0000] {processor.py:156} INFO - Started process (PID=425) to work on /home/airflow/.local/lib/python3.7/site-packages/airflow/example_dags/example_branch_python_dop_operator_3.py
[2022-09-22T03:51:22.621+0000] {processor.py:758} INFO - Processing file /home/airflow/.local/lib/python3.7/site-packages/airflow/example_dags/example_branch_python_dop_operator_3.py for tasks to queue
[2022-09-22T03:51:22.621+0000] {logging_mixin.py:117} INFO - [2022-09-22T03:51:22.621+0000] {dagbag.py:525} INFO - Filling up the DagBag from /home/airflow/.local/lib/python3.7/site-packages/airflow/example_dags/example_branch_python_dop_operator_3.py
[2022-09-22T03:51:22.644+0000] {processor.py:768} INFO - DAG(s) dict_keys(['example_branch_dop_operator_v3']) retrieved from /home/airflow/.local/lib/python3.7/site-packages/airflow/example_dags/example_branch_python_dop_operator_3.py
[2022-09-22T03:51:22.677+0000] {logging_mixin.py:117} INFO - [2022-09-22T03:51:22.677+0000] {dag.py:2573} INFO - Sync 1 DAGs
[2022-09-22T03:51:22.708+0000] {logging_mixin.py:117} INFO - [2022-09-22T03:51:22.708+0000] {dag.py:3328} INFO - Setting next_dagrun for example_branch_dop_operator_v3 to 2022-09-22T03:50:00+00:00, run_after=2022-09-22T03:51:00+00:00
[2022-09-22T03:51:22.725+0000] {processor.py:178} INFO - Processing /home/airflow/.local/lib/python3.7/site-packages/airflow/example_dags/example_branch_python_dop_operator_3.py took 0.107 seconds
[2022-09-22T03:51:53.009+0000] {processor.py:156} INFO - Started process (PID=480) to work on /home/airflow/.local/lib/python3.7/site-packages/airflow/example_dags/example_branch_python_dop_operator_3.py
[2022-09-22T03:51:53.009+0000] {processor.py:758} INFO - Processing file /home/airflow/.local/lib/python3.7/site-packages/airflow/example_dags/example_branch_python_dop_operator_3.py for tasks to queue
[2022-09-22T03:51:53.010+0000] {logging_mixin.py:117} INFO - [2022-09-22T03:51:53.010+0000] {dagbag.py:525} INFO - Filling up the DagBag from /home/airflow/.local/lib/python3.7/site-packages/airflow/example_dags/example_branch_python_dop_operator_3.py
[2022-09-22T03:51:53.031+0000] {processor.py:768} INFO - DAG(s) dict_keys(['example_branch_dop_operator_v3']) retrieved from /home/airflow/.local/lib/python3.7/site-packages/airflow/example_dags/example_branch_python_dop_operator_3.py
[2022-09-22T03:51:53.067+0000] {logging_mixin.py:117} INFO - [2022-09-22T03:51:53.067+0000] {dag.py:2573} INFO - Sync 1 DAGs
[2022-09-22T03:51:53.097+0000] {logging_mixin.py:117} INFO - [2022-09-22T03:51:53.097+0000] {dag.py:3328} INFO - Setting next_dagrun for example_branch_dop_operator_v3 to 2022-09-22T03:50:00+00:00, run_after=2022-09-22T03:51:00+00:00
[2022-09-22T03:51:53.120+0000] {processor.py:178} INFO - Processing /home/airflow/.local/lib/python3.7/site-packages/airflow/example_dags/example_branch_python_dop_operator_3.py took 0.113 seconds
[2022-09-22T03:52:23.361+0000] {processor.py:156} INFO - Started process (PID=543) to work on /home/airflow/.local/lib/python3.7/site-packages/airflow/example_dags/example_branch_python_dop_operator_3.py
[2022-09-22T03:52:23.362+0000] {processor.py:758} INFO - Processing file /home/airflow/.local/lib/python3.7/site-packages/airflow/example_dags/example_branch_python_dop_operator_3.py for tasks to queue
[2022-09-22T03:52:23.362+0000] {logging_mixin.py:117} INFO - [2022-09-22T03:52:23.362+0000] {dagbag.py:525} INFO - Filling up the DagBag from /home/airflow/.local/lib/python3.7/site-packages/airflow/example_dags/example_branch_python_dop_operator_3.py
[2022-09-22T03:52:23.383+0000] {processor.py:768} INFO - DAG(s) dict_keys(['example_branch_dop_operator_v3']) retrieved from /home/airflow/.local/lib/python3.7/site-packages/airflow/example_dags/example_branch_python_dop_operator_3.py
[2022-09-22T03:52:23.417+0000] {logging_mixin.py:117} INFO - [2022-09-22T03:52:23.417+0000] {dag.py:2573} INFO - Sync 1 DAGs
[2022-09-22T03:52:23.446+0000] {logging_mixin.py:117} INFO - [2022-09-22T03:52:23.445+0000] {dag.py:3328} INFO - Setting next_dagrun for example_branch_dop_operator_v3 to 2022-09-22T03:51:00+00:00, run_after=2022-09-22T03:52:00+00:00
[2022-09-22T03:52:23.461+0000] {processor.py:178} INFO - Processing /home/airflow/.local/lib/python3.7/site-packages/airflow/example_dags/example_branch_python_dop_operator_3.py took 0.103 seconds
