[2022-09-22T03:48:19.419+0000] {processor.py:156} INFO - Started process (PID=63) to work on /home/airflow/.local/lib/python3.7/site-packages/airflow/example_dags/example_latest_only_with_trigger.py
[2022-09-22T03:48:19.419+0000] {processor.py:758} INFO - Processing file /home/airflow/.local/lib/python3.7/site-packages/airflow/example_dags/example_latest_only_with_trigger.py for tasks to queue
[2022-09-22T03:48:19.420+0000] {logging_mixin.py:117} INFO - [2022-09-22T03:48:19.420+0000] {dagbag.py:525} INFO - Filling up the DagBag from /home/airflow/.local/lib/python3.7/site-packages/airflow/example_dags/example_latest_only_with_trigger.py
[2022-09-22T03:48:19.434+0000] {processor.py:768} INFO - DAG(s) dict_keys(['latest_only_with_trigger']) retrieved from /home/airflow/.local/lib/python3.7/site-packages/airflow/example_dags/example_latest_only_with_trigger.py
[2022-09-22T03:48:19.459+0000] {logging_mixin.py:117} INFO - [2022-09-22T03:48:19.459+0000] {dag.py:2573} INFO - Sync 1 DAGs
[2022-09-22T03:48:19.489+0000] {logging_mixin.py:117} INFO - [2022-09-22T03:48:19.488+0000] {dag.py:3328} INFO - Setting next_dagrun for latest_only_with_trigger to 2022-09-21T23:48:19.488732+00:00, run_after=2022-09-22T03:48:19.488732+00:00
[2022-09-22T03:48:19.507+0000] {processor.py:178} INFO - Processing /home/airflow/.local/lib/python3.7/site-packages/airflow/example_dags/example_latest_only_with_trigger.py took 0.091 seconds
[2022-09-22T03:48:50.059+0000] {processor.py:156} INFO - Started process (PID=118) to work on /home/airflow/.local/lib/python3.7/site-packages/airflow/example_dags/example_latest_only_with_trigger.py
[2022-09-22T03:48:50.059+0000] {processor.py:758} INFO - Processing file /home/airflow/.local/lib/python3.7/site-packages/airflow/example_dags/example_latest_only_with_trigger.py for tasks to queue
[2022-09-22T03:48:50.059+0000] {logging_mixin.py:117} INFO - [2022-09-22T03:48:50.059+0000] {dagbag.py:525} INFO - Filling up the DagBag from /home/airflow/.local/lib/python3.7/site-packages/airflow/example_dags/example_latest_only_with_trigger.py
[2022-09-22T03:48:50.070+0000] {processor.py:768} INFO - DAG(s) dict_keys(['latest_only_with_trigger']) retrieved from /home/airflow/.local/lib/python3.7/site-packages/airflow/example_dags/example_latest_only_with_trigger.py
[2022-09-22T03:48:50.102+0000] {logging_mixin.py:117} INFO - [2022-09-22T03:48:50.102+0000] {dag.py:2573} INFO - Sync 1 DAGs
[2022-09-22T03:48:50.124+0000] {logging_mixin.py:117} INFO - [2022-09-22T03:48:50.124+0000] {dag.py:3328} INFO - Setting next_dagrun for latest_only_with_trigger to 2022-09-21T23:48:50.124451+00:00, run_after=2022-09-22T03:48:50.124451+00:00
[2022-09-22T03:48:50.141+0000] {processor.py:178} INFO - Processing /home/airflow/.local/lib/python3.7/site-packages/airflow/example_dags/example_latest_only_with_trigger.py took 0.085 seconds
[2022-09-22T03:49:20.537+0000] {processor.py:156} INFO - Started process (PID=182) to work on /home/airflow/.local/lib/python3.7/site-packages/airflow/example_dags/example_latest_only_with_trigger.py
[2022-09-22T03:49:20.537+0000] {processor.py:758} INFO - Processing file /home/airflow/.local/lib/python3.7/site-packages/airflow/example_dags/example_latest_only_with_trigger.py for tasks to queue
[2022-09-22T03:49:20.538+0000] {logging_mixin.py:117} INFO - [2022-09-22T03:49:20.538+0000] {dagbag.py:525} INFO - Filling up the DagBag from /home/airflow/.local/lib/python3.7/site-packages/airflow/example_dags/example_latest_only_with_trigger.py
[2022-09-22T03:49:20.550+0000] {processor.py:768} INFO - DAG(s) dict_keys(['latest_only_with_trigger']) retrieved from /home/airflow/.local/lib/python3.7/site-packages/airflow/example_dags/example_latest_only_with_trigger.py
[2022-09-22T03:49:20.583+0000] {logging_mixin.py:117} INFO - [2022-09-22T03:49:20.582+0000] {dag.py:2573} INFO - Sync 1 DAGs
[2022-09-22T03:49:20.606+0000] {logging_mixin.py:117} INFO - [2022-09-22T03:49:20.606+0000] {dag.py:3328} INFO - Setting next_dagrun for latest_only_with_trigger to 2022-09-21T23:49:20.605864+00:00, run_after=2022-09-22T03:49:20.605864+00:00
[2022-09-22T03:49:20.622+0000] {processor.py:178} INFO - Processing /home/airflow/.local/lib/python3.7/site-packages/airflow/example_dags/example_latest_only_with_trigger.py took 0.088 seconds
[2022-09-22T03:49:51.017+0000] {processor.py:156} INFO - Started process (PID=245) to work on /home/airflow/.local/lib/python3.7/site-packages/airflow/example_dags/example_latest_only_with_trigger.py
[2022-09-22T03:49:51.018+0000] {processor.py:758} INFO - Processing file /home/airflow/.local/lib/python3.7/site-packages/airflow/example_dags/example_latest_only_with_trigger.py for tasks to queue
[2022-09-22T03:49:51.018+0000] {logging_mixin.py:117} INFO - [2022-09-22T03:49:51.018+0000] {dagbag.py:525} INFO - Filling up the DagBag from /home/airflow/.local/lib/python3.7/site-packages/airflow/example_dags/example_latest_only_with_trigger.py
[2022-09-22T03:49:51.031+0000] {processor.py:768} INFO - DAG(s) dict_keys(['latest_only_with_trigger']) retrieved from /home/airflow/.local/lib/python3.7/site-packages/airflow/example_dags/example_latest_only_with_trigger.py
[2022-09-22T03:49:51.068+0000] {logging_mixin.py:117} INFO - [2022-09-22T03:49:51.068+0000] {dag.py:2573} INFO - Sync 1 DAGs
[2022-09-22T03:49:51.094+0000] {logging_mixin.py:117} INFO - [2022-09-22T03:49:51.094+0000] {dag.py:3328} INFO - Setting next_dagrun for latest_only_with_trigger to 2022-09-21T23:49:51.093876+00:00, run_after=2022-09-22T03:49:51.093876+00:00
[2022-09-22T03:49:51.112+0000] {processor.py:178} INFO - Processing /home/airflow/.local/lib/python3.7/site-packages/airflow/example_dags/example_latest_only_with_trigger.py took 0.097 seconds
[2022-09-22T03:50:21.646+0000] {processor.py:156} INFO - Started process (PID=299) to work on /home/airflow/.local/lib/python3.7/site-packages/airflow/example_dags/example_latest_only_with_trigger.py
[2022-09-22T03:50:21.647+0000] {processor.py:758} INFO - Processing file /home/airflow/.local/lib/python3.7/site-packages/airflow/example_dags/example_latest_only_with_trigger.py for tasks to queue
[2022-09-22T03:50:21.647+0000] {logging_mixin.py:117} INFO - [2022-09-22T03:50:21.647+0000] {dagbag.py:525} INFO - Filling up the DagBag from /home/airflow/.local/lib/python3.7/site-packages/airflow/example_dags/example_latest_only_with_trigger.py
[2022-09-22T03:50:21.659+0000] {processor.py:768} INFO - DAG(s) dict_keys(['latest_only_with_trigger']) retrieved from /home/airflow/.local/lib/python3.7/site-packages/airflow/example_dags/example_latest_only_with_trigger.py
[2022-09-22T03:50:21.701+0000] {logging_mixin.py:117} INFO - [2022-09-22T03:50:21.701+0000] {dag.py:2573} INFO - Sync 1 DAGs
[2022-09-22T03:50:21.729+0000] {logging_mixin.py:117} INFO - [2022-09-22T03:50:21.729+0000] {dag.py:3328} INFO - Setting next_dagrun for latest_only_with_trigger to 2022-09-21T23:50:21.729466+00:00, run_after=2022-09-22T03:50:21.729466+00:00
[2022-09-22T03:50:21.745+0000] {processor.py:178} INFO - Processing /home/airflow/.local/lib/python3.7/site-packages/airflow/example_dags/example_latest_only_with_trigger.py took 0.101 seconds
[2022-09-22T03:50:52.223+0000] {processor.py:156} INFO - Started process (PID=362) to work on /home/airflow/.local/lib/python3.7/site-packages/airflow/example_dags/example_latest_only_with_trigger.py
[2022-09-22T03:50:52.223+0000] {processor.py:758} INFO - Processing file /home/airflow/.local/lib/python3.7/site-packages/airflow/example_dags/example_latest_only_with_trigger.py for tasks to queue
[2022-09-22T03:50:52.224+0000] {logging_mixin.py:117} INFO - [2022-09-22T03:50:52.224+0000] {dagbag.py:525} INFO - Filling up the DagBag from /home/airflow/.local/lib/python3.7/site-packages/airflow/example_dags/example_latest_only_with_trigger.py
[2022-09-22T03:50:52.236+0000] {processor.py:768} INFO - DAG(s) dict_keys(['latest_only_with_trigger']) retrieved from /home/airflow/.local/lib/python3.7/site-packages/airflow/example_dags/example_latest_only_with_trigger.py
[2022-09-22T03:50:52.269+0000] {logging_mixin.py:117} INFO - [2022-09-22T03:50:52.269+0000] {dag.py:2573} INFO - Sync 1 DAGs
[2022-09-22T03:50:52.291+0000] {logging_mixin.py:117} INFO - [2022-09-22T03:50:52.291+0000] {dag.py:3328} INFO - Setting next_dagrun for latest_only_with_trigger to 2022-09-21T23:50:52.291631+00:00, run_after=2022-09-22T03:50:52.291631+00:00
[2022-09-22T03:50:52.306+0000] {processor.py:178} INFO - Processing /home/airflow/.local/lib/python3.7/site-packages/airflow/example_dags/example_latest_only_with_trigger.py took 0.085 seconds
[2022-09-22T03:51:22.645+0000] {processor.py:156} INFO - Started process (PID=426) to work on /home/airflow/.local/lib/python3.7/site-packages/airflow/example_dags/example_latest_only_with_trigger.py
[2022-09-22T03:51:22.645+0000] {processor.py:758} INFO - Processing file /home/airflow/.local/lib/python3.7/site-packages/airflow/example_dags/example_latest_only_with_trigger.py for tasks to queue
[2022-09-22T03:51:22.646+0000] {logging_mixin.py:117} INFO - [2022-09-22T03:51:22.646+0000] {dagbag.py:525} INFO - Filling up the DagBag from /home/airflow/.local/lib/python3.7/site-packages/airflow/example_dags/example_latest_only_with_trigger.py
[2022-09-22T03:51:22.658+0000] {processor.py:768} INFO - DAG(s) dict_keys(['latest_only_with_trigger']) retrieved from /home/airflow/.local/lib/python3.7/site-packages/airflow/example_dags/example_latest_only_with_trigger.py
[2022-09-22T03:51:22.694+0000] {logging_mixin.py:117} INFO - [2022-09-22T03:51:22.693+0000] {dag.py:2573} INFO - Sync 1 DAGs
[2022-09-22T03:51:22.717+0000] {logging_mixin.py:117} INFO - [2022-09-22T03:51:22.717+0000] {dag.py:3328} INFO - Setting next_dagrun for latest_only_with_trigger to 2022-09-21T23:51:22.717351+00:00, run_after=2022-09-22T03:51:22.717351+00:00
[2022-09-22T03:51:22.736+0000] {processor.py:178} INFO - Processing /home/airflow/.local/lib/python3.7/site-packages/airflow/example_dags/example_latest_only_with_trigger.py took 0.094 seconds
[2022-09-22T03:51:53.139+0000] {processor.py:156} INFO - Started process (PID=488) to work on /home/airflow/.local/lib/python3.7/site-packages/airflow/example_dags/example_latest_only_with_trigger.py
[2022-09-22T03:51:53.140+0000] {processor.py:758} INFO - Processing file /home/airflow/.local/lib/python3.7/site-packages/airflow/example_dags/example_latest_only_with_trigger.py for tasks to queue
[2022-09-22T03:51:53.141+0000] {logging_mixin.py:117} INFO - [2022-09-22T03:51:53.140+0000] {dagbag.py:525} INFO - Filling up the DagBag from /home/airflow/.local/lib/python3.7/site-packages/airflow/example_dags/example_latest_only_with_trigger.py
[2022-09-22T03:51:53.155+0000] {processor.py:768} INFO - DAG(s) dict_keys(['latest_only_with_trigger']) retrieved from /home/airflow/.local/lib/python3.7/site-packages/airflow/example_dags/example_latest_only_with_trigger.py
[2022-09-22T03:51:53.191+0000] {logging_mixin.py:117} INFO - [2022-09-22T03:51:53.191+0000] {dag.py:2573} INFO - Sync 1 DAGs
[2022-09-22T03:51:53.219+0000] {logging_mixin.py:117} INFO - [2022-09-22T03:51:53.219+0000] {dag.py:3328} INFO - Setting next_dagrun for latest_only_with_trigger to 2022-09-21T23:51:53.219438+00:00, run_after=2022-09-22T03:51:53.219438+00:00
[2022-09-22T03:51:53.238+0000] {processor.py:178} INFO - Processing /home/airflow/.local/lib/python3.7/site-packages/airflow/example_dags/example_latest_only_with_trigger.py took 0.102 seconds
[2022-09-22T03:52:23.478+0000] {processor.py:156} INFO - Started process (PID=544) to work on /home/airflow/.local/lib/python3.7/site-packages/airflow/example_dags/example_latest_only_with_trigger.py
[2022-09-22T03:52:23.478+0000] {processor.py:758} INFO - Processing file /home/airflow/.local/lib/python3.7/site-packages/airflow/example_dags/example_latest_only_with_trigger.py for tasks to queue
[2022-09-22T03:52:23.479+0000] {logging_mixin.py:117} INFO - [2022-09-22T03:52:23.479+0000] {dagbag.py:525} INFO - Filling up the DagBag from /home/airflow/.local/lib/python3.7/site-packages/airflow/example_dags/example_latest_only_with_trigger.py
[2022-09-22T03:52:23.490+0000] {processor.py:768} INFO - DAG(s) dict_keys(['latest_only_with_trigger']) retrieved from /home/airflow/.local/lib/python3.7/site-packages/airflow/example_dags/example_latest_only_with_trigger.py
[2022-09-22T03:52:23.526+0000] {logging_mixin.py:117} INFO - [2022-09-22T03:52:23.525+0000] {dag.py:2573} INFO - Sync 1 DAGs
[2022-09-22T03:52:23.549+0000] {logging_mixin.py:117} INFO - [2022-09-22T03:52:23.549+0000] {dag.py:3328} INFO - Setting next_dagrun for latest_only_with_trigger to 2022-09-21T23:52:23.549334+00:00, run_after=2022-09-22T03:52:23.549334+00:00
[2022-09-22T03:52:23.566+0000] {processor.py:178} INFO - Processing /home/airflow/.local/lib/python3.7/site-packages/airflow/example_dags/example_latest_only_with_trigger.py took 0.091 seconds
