[2022-09-22T03:48:18.979+0000] {processor.py:156} INFO - Started process (PID=57) to work on /home/airflow/.local/lib/python3.7/site-packages/airflow/example_dags/example_bash_operator.py
[2022-09-22T03:48:18.979+0000] {processor.py:758} INFO - Processing file /home/airflow/.local/lib/python3.7/site-packages/airflow/example_dags/example_bash_operator.py for tasks to queue
[2022-09-22T03:48:18.980+0000] {logging_mixin.py:117} INFO - [2022-09-22T03:48:18.980+0000] {dagbag.py:525} INFO - Filling up the DagBag from /home/airflow/.local/lib/python3.7/site-packages/airflow/example_dags/example_bash_operator.py
[2022-09-22T03:48:19.015+0000] {processor.py:768} INFO - DAG(s) dict_keys(['example_bash_operator']) retrieved from /home/airflow/.local/lib/python3.7/site-packages/airflow/example_dags/example_bash_operator.py
[2022-09-22T03:48:19.047+0000] {logging_mixin.py:117} INFO - [2022-09-22T03:48:19.047+0000] {dag.py:2573} INFO - Sync 1 DAGs
[2022-09-22T03:48:19.086+0000] {logging_mixin.py:117} INFO - [2022-09-22T03:48:19.086+0000] {dag.py:3328} INFO - Setting next_dagrun for example_bash_operator to 2022-09-21T00:00:00+00:00, run_after=2022-09-22T00:00:00+00:00
[2022-09-22T03:48:19.111+0000] {processor.py:178} INFO - Processing /home/airflow/.local/lib/python3.7/site-packages/airflow/example_dags/example_bash_operator.py took 0.136 seconds
[2022-09-22T03:48:49.666+0000] {processor.py:156} INFO - Started process (PID=112) to work on /home/airflow/.local/lib/python3.7/site-packages/airflow/example_dags/example_bash_operator.py
[2022-09-22T03:48:49.666+0000] {processor.py:758} INFO - Processing file /home/airflow/.local/lib/python3.7/site-packages/airflow/example_dags/example_bash_operator.py for tasks to queue
[2022-09-22T03:48:49.667+0000] {logging_mixin.py:117} INFO - [2022-09-22T03:48:49.667+0000] {dagbag.py:525} INFO - Filling up the DagBag from /home/airflow/.local/lib/python3.7/site-packages/airflow/example_dags/example_bash_operator.py
[2022-09-22T03:48:49.685+0000] {processor.py:768} INFO - DAG(s) dict_keys(['example_bash_operator']) retrieved from /home/airflow/.local/lib/python3.7/site-packages/airflow/example_dags/example_bash_operator.py
[2022-09-22T03:48:49.727+0000] {logging_mixin.py:117} INFO - [2022-09-22T03:48:49.727+0000] {dag.py:2573} INFO - Sync 1 DAGs
[2022-09-22T03:48:49.751+0000] {logging_mixin.py:117} INFO - [2022-09-22T03:48:49.750+0000] {dag.py:3328} INFO - Setting next_dagrun for example_bash_operator to 2022-09-21T00:00:00+00:00, run_after=2022-09-22T00:00:00+00:00
[2022-09-22T03:48:49.766+0000] {processor.py:178} INFO - Processing /home/airflow/.local/lib/python3.7/site-packages/airflow/example_dags/example_bash_operator.py took 0.102 seconds
[2022-09-22T03:49:20.079+0000] {processor.py:156} INFO - Started process (PID=176) to work on /home/airflow/.local/lib/python3.7/site-packages/airflow/example_dags/example_bash_operator.py
[2022-09-22T03:49:20.080+0000] {processor.py:758} INFO - Processing file /home/airflow/.local/lib/python3.7/site-packages/airflow/example_dags/example_bash_operator.py for tasks to queue
[2022-09-22T03:49:20.080+0000] {logging_mixin.py:117} INFO - [2022-09-22T03:49:20.080+0000] {dagbag.py:525} INFO - Filling up the DagBag from /home/airflow/.local/lib/python3.7/site-packages/airflow/example_dags/example_bash_operator.py
[2022-09-22T03:49:20.102+0000] {processor.py:768} INFO - DAG(s) dict_keys(['example_bash_operator']) retrieved from /home/airflow/.local/lib/python3.7/site-packages/airflow/example_dags/example_bash_operator.py
[2022-09-22T03:49:20.144+0000] {logging_mixin.py:117} INFO - [2022-09-22T03:49:20.143+0000] {dag.py:2573} INFO - Sync 1 DAGs
[2022-09-22T03:49:20.167+0000] {logging_mixin.py:117} INFO - [2022-09-22T03:49:20.167+0000] {dag.py:3328} INFO - Setting next_dagrun for example_bash_operator to 2022-09-21T00:00:00+00:00, run_after=2022-09-22T00:00:00+00:00
[2022-09-22T03:49:20.183+0000] {processor.py:178} INFO - Processing /home/airflow/.local/lib/python3.7/site-packages/airflow/example_dags/example_bash_operator.py took 0.106 seconds
[2022-09-22T03:49:50.520+0000] {processor.py:156} INFO - Started process (PID=239) to work on /home/airflow/.local/lib/python3.7/site-packages/airflow/example_dags/example_bash_operator.py
[2022-09-22T03:49:50.520+0000] {processor.py:758} INFO - Processing file /home/airflow/.local/lib/python3.7/site-packages/airflow/example_dags/example_bash_operator.py for tasks to queue
[2022-09-22T03:49:50.521+0000] {logging_mixin.py:117} INFO - [2022-09-22T03:49:50.521+0000] {dagbag.py:525} INFO - Filling up the DagBag from /home/airflow/.local/lib/python3.7/site-packages/airflow/example_dags/example_bash_operator.py
[2022-09-22T03:49:50.539+0000] {processor.py:768} INFO - DAG(s) dict_keys(['example_bash_operator']) retrieved from /home/airflow/.local/lib/python3.7/site-packages/airflow/example_dags/example_bash_operator.py
[2022-09-22T03:49:50.579+0000] {logging_mixin.py:117} INFO - [2022-09-22T03:49:50.578+0000] {dag.py:2573} INFO - Sync 1 DAGs
[2022-09-22T03:49:50.602+0000] {logging_mixin.py:117} INFO - [2022-09-22T03:49:50.602+0000] {dag.py:3328} INFO - Setting next_dagrun for example_bash_operator to 2022-09-21T00:00:00+00:00, run_after=2022-09-22T00:00:00+00:00
[2022-09-22T03:49:50.617+0000] {processor.py:178} INFO - Processing /home/airflow/.local/lib/python3.7/site-packages/airflow/example_dags/example_bash_operator.py took 0.101 seconds
[2022-09-22T03:50:21.066+0000] {processor.py:156} INFO - Started process (PID=293) to work on /home/airflow/.local/lib/python3.7/site-packages/airflow/example_dags/example_bash_operator.py
[2022-09-22T03:50:21.066+0000] {processor.py:758} INFO - Processing file /home/airflow/.local/lib/python3.7/site-packages/airflow/example_dags/example_bash_operator.py for tasks to queue
[2022-09-22T03:50:21.067+0000] {logging_mixin.py:117} INFO - [2022-09-22T03:50:21.067+0000] {dagbag.py:525} INFO - Filling up the DagBag from /home/airflow/.local/lib/python3.7/site-packages/airflow/example_dags/example_bash_operator.py
[2022-09-22T03:50:21.084+0000] {processor.py:768} INFO - DAG(s) dict_keys(['example_bash_operator']) retrieved from /home/airflow/.local/lib/python3.7/site-packages/airflow/example_dags/example_bash_operator.py
[2022-09-22T03:50:21.125+0000] {logging_mixin.py:117} INFO - [2022-09-22T03:50:21.125+0000] {dag.py:2573} INFO - Sync 1 DAGs
[2022-09-22T03:50:21.149+0000] {logging_mixin.py:117} INFO - [2022-09-22T03:50:21.149+0000] {dag.py:3328} INFO - Setting next_dagrun for example_bash_operator to 2022-09-21T00:00:00+00:00, run_after=2022-09-22T00:00:00+00:00
[2022-09-22T03:50:21.166+0000] {processor.py:178} INFO - Processing /home/airflow/.local/lib/python3.7/site-packages/airflow/example_dags/example_bash_operator.py took 0.103 seconds
[2022-09-22T03:50:51.702+0000] {processor.py:156} INFO - Started process (PID=356) to work on /home/airflow/.local/lib/python3.7/site-packages/airflow/example_dags/example_bash_operator.py
[2022-09-22T03:50:51.703+0000] {processor.py:758} INFO - Processing file /home/airflow/.local/lib/python3.7/site-packages/airflow/example_dags/example_bash_operator.py for tasks to queue
[2022-09-22T03:50:51.703+0000] {logging_mixin.py:117} INFO - [2022-09-22T03:50:51.703+0000] {dagbag.py:525} INFO - Filling up the DagBag from /home/airflow/.local/lib/python3.7/site-packages/airflow/example_dags/example_bash_operator.py
[2022-09-22T03:50:51.722+0000] {processor.py:768} INFO - DAG(s) dict_keys(['example_bash_operator']) retrieved from /home/airflow/.local/lib/python3.7/site-packages/airflow/example_dags/example_bash_operator.py
[2022-09-22T03:50:51.766+0000] {logging_mixin.py:117} INFO - [2022-09-22T03:50:51.766+0000] {dag.py:2573} INFO - Sync 1 DAGs
[2022-09-22T03:50:51.790+0000] {logging_mixin.py:117} INFO - [2022-09-22T03:50:51.790+0000] {dag.py:3328} INFO - Setting next_dagrun for example_bash_operator to 2022-09-21T00:00:00+00:00, run_after=2022-09-22T00:00:00+00:00
[2022-09-22T03:50:51.806+0000] {processor.py:178} INFO - Processing /home/airflow/.local/lib/python3.7/site-packages/airflow/example_dags/example_bash_operator.py took 0.106 seconds
[2022-09-22T03:51:22.118+0000] {processor.py:156} INFO - Started process (PID=419) to work on /home/airflow/.local/lib/python3.7/site-packages/airflow/example_dags/example_bash_operator.py
[2022-09-22T03:51:22.118+0000] {processor.py:758} INFO - Processing file /home/airflow/.local/lib/python3.7/site-packages/airflow/example_dags/example_bash_operator.py for tasks to queue
[2022-09-22T03:51:22.119+0000] {logging_mixin.py:117} INFO - [2022-09-22T03:51:22.119+0000] {dagbag.py:525} INFO - Filling up the DagBag from /home/airflow/.local/lib/python3.7/site-packages/airflow/example_dags/example_bash_operator.py
[2022-09-22T03:51:22.139+0000] {processor.py:768} INFO - DAG(s) dict_keys(['example_bash_operator']) retrieved from /home/airflow/.local/lib/python3.7/site-packages/airflow/example_dags/example_bash_operator.py
[2022-09-22T03:51:22.183+0000] {logging_mixin.py:117} INFO - [2022-09-22T03:51:22.182+0000] {dag.py:2573} INFO - Sync 1 DAGs
[2022-09-22T03:51:22.208+0000] {logging_mixin.py:117} INFO - [2022-09-22T03:51:22.208+0000] {dag.py:3328} INFO - Setting next_dagrun for example_bash_operator to 2022-09-21T00:00:00+00:00, run_after=2022-09-22T00:00:00+00:00
[2022-09-22T03:51:22.227+0000] {processor.py:178} INFO - Processing /home/airflow/.local/lib/python3.7/site-packages/airflow/example_dags/example_bash_operator.py took 0.112 seconds
[2022-09-22T03:51:52.265+0000] {processor.py:156} INFO - Started process (PID=474) to work on /home/airflow/.local/lib/python3.7/site-packages/airflow/example_dags/example_bash_operator.py
[2022-09-22T03:51:52.266+0000] {processor.py:758} INFO - Processing file /home/airflow/.local/lib/python3.7/site-packages/airflow/example_dags/example_bash_operator.py for tasks to queue
[2022-09-22T03:51:52.266+0000] {logging_mixin.py:117} INFO - [2022-09-22T03:51:52.266+0000] {dagbag.py:525} INFO - Filling up the DagBag from /home/airflow/.local/lib/python3.7/site-packages/airflow/example_dags/example_bash_operator.py
[2022-09-22T03:51:52.285+0000] {processor.py:768} INFO - DAG(s) dict_keys(['example_bash_operator']) retrieved from /home/airflow/.local/lib/python3.7/site-packages/airflow/example_dags/example_bash_operator.py
[2022-09-22T03:51:52.328+0000] {logging_mixin.py:117} INFO - [2022-09-22T03:51:52.328+0000] {dag.py:2573} INFO - Sync 1 DAGs
[2022-09-22T03:51:52.353+0000] {logging_mixin.py:117} INFO - [2022-09-22T03:51:52.353+0000] {dag.py:3328} INFO - Setting next_dagrun for example_bash_operator to 2022-09-21T00:00:00+00:00, run_after=2022-09-22T00:00:00+00:00
[2022-09-22T03:51:52.369+0000] {processor.py:178} INFO - Processing /home/airflow/.local/lib/python3.7/site-packages/airflow/example_dags/example_bash_operator.py took 0.106 seconds
[2022-09-22T03:52:22.731+0000] {processor.py:156} INFO - Started process (PID=537) to work on /home/airflow/.local/lib/python3.7/site-packages/airflow/example_dags/example_bash_operator.py
[2022-09-22T03:52:22.731+0000] {processor.py:758} INFO - Processing file /home/airflow/.local/lib/python3.7/site-packages/airflow/example_dags/example_bash_operator.py for tasks to queue
[2022-09-22T03:52:22.732+0000] {logging_mixin.py:117} INFO - [2022-09-22T03:52:22.732+0000] {dagbag.py:525} INFO - Filling up the DagBag from /home/airflow/.local/lib/python3.7/site-packages/airflow/example_dags/example_bash_operator.py
[2022-09-22T03:52:22.751+0000] {processor.py:768} INFO - DAG(s) dict_keys(['example_bash_operator']) retrieved from /home/airflow/.local/lib/python3.7/site-packages/airflow/example_dags/example_bash_operator.py
[2022-09-22T03:52:22.795+0000] {logging_mixin.py:117} INFO - [2022-09-22T03:52:22.795+0000] {dag.py:2573} INFO - Sync 1 DAGs
[2022-09-22T03:52:22.820+0000] {logging_mixin.py:117} INFO - [2022-09-22T03:52:22.820+0000] {dag.py:3328} INFO - Setting next_dagrun for example_bash_operator to 2022-09-21T00:00:00+00:00, run_after=2022-09-22T00:00:00+00:00
[2022-09-22T03:52:22.837+0000] {processor.py:178} INFO - Processing /home/airflow/.local/lib/python3.7/site-packages/airflow/example_dags/example_bash_operator.py took 0.109 seconds
