[2022-09-22T03:48:19.527+0000] {processor.py:156} INFO - Started process (PID=65) to work on /home/airflow/.local/lib/python3.7/site-packages/airflow/example_dags/example_latest_only.py
[2022-09-22T03:48:19.527+0000] {processor.py:758} INFO - Processing file /home/airflow/.local/lib/python3.7/site-packages/airflow/example_dags/example_latest_only.py for tasks to queue
[2022-09-22T03:48:19.528+0000] {logging_mixin.py:117} INFO - [2022-09-22T03:48:19.528+0000] {dagbag.py:525} INFO - Filling up the DagBag from /home/airflow/.local/lib/python3.7/site-packages/airflow/example_dags/example_latest_only.py
[2022-09-22T03:48:19.543+0000] {processor.py:768} INFO - DAG(s) dict_keys(['latest_only']) retrieved from /home/airflow/.local/lib/python3.7/site-packages/airflow/example_dags/example_latest_only.py
[2022-09-22T03:48:19.566+0000] {logging_mixin.py:117} INFO - [2022-09-22T03:48:19.566+0000] {dag.py:2573} INFO - Sync 1 DAGs
[2022-09-22T03:48:19.593+0000] {logging_mixin.py:117} INFO - [2022-09-22T03:48:19.593+0000] {dag.py:3328} INFO - Setting next_dagrun for latest_only to 2022-09-21T23:48:19.593432+00:00, run_after=2022-09-22T03:48:19.593432+00:00
[2022-09-22T03:48:19.614+0000] {processor.py:178} INFO - Processing /home/airflow/.local/lib/python3.7/site-packages/airflow/example_dags/example_latest_only.py took 0.090 seconds
[2022-09-22T03:48:50.157+0000] {processor.py:156} INFO - Started process (PID=120) to work on /home/airflow/.local/lib/python3.7/site-packages/airflow/example_dags/example_latest_only.py
[2022-09-22T03:48:50.157+0000] {processor.py:758} INFO - Processing file /home/airflow/.local/lib/python3.7/site-packages/airflow/example_dags/example_latest_only.py for tasks to queue
[2022-09-22T03:48:50.158+0000] {logging_mixin.py:117} INFO - [2022-09-22T03:48:50.158+0000] {dagbag.py:525} INFO - Filling up the DagBag from /home/airflow/.local/lib/python3.7/site-packages/airflow/example_dags/example_latest_only.py
[2022-09-22T03:48:50.169+0000] {processor.py:768} INFO - DAG(s) dict_keys(['latest_only']) retrieved from /home/airflow/.local/lib/python3.7/site-packages/airflow/example_dags/example_latest_only.py
[2022-09-22T03:48:50.200+0000] {logging_mixin.py:117} INFO - [2022-09-22T03:48:50.200+0000] {dag.py:2573} INFO - Sync 1 DAGs
[2022-09-22T03:48:50.222+0000] {logging_mixin.py:117} INFO - [2022-09-22T03:48:50.222+0000] {dag.py:3328} INFO - Setting next_dagrun for latest_only to 2022-09-21T23:48:50.222420+00:00, run_after=2022-09-22T03:48:50.222420+00:00
[2022-09-22T03:48:50.237+0000] {processor.py:178} INFO - Processing /home/airflow/.local/lib/python3.7/site-packages/airflow/example_dags/example_latest_only.py took 0.083 seconds
[2022-09-22T03:49:20.638+0000] {processor.py:156} INFO - Started process (PID=184) to work on /home/airflow/.local/lib/python3.7/site-packages/airflow/example_dags/example_latest_only.py
[2022-09-22T03:49:20.639+0000] {processor.py:758} INFO - Processing file /home/airflow/.local/lib/python3.7/site-packages/airflow/example_dags/example_latest_only.py for tasks to queue
[2022-09-22T03:49:20.639+0000] {logging_mixin.py:117} INFO - [2022-09-22T03:49:20.639+0000] {dagbag.py:525} INFO - Filling up the DagBag from /home/airflow/.local/lib/python3.7/site-packages/airflow/example_dags/example_latest_only.py
[2022-09-22T03:49:20.651+0000] {processor.py:768} INFO - DAG(s) dict_keys(['latest_only']) retrieved from /home/airflow/.local/lib/python3.7/site-packages/airflow/example_dags/example_latest_only.py
[2022-09-22T03:49:20.683+0000] {logging_mixin.py:117} INFO - [2022-09-22T03:49:20.683+0000] {dag.py:2573} INFO - Sync 1 DAGs
[2022-09-22T03:49:20.708+0000] {logging_mixin.py:117} INFO - [2022-09-22T03:49:20.708+0000] {dag.py:3328} INFO - Setting next_dagrun for latest_only to 2022-09-21T23:49:20.708313+00:00, run_after=2022-09-22T03:49:20.708313+00:00
[2022-09-22T03:49:20.726+0000] {processor.py:178} INFO - Processing /home/airflow/.local/lib/python3.7/site-packages/airflow/example_dags/example_latest_only.py took 0.090 seconds
[2022-09-22T03:49:51.129+0000] {processor.py:156} INFO - Started process (PID=247) to work on /home/airflow/.local/lib/python3.7/site-packages/airflow/example_dags/example_latest_only.py
[2022-09-22T03:49:51.130+0000] {processor.py:758} INFO - Processing file /home/airflow/.local/lib/python3.7/site-packages/airflow/example_dags/example_latest_only.py for tasks to queue
[2022-09-22T03:49:51.130+0000] {logging_mixin.py:117} INFO - [2022-09-22T03:49:51.130+0000] {dagbag.py:525} INFO - Filling up the DagBag from /home/airflow/.local/lib/python3.7/site-packages/airflow/example_dags/example_latest_only.py
[2022-09-22T03:49:51.143+0000] {processor.py:768} INFO - DAG(s) dict_keys(['latest_only']) retrieved from /home/airflow/.local/lib/python3.7/site-packages/airflow/example_dags/example_latest_only.py
[2022-09-22T03:49:51.187+0000] {logging_mixin.py:117} INFO - [2022-09-22T03:49:51.187+0000] {dag.py:2573} INFO - Sync 1 DAGs
[2022-09-22T03:49:51.216+0000] {logging_mixin.py:117} INFO - [2022-09-22T03:49:51.216+0000] {dag.py:3328} INFO - Setting next_dagrun for latest_only to 2022-09-21T23:49:51.216291+00:00, run_after=2022-09-22T03:49:51.216291+00:00
[2022-09-22T03:49:51.234+0000] {processor.py:178} INFO - Processing /home/airflow/.local/lib/python3.7/site-packages/airflow/example_dags/example_latest_only.py took 0.107 seconds
[2022-09-22T03:50:21.761+0000] {processor.py:156} INFO - Started process (PID=301) to work on /home/airflow/.local/lib/python3.7/site-packages/airflow/example_dags/example_latest_only.py
[2022-09-22T03:50:21.761+0000] {processor.py:758} INFO - Processing file /home/airflow/.local/lib/python3.7/site-packages/airflow/example_dags/example_latest_only.py for tasks to queue
[2022-09-22T03:50:21.762+0000] {logging_mixin.py:117} INFO - [2022-09-22T03:50:21.762+0000] {dagbag.py:525} INFO - Filling up the DagBag from /home/airflow/.local/lib/python3.7/site-packages/airflow/example_dags/example_latest_only.py
[2022-09-22T03:50:21.773+0000] {processor.py:768} INFO - DAG(s) dict_keys(['latest_only']) retrieved from /home/airflow/.local/lib/python3.7/site-packages/airflow/example_dags/example_latest_only.py
[2022-09-22T03:50:21.805+0000] {logging_mixin.py:117} INFO - [2022-09-22T03:50:21.805+0000] {dag.py:2573} INFO - Sync 1 DAGs
[2022-09-22T03:50:21.827+0000] {logging_mixin.py:117} INFO - [2022-09-22T03:50:21.827+0000] {dag.py:3328} INFO - Setting next_dagrun for latest_only to 2022-09-21T23:50:21.827422+00:00, run_after=2022-09-22T03:50:21.827422+00:00
[2022-09-22T03:50:21.842+0000] {processor.py:178} INFO - Processing /home/airflow/.local/lib/python3.7/site-packages/airflow/example_dags/example_latest_only.py took 0.084 seconds
[2022-09-22T03:50:52.321+0000] {processor.py:156} INFO - Started process (PID=364) to work on /home/airflow/.local/lib/python3.7/site-packages/airflow/example_dags/example_latest_only.py
[2022-09-22T03:50:52.322+0000] {processor.py:758} INFO - Processing file /home/airflow/.local/lib/python3.7/site-packages/airflow/example_dags/example_latest_only.py for tasks to queue
[2022-09-22T03:50:52.322+0000] {logging_mixin.py:117} INFO - [2022-09-22T03:50:52.322+0000] {dagbag.py:525} INFO - Filling up the DagBag from /home/airflow/.local/lib/python3.7/site-packages/airflow/example_dags/example_latest_only.py
[2022-09-22T03:50:52.333+0000] {processor.py:768} INFO - DAG(s) dict_keys(['latest_only']) retrieved from /home/airflow/.local/lib/python3.7/site-packages/airflow/example_dags/example_latest_only.py
[2022-09-22T03:50:52.366+0000] {logging_mixin.py:117} INFO - [2022-09-22T03:50:52.366+0000] {dag.py:2573} INFO - Sync 1 DAGs
[2022-09-22T03:50:52.389+0000] {logging_mixin.py:117} INFO - [2022-09-22T03:50:52.389+0000] {dag.py:3328} INFO - Setting next_dagrun for latest_only to 2022-09-21T23:50:52.389051+00:00, run_after=2022-09-22T03:50:52.389051+00:00
[2022-09-22T03:50:52.405+0000] {processor.py:178} INFO - Processing /home/airflow/.local/lib/python3.7/site-packages/airflow/example_dags/example_latest_only.py took 0.086 seconds
[2022-09-22T03:51:22.754+0000] {processor.py:156} INFO - Started process (PID=428) to work on /home/airflow/.local/lib/python3.7/site-packages/airflow/example_dags/example_latest_only.py
[2022-09-22T03:51:22.755+0000] {processor.py:758} INFO - Processing file /home/airflow/.local/lib/python3.7/site-packages/airflow/example_dags/example_latest_only.py for tasks to queue
[2022-09-22T03:51:22.756+0000] {logging_mixin.py:117} INFO - [2022-09-22T03:51:22.755+0000] {dagbag.py:525} INFO - Filling up the DagBag from /home/airflow/.local/lib/python3.7/site-packages/airflow/example_dags/example_latest_only.py
[2022-09-22T03:51:22.768+0000] {processor.py:768} INFO - DAG(s) dict_keys(['latest_only']) retrieved from /home/airflow/.local/lib/python3.7/site-packages/airflow/example_dags/example_latest_only.py
[2022-09-22T03:51:22.805+0000] {logging_mixin.py:117} INFO - [2022-09-22T03:51:22.805+0000] {dag.py:2573} INFO - Sync 1 DAGs
[2022-09-22T03:51:22.832+0000] {logging_mixin.py:117} INFO - [2022-09-22T03:51:22.832+0000] {dag.py:3328} INFO - Setting next_dagrun for latest_only to 2022-09-21T23:51:22.832236+00:00, run_after=2022-09-22T03:51:22.832236+00:00
[2022-09-22T03:51:22.854+0000] {processor.py:178} INFO - Processing /home/airflow/.local/lib/python3.7/site-packages/airflow/example_dags/example_latest_only.py took 0.102 seconds
[2022-09-22T03:51:53.255+0000] {processor.py:156} INFO - Started process (PID=490) to work on /home/airflow/.local/lib/python3.7/site-packages/airflow/example_dags/example_latest_only.py
[2022-09-22T03:51:53.256+0000] {processor.py:758} INFO - Processing file /home/airflow/.local/lib/python3.7/site-packages/airflow/example_dags/example_latest_only.py for tasks to queue
[2022-09-22T03:51:53.257+0000] {logging_mixin.py:117} INFO - [2022-09-22T03:51:53.256+0000] {dagbag.py:525} INFO - Filling up the DagBag from /home/airflow/.local/lib/python3.7/site-packages/airflow/example_dags/example_latest_only.py
[2022-09-22T03:51:53.269+0000] {processor.py:768} INFO - DAG(s) dict_keys(['latest_only']) retrieved from /home/airflow/.local/lib/python3.7/site-packages/airflow/example_dags/example_latest_only.py
[2022-09-22T03:51:53.304+0000] {logging_mixin.py:117} INFO - [2022-09-22T03:51:53.304+0000] {dag.py:2573} INFO - Sync 1 DAGs
[2022-09-22T03:51:53.331+0000] {logging_mixin.py:117} INFO - [2022-09-22T03:51:53.331+0000] {dag.py:3328} INFO - Setting next_dagrun for latest_only to 2022-09-21T23:51:53.331459+00:00, run_after=2022-09-22T03:51:53.331459+00:00
[2022-09-22T03:51:53.349+0000] {processor.py:178} INFO - Processing /home/airflow/.local/lib/python3.7/site-packages/airflow/example_dags/example_latest_only.py took 0.096 seconds
[2022-09-22T03:52:23.582+0000] {processor.py:156} INFO - Started process (PID=546) to work on /home/airflow/.local/lib/python3.7/site-packages/airflow/example_dags/example_latest_only.py
[2022-09-22T03:52:23.583+0000] {processor.py:758} INFO - Processing file /home/airflow/.local/lib/python3.7/site-packages/airflow/example_dags/example_latest_only.py for tasks to queue
[2022-09-22T03:52:23.583+0000] {logging_mixin.py:117} INFO - [2022-09-22T03:52:23.583+0000] {dagbag.py:525} INFO - Filling up the DagBag from /home/airflow/.local/lib/python3.7/site-packages/airflow/example_dags/example_latest_only.py
[2022-09-22T03:52:23.594+0000] {processor.py:768} INFO - DAG(s) dict_keys(['latest_only']) retrieved from /home/airflow/.local/lib/python3.7/site-packages/airflow/example_dags/example_latest_only.py
[2022-09-22T03:52:23.629+0000] {logging_mixin.py:117} INFO - [2022-09-22T03:52:23.629+0000] {dag.py:2573} INFO - Sync 1 DAGs
[2022-09-22T03:52:23.652+0000] {logging_mixin.py:117} INFO - [2022-09-22T03:52:23.652+0000] {dag.py:3328} INFO - Setting next_dagrun for latest_only to 2022-09-21T23:52:23.652616+00:00, run_after=2022-09-22T03:52:23.652616+00:00
[2022-09-22T03:52:23.669+0000] {processor.py:178} INFO - Processing /home/airflow/.local/lib/python3.7/site-packages/airflow/example_dags/example_latest_only.py took 0.089 seconds
