[2022-09-22T03:48:19.204+0000] {processor.py:156} INFO - Started process (PID=60) to work on /home/airflow/.local/lib/python3.7/site-packages/airflow/example_dags/example_branch_datetime_operator.py
[2022-09-22T03:48:19.205+0000] {processor.py:758} INFO - Processing file /home/airflow/.local/lib/python3.7/site-packages/airflow/example_dags/example_branch_datetime_operator.py for tasks to queue
[2022-09-22T03:48:19.205+0000] {logging_mixin.py:117} INFO - [2022-09-22T03:48:19.205+0000] {dagbag.py:525} INFO - Filling up the DagBag from /home/airflow/.local/lib/python3.7/site-packages/airflow/example_dags/example_branch_datetime_operator.py
[2022-09-22T03:48:19.233+0000] {processor.py:768} INFO - DAG(s) dict_keys(['example_branch_datetime_operator', 'example_branch_datetime_operator_2', 'example_branch_datetime_operator_3']) retrieved from /home/airflow/.local/lib/python3.7/site-packages/airflow/example_dags/example_branch_datetime_operator.py
[2022-09-22T03:48:19.264+0000] {logging_mixin.py:117} INFO - [2022-09-22T03:48:19.264+0000] {dag.py:2573} INFO - Sync 3 DAGs
[2022-09-22T03:48:19.295+0000] {logging_mixin.py:117} INFO - [2022-09-22T03:48:19.295+0000] {dag.py:3328} INFO - Setting next_dagrun for example_branch_datetime_operator to 2022-09-21T00:00:00+00:00, run_after=2022-09-22T00:00:00+00:00
[2022-09-22T03:48:19.301+0000] {logging_mixin.py:117} INFO - [2022-09-22T03:48:19.301+0000] {dag.py:3328} INFO - Setting next_dagrun for example_branch_datetime_operator_2 to 2022-09-21T00:00:00+00:00, run_after=2022-09-22T00:00:00+00:00
[2022-09-22T03:48:19.304+0000] {logging_mixin.py:117} INFO - [2022-09-22T03:48:19.304+0000] {dag.py:3328} INFO - Setting next_dagrun for example_branch_datetime_operator_3 to 2022-09-21T00:00:00+00:00, run_after=2022-09-22T00:00:00+00:00
[2022-09-22T03:48:19.323+0000] {processor.py:178} INFO - Processing /home/airflow/.local/lib/python3.7/site-packages/airflow/example_dags/example_branch_datetime_operator.py took 0.123 seconds
[2022-09-22T03:48:49.897+0000] {processor.py:156} INFO - Started process (PID=115) to work on /home/airflow/.local/lib/python3.7/site-packages/airflow/example_dags/example_branch_datetime_operator.py
[2022-09-22T03:48:49.898+0000] {processor.py:758} INFO - Processing file /home/airflow/.local/lib/python3.7/site-packages/airflow/example_dags/example_branch_datetime_operator.py for tasks to queue
[2022-09-22T03:48:49.898+0000] {logging_mixin.py:117} INFO - [2022-09-22T03:48:49.898+0000] {dagbag.py:525} INFO - Filling up the DagBag from /home/airflow/.local/lib/python3.7/site-packages/airflow/example_dags/example_branch_datetime_operator.py
[2022-09-22T03:48:49.914+0000] {processor.py:768} INFO - DAG(s) dict_keys(['example_branch_datetime_operator', 'example_branch_datetime_operator_3', 'example_branch_datetime_operator_2']) retrieved from /home/airflow/.local/lib/python3.7/site-packages/airflow/example_dags/example_branch_datetime_operator.py
[2022-09-22T03:48:49.955+0000] {logging_mixin.py:117} INFO - [2022-09-22T03:48:49.954+0000] {dag.py:2573} INFO - Sync 3 DAGs
[2022-09-22T03:48:49.978+0000] {logging_mixin.py:117} INFO - [2022-09-22T03:48:49.978+0000] {dag.py:3328} INFO - Setting next_dagrun for example_branch_datetime_operator to 2022-09-21T00:00:00+00:00, run_after=2022-09-22T00:00:00+00:00
[2022-09-22T03:48:49.982+0000] {logging_mixin.py:117} INFO - [2022-09-22T03:48:49.982+0000] {dag.py:3328} INFO - Setting next_dagrun for example_branch_datetime_operator_2 to 2022-09-21T00:00:00+00:00, run_after=2022-09-22T00:00:00+00:00
[2022-09-22T03:48:49.986+0000] {logging_mixin.py:117} INFO - [2022-09-22T03:48:49.986+0000] {dag.py:3328} INFO - Setting next_dagrun for example_branch_datetime_operator_3 to 2022-09-21T00:00:00+00:00, run_after=2022-09-22T00:00:00+00:00
[2022-09-22T03:48:50.000+0000] {processor.py:178} INFO - Processing /home/airflow/.local/lib/python3.7/site-packages/airflow/example_dags/example_branch_datetime_operator.py took 0.105 seconds
[2022-09-22T03:49:20.354+0000] {processor.py:156} INFO - Started process (PID=179) to work on /home/airflow/.local/lib/python3.7/site-packages/airflow/example_dags/example_branch_datetime_operator.py
[2022-09-22T03:49:20.355+0000] {processor.py:758} INFO - Processing file /home/airflow/.local/lib/python3.7/site-packages/airflow/example_dags/example_branch_datetime_operator.py for tasks to queue
[2022-09-22T03:49:20.355+0000] {logging_mixin.py:117} INFO - [2022-09-22T03:49:20.355+0000] {dagbag.py:525} INFO - Filling up the DagBag from /home/airflow/.local/lib/python3.7/site-packages/airflow/example_dags/example_branch_datetime_operator.py
[2022-09-22T03:49:20.372+0000] {processor.py:768} INFO - DAG(s) dict_keys(['example_branch_datetime_operator_2', 'example_branch_datetime_operator', 'example_branch_datetime_operator_3']) retrieved from /home/airflow/.local/lib/python3.7/site-packages/airflow/example_dags/example_branch_datetime_operator.py
[2022-09-22T03:49:20.411+0000] {logging_mixin.py:117} INFO - [2022-09-22T03:49:20.411+0000] {dag.py:2573} INFO - Sync 3 DAGs
[2022-09-22T03:49:20.436+0000] {logging_mixin.py:117} INFO - [2022-09-22T03:49:20.436+0000] {dag.py:3328} INFO - Setting next_dagrun for example_branch_datetime_operator to 2022-09-21T00:00:00+00:00, run_after=2022-09-22T00:00:00+00:00
[2022-09-22T03:49:20.441+0000] {logging_mixin.py:117} INFO - [2022-09-22T03:49:20.441+0000] {dag.py:3328} INFO - Setting next_dagrun for example_branch_datetime_operator_2 to 2022-09-21T00:00:00+00:00, run_after=2022-09-22T00:00:00+00:00
[2022-09-22T03:49:20.443+0000] {logging_mixin.py:117} INFO - [2022-09-22T03:49:20.443+0000] {dag.py:3328} INFO - Setting next_dagrun for example_branch_datetime_operator_3 to 2022-09-21T00:00:00+00:00, run_after=2022-09-22T00:00:00+00:00
[2022-09-22T03:49:20.459+0000] {processor.py:178} INFO - Processing /home/airflow/.local/lib/python3.7/site-packages/airflow/example_dags/example_branch_datetime_operator.py took 0.107 seconds
[2022-09-22T03:49:50.787+0000] {processor.py:156} INFO - Started process (PID=242) to work on /home/airflow/.local/lib/python3.7/site-packages/airflow/example_dags/example_branch_datetime_operator.py
[2022-09-22T03:49:50.787+0000] {processor.py:758} INFO - Processing file /home/airflow/.local/lib/python3.7/site-packages/airflow/example_dags/example_branch_datetime_operator.py for tasks to queue
[2022-09-22T03:49:50.788+0000] {logging_mixin.py:117} INFO - [2022-09-22T03:49:50.788+0000] {dagbag.py:525} INFO - Filling up the DagBag from /home/airflow/.local/lib/python3.7/site-packages/airflow/example_dags/example_branch_datetime_operator.py
[2022-09-22T03:49:50.805+0000] {processor.py:768} INFO - DAG(s) dict_keys(['example_branch_datetime_operator', 'example_branch_datetime_operator_2', 'example_branch_datetime_operator_3']) retrieved from /home/airflow/.local/lib/python3.7/site-packages/airflow/example_dags/example_branch_datetime_operator.py
[2022-09-22T03:49:50.851+0000] {logging_mixin.py:117} INFO - [2022-09-22T03:49:50.851+0000] {dag.py:2573} INFO - Sync 3 DAGs
[2022-09-22T03:49:50.880+0000] {logging_mixin.py:117} INFO - [2022-09-22T03:49:50.880+0000] {dag.py:3328} INFO - Setting next_dagrun for example_branch_datetime_operator to 2022-09-21T00:00:00+00:00, run_after=2022-09-22T00:00:00+00:00
[2022-09-22T03:49:50.888+0000] {logging_mixin.py:117} INFO - [2022-09-22T03:49:50.887+0000] {dag.py:3328} INFO - Setting next_dagrun for example_branch_datetime_operator_2 to 2022-09-21T00:00:00+00:00, run_after=2022-09-22T00:00:00+00:00
[2022-09-22T03:49:50.892+0000] {logging_mixin.py:117} INFO - [2022-09-22T03:49:50.892+0000] {dag.py:3328} INFO - Setting next_dagrun for example_branch_datetime_operator_3 to 2022-09-21T00:00:00+00:00, run_after=2022-09-22T00:00:00+00:00
[2022-09-22T03:49:50.909+0000] {processor.py:178} INFO - Processing /home/airflow/.local/lib/python3.7/site-packages/airflow/example_dags/example_branch_datetime_operator.py took 0.125 seconds
[2022-09-22T03:50:21.429+0000] {processor.py:156} INFO - Started process (PID=296) to work on /home/airflow/.local/lib/python3.7/site-packages/airflow/example_dags/example_branch_datetime_operator.py
[2022-09-22T03:50:21.430+0000] {processor.py:758} INFO - Processing file /home/airflow/.local/lib/python3.7/site-packages/airflow/example_dags/example_branch_datetime_operator.py for tasks to queue
[2022-09-22T03:50:21.430+0000] {logging_mixin.py:117} INFO - [2022-09-22T03:50:21.430+0000] {dagbag.py:525} INFO - Filling up the DagBag from /home/airflow/.local/lib/python3.7/site-packages/airflow/example_dags/example_branch_datetime_operator.py
[2022-09-22T03:50:21.445+0000] {processor.py:768} INFO - DAG(s) dict_keys(['example_branch_datetime_operator_2', 'example_branch_datetime_operator_3', 'example_branch_datetime_operator']) retrieved from /home/airflow/.local/lib/python3.7/site-packages/airflow/example_dags/example_branch_datetime_operator.py
[2022-09-22T03:50:21.484+0000] {logging_mixin.py:117} INFO - [2022-09-22T03:50:21.484+0000] {dag.py:2573} INFO - Sync 3 DAGs
[2022-09-22T03:50:21.507+0000] {logging_mixin.py:117} INFO - [2022-09-22T03:50:21.507+0000] {dag.py:3328} INFO - Setting next_dagrun for example_branch_datetime_operator to 2022-09-21T00:00:00+00:00, run_after=2022-09-22T00:00:00+00:00
[2022-09-22T03:50:21.512+0000] {logging_mixin.py:117} INFO - [2022-09-22T03:50:21.512+0000] {dag.py:3328} INFO - Setting next_dagrun for example_branch_datetime_operator_2 to 2022-09-21T00:00:00+00:00, run_after=2022-09-22T00:00:00+00:00
[2022-09-22T03:50:21.515+0000] {logging_mixin.py:117} INFO - [2022-09-22T03:50:21.514+0000] {dag.py:3328} INFO - Setting next_dagrun for example_branch_datetime_operator_3 to 2022-09-21T00:00:00+00:00, run_after=2022-09-22T00:00:00+00:00
[2022-09-22T03:50:21.528+0000] {processor.py:178} INFO - Processing /home/airflow/.local/lib/python3.7/site-packages/airflow/example_dags/example_branch_datetime_operator.py took 0.102 seconds
[2022-09-22T03:50:51.948+0000] {processor.py:156} INFO - Started process (PID=359) to work on /home/airflow/.local/lib/python3.7/site-packages/airflow/example_dags/example_branch_datetime_operator.py
[2022-09-22T03:50:51.949+0000] {processor.py:758} INFO - Processing file /home/airflow/.local/lib/python3.7/site-packages/airflow/example_dags/example_branch_datetime_operator.py for tasks to queue
[2022-09-22T03:50:51.949+0000] {logging_mixin.py:117} INFO - [2022-09-22T03:50:51.949+0000] {dagbag.py:525} INFO - Filling up the DagBag from /home/airflow/.local/lib/python3.7/site-packages/airflow/example_dags/example_branch_datetime_operator.py
[2022-09-22T03:50:51.964+0000] {processor.py:768} INFO - DAG(s) dict_keys(['example_branch_datetime_operator_2', 'example_branch_datetime_operator', 'example_branch_datetime_operator_3']) retrieved from /home/airflow/.local/lib/python3.7/site-packages/airflow/example_dags/example_branch_datetime_operator.py
[2022-09-22T03:50:52.005+0000] {logging_mixin.py:117} INFO - [2022-09-22T03:50:52.005+0000] {dag.py:2573} INFO - Sync 3 DAGs
[2022-09-22T03:50:52.035+0000] {logging_mixin.py:117} INFO - [2022-09-22T03:50:52.035+0000] {dag.py:3328} INFO - Setting next_dagrun for example_branch_datetime_operator to 2022-09-21T00:00:00+00:00, run_after=2022-09-22T00:00:00+00:00
[2022-09-22T03:50:52.043+0000] {logging_mixin.py:117} INFO - [2022-09-22T03:50:52.043+0000] {dag.py:3328} INFO - Setting next_dagrun for example_branch_datetime_operator_2 to 2022-09-21T00:00:00+00:00, run_after=2022-09-22T00:00:00+00:00
[2022-09-22T03:50:52.048+0000] {logging_mixin.py:117} INFO - [2022-09-22T03:50:52.048+0000] {dag.py:3328} INFO - Setting next_dagrun for example_branch_datetime_operator_3 to 2022-09-21T00:00:00+00:00, run_after=2022-09-22T00:00:00+00:00
[2022-09-22T03:50:52.067+0000] {processor.py:178} INFO - Processing /home/airflow/.local/lib/python3.7/site-packages/airflow/example_dags/example_branch_datetime_operator.py took 0.122 seconds
[2022-09-22T03:51:22.489+0000] {processor.py:156} INFO - Started process (PID=423) to work on /home/airflow/.local/lib/python3.7/site-packages/airflow/example_dags/example_branch_datetime_operator.py
[2022-09-22T03:51:22.489+0000] {processor.py:758} INFO - Processing file /home/airflow/.local/lib/python3.7/site-packages/airflow/example_dags/example_branch_datetime_operator.py for tasks to queue
[2022-09-22T03:51:22.490+0000] {logging_mixin.py:117} INFO - [2022-09-22T03:51:22.490+0000] {dagbag.py:525} INFO - Filling up the DagBag from /home/airflow/.local/lib/python3.7/site-packages/airflow/example_dags/example_branch_datetime_operator.py
[2022-09-22T03:51:22.510+0000] {processor.py:768} INFO - DAG(s) dict_keys(['example_branch_datetime_operator', 'example_branch_datetime_operator_3', 'example_branch_datetime_operator_2']) retrieved from /home/airflow/.local/lib/python3.7/site-packages/airflow/example_dags/example_branch_datetime_operator.py
[2022-09-22T03:51:22.554+0000] {logging_mixin.py:117} INFO - [2022-09-22T03:51:22.554+0000] {dag.py:2573} INFO - Sync 3 DAGs
[2022-09-22T03:51:22.580+0000] {logging_mixin.py:117} INFO - [2022-09-22T03:51:22.579+0000] {dag.py:3328} INFO - Setting next_dagrun for example_branch_datetime_operator to 2022-09-21T00:00:00+00:00, run_after=2022-09-22T00:00:00+00:00
[2022-09-22T03:51:22.584+0000] {logging_mixin.py:117} INFO - [2022-09-22T03:51:22.584+0000] {dag.py:3328} INFO - Setting next_dagrun for example_branch_datetime_operator_2 to 2022-09-21T00:00:00+00:00, run_after=2022-09-22T00:00:00+00:00
[2022-09-22T03:51:22.587+0000] {logging_mixin.py:117} INFO - [2022-09-22T03:51:22.587+0000] {dag.py:3328} INFO - Setting next_dagrun for example_branch_datetime_operator_3 to 2022-09-21T00:00:00+00:00, run_after=2022-09-22T00:00:00+00:00
[2022-09-22T03:51:22.603+0000] {processor.py:178} INFO - Processing /home/airflow/.local/lib/python3.7/site-packages/airflow/example_dags/example_branch_datetime_operator.py took 0.118 seconds
[2022-09-22T03:51:52.887+0000] {processor.py:156} INFO - Started process (PID=478) to work on /home/airflow/.local/lib/python3.7/site-packages/airflow/example_dags/example_branch_datetime_operator.py
[2022-09-22T03:51:52.888+0000] {processor.py:758} INFO - Processing file /home/airflow/.local/lib/python3.7/site-packages/airflow/example_dags/example_branch_datetime_operator.py for tasks to queue
[2022-09-22T03:51:52.888+0000] {logging_mixin.py:117} INFO - [2022-09-22T03:51:52.888+0000] {dagbag.py:525} INFO - Filling up the DagBag from /home/airflow/.local/lib/python3.7/site-packages/airflow/example_dags/example_branch_datetime_operator.py
[2022-09-22T03:51:52.905+0000] {processor.py:768} INFO - DAG(s) dict_keys(['example_branch_datetime_operator_2', 'example_branch_datetime_operator_3', 'example_branch_datetime_operator']) retrieved from /home/airflow/.local/lib/python3.7/site-packages/airflow/example_dags/example_branch_datetime_operator.py
[2022-09-22T03:51:52.945+0000] {logging_mixin.py:117} INFO - [2022-09-22T03:51:52.945+0000] {dag.py:2573} INFO - Sync 3 DAGs
[2022-09-22T03:51:52.971+0000] {logging_mixin.py:117} INFO - [2022-09-22T03:51:52.971+0000] {dag.py:3328} INFO - Setting next_dagrun for example_branch_datetime_operator to 2022-09-21T00:00:00+00:00, run_after=2022-09-22T00:00:00+00:00
[2022-09-22T03:51:52.978+0000] {logging_mixin.py:117} INFO - [2022-09-22T03:51:52.978+0000] {dag.py:3328} INFO - Setting next_dagrun for example_branch_datetime_operator_2 to 2022-09-21T00:00:00+00:00, run_after=2022-09-22T00:00:00+00:00
[2022-09-22T03:51:52.982+0000] {logging_mixin.py:117} INFO - [2022-09-22T03:51:52.982+0000] {dag.py:3328} INFO - Setting next_dagrun for example_branch_datetime_operator_3 to 2022-09-21T00:00:00+00:00, run_after=2022-09-22T00:00:00+00:00
[2022-09-22T03:51:52.997+0000] {processor.py:178} INFO - Processing /home/airflow/.local/lib/python3.7/site-packages/airflow/example_dags/example_branch_datetime_operator.py took 0.112 seconds
[2022-09-22T03:52:23.242+0000] {processor.py:156} INFO - Started process (PID=541) to work on /home/airflow/.local/lib/python3.7/site-packages/airflow/example_dags/example_branch_datetime_operator.py
[2022-09-22T03:52:23.243+0000] {processor.py:758} INFO - Processing file /home/airflow/.local/lib/python3.7/site-packages/airflow/example_dags/example_branch_datetime_operator.py for tasks to queue
[2022-09-22T03:52:23.243+0000] {logging_mixin.py:117} INFO - [2022-09-22T03:52:23.243+0000] {dagbag.py:525} INFO - Filling up the DagBag from /home/airflow/.local/lib/python3.7/site-packages/airflow/example_dags/example_branch_datetime_operator.py
[2022-09-22T03:52:23.260+0000] {processor.py:768} INFO - DAG(s) dict_keys(['example_branch_datetime_operator_2', 'example_branch_datetime_operator', 'example_branch_datetime_operator_3']) retrieved from /home/airflow/.local/lib/python3.7/site-packages/airflow/example_dags/example_branch_datetime_operator.py
[2022-09-22T03:52:23.301+0000] {logging_mixin.py:117} INFO - [2022-09-22T03:52:23.301+0000] {dag.py:2573} INFO - Sync 3 DAGs
[2022-09-22T03:52:23.327+0000] {logging_mixin.py:117} INFO - [2022-09-22T03:52:23.327+0000] {dag.py:3328} INFO - Setting next_dagrun for example_branch_datetime_operator to 2022-09-21T00:00:00+00:00, run_after=2022-09-22T00:00:00+00:00
[2022-09-22T03:52:23.332+0000] {logging_mixin.py:117} INFO - [2022-09-22T03:52:23.332+0000] {dag.py:3328} INFO - Setting next_dagrun for example_branch_datetime_operator_2 to 2022-09-21T00:00:00+00:00, run_after=2022-09-22T00:00:00+00:00
[2022-09-22T03:52:23.335+0000] {logging_mixin.py:117} INFO - [2022-09-22T03:52:23.334+0000] {dag.py:3328} INFO - Setting next_dagrun for example_branch_datetime_operator_3 to 2022-09-21T00:00:00+00:00, run_after=2022-09-22T00:00:00+00:00
[2022-09-22T03:52:23.349+0000] {processor.py:178} INFO - Processing /home/airflow/.local/lib/python3.7/site-packages/airflow/example_dags/example_branch_datetime_operator.py took 0.110 seconds
