[2022-09-22T03:48:20.515+0000] {processor.py:156} INFO - Started process (PID=80) to work on /home/airflow/.local/lib/python3.7/site-packages/airflow/example_dags/example_branch_labels.py
[2022-09-22T03:48:20.515+0000] {processor.py:758} INFO - Processing file /home/airflow/.local/lib/python3.7/site-packages/airflow/example_dags/example_branch_labels.py for tasks to queue
[2022-09-22T03:48:20.516+0000] {logging_mixin.py:117} INFO - [2022-09-22T03:48:20.516+0000] {dagbag.py:525} INFO - Filling up the DagBag from /home/airflow/.local/lib/python3.7/site-packages/airflow/example_dags/example_branch_labels.py
[2022-09-22T03:48:20.536+0000] {processor.py:768} INFO - DAG(s) dict_keys(['example_branch_labels']) retrieved from /home/airflow/.local/lib/python3.7/site-packages/airflow/example_dags/example_branch_labels.py
[2022-09-22T03:48:20.567+0000] {logging_mixin.py:117} INFO - [2022-09-22T03:48:20.567+0000] {dag.py:2573} INFO - Sync 1 DAGs
[2022-09-22T03:48:20.609+0000] {logging_mixin.py:117} INFO - [2022-09-22T03:48:20.609+0000] {dag.py:3328} INFO - Setting next_dagrun for example_branch_labels to 2022-09-21T00:00:00+00:00, run_after=2022-09-22T00:00:00+00:00
[2022-09-22T03:48:20.632+0000] {processor.py:178} INFO - Processing /home/airflow/.local/lib/python3.7/site-packages/airflow/example_dags/example_branch_labels.py took 0.120 seconds
[2022-09-22T03:48:51.150+0000] {processor.py:156} INFO - Started process (PID=135) to work on /home/airflow/.local/lib/python3.7/site-packages/airflow/example_dags/example_branch_labels.py
[2022-09-22T03:48:51.150+0000] {processor.py:758} INFO - Processing file /home/airflow/.local/lib/python3.7/site-packages/airflow/example_dags/example_branch_labels.py for tasks to queue
[2022-09-22T03:48:51.151+0000] {logging_mixin.py:117} INFO - [2022-09-22T03:48:51.150+0000] {dagbag.py:525} INFO - Filling up the DagBag from /home/airflow/.local/lib/python3.7/site-packages/airflow/example_dags/example_branch_labels.py
[2022-09-22T03:48:51.164+0000] {processor.py:768} INFO - DAG(s) dict_keys(['example_branch_labels']) retrieved from /home/airflow/.local/lib/python3.7/site-packages/airflow/example_dags/example_branch_labels.py
[2022-09-22T03:48:51.200+0000] {logging_mixin.py:117} INFO - [2022-09-22T03:48:51.200+0000] {dag.py:2573} INFO - Sync 1 DAGs
[2022-09-22T03:48:51.225+0000] {logging_mixin.py:117} INFO - [2022-09-22T03:48:51.225+0000] {dag.py:3328} INFO - Setting next_dagrun for example_branch_labels to 2022-09-21T00:00:00+00:00, run_after=2022-09-22T00:00:00+00:00
[2022-09-22T03:48:51.241+0000] {processor.py:178} INFO - Processing /home/airflow/.local/lib/python3.7/site-packages/airflow/example_dags/example_branch_labels.py took 0.094 seconds
[2022-09-22T03:49:21.603+0000] {processor.py:156} INFO - Started process (PID=199) to work on /home/airflow/.local/lib/python3.7/site-packages/airflow/example_dags/example_branch_labels.py
[2022-09-22T03:49:21.603+0000] {processor.py:758} INFO - Processing file /home/airflow/.local/lib/python3.7/site-packages/airflow/example_dags/example_branch_labels.py for tasks to queue
[2022-09-22T03:49:21.604+0000] {logging_mixin.py:117} INFO - [2022-09-22T03:49:21.604+0000] {dagbag.py:525} INFO - Filling up the DagBag from /home/airflow/.local/lib/python3.7/site-packages/airflow/example_dags/example_branch_labels.py
[2022-09-22T03:49:21.617+0000] {processor.py:768} INFO - DAG(s) dict_keys(['example_branch_labels']) retrieved from /home/airflow/.local/lib/python3.7/site-packages/airflow/example_dags/example_branch_labels.py
[2022-09-22T03:49:21.655+0000] {logging_mixin.py:117} INFO - [2022-09-22T03:49:21.654+0000] {dag.py:2573} INFO - Sync 1 DAGs
[2022-09-22T03:49:21.683+0000] {logging_mixin.py:117} INFO - [2022-09-22T03:49:21.683+0000] {dag.py:3328} INFO - Setting next_dagrun for example_branch_labels to 2022-09-21T00:00:00+00:00, run_after=2022-09-22T00:00:00+00:00
[2022-09-22T03:49:21.699+0000] {processor.py:178} INFO - Processing /home/airflow/.local/lib/python3.7/site-packages/airflow/example_dags/example_branch_labels.py took 0.098 seconds
[2022-09-22T03:49:52.229+0000] {processor.py:156} INFO - Started process (PID=262) to work on /home/airflow/.local/lib/python3.7/site-packages/airflow/example_dags/example_branch_labels.py
[2022-09-22T03:49:52.230+0000] {processor.py:758} INFO - Processing file /home/airflow/.local/lib/python3.7/site-packages/airflow/example_dags/example_branch_labels.py for tasks to queue
[2022-09-22T03:49:52.230+0000] {logging_mixin.py:117} INFO - [2022-09-22T03:49:52.230+0000] {dagbag.py:525} INFO - Filling up the DagBag from /home/airflow/.local/lib/python3.7/site-packages/airflow/example_dags/example_branch_labels.py
[2022-09-22T03:49:52.244+0000] {processor.py:768} INFO - DAG(s) dict_keys(['example_branch_labels']) retrieved from /home/airflow/.local/lib/python3.7/site-packages/airflow/example_dags/example_branch_labels.py
[2022-09-22T03:49:52.278+0000] {logging_mixin.py:117} INFO - [2022-09-22T03:49:52.278+0000] {dag.py:2573} INFO - Sync 1 DAGs
[2022-09-22T03:49:52.304+0000] {logging_mixin.py:117} INFO - [2022-09-22T03:49:52.304+0000] {dag.py:3328} INFO - Setting next_dagrun for example_branch_labels to 2022-09-21T00:00:00+00:00, run_after=2022-09-22T00:00:00+00:00
[2022-09-22T03:49:52.321+0000] {processor.py:178} INFO - Processing /home/airflow/.local/lib/python3.7/site-packages/airflow/example_dags/example_branch_labels.py took 0.094 seconds
[2022-09-22T03:50:22.741+0000] {processor.py:156} INFO - Started process (PID=325) to work on /home/airflow/.local/lib/python3.7/site-packages/airflow/example_dags/example_branch_labels.py
[2022-09-22T03:50:22.741+0000] {processor.py:758} INFO - Processing file /home/airflow/.local/lib/python3.7/site-packages/airflow/example_dags/example_branch_labels.py for tasks to queue
[2022-09-22T03:50:22.742+0000] {logging_mixin.py:117} INFO - [2022-09-22T03:50:22.742+0000] {dagbag.py:525} INFO - Filling up the DagBag from /home/airflow/.local/lib/python3.7/site-packages/airflow/example_dags/example_branch_labels.py
[2022-09-22T03:50:22.758+0000] {processor.py:768} INFO - DAG(s) dict_keys(['example_branch_labels']) retrieved from /home/airflow/.local/lib/python3.7/site-packages/airflow/example_dags/example_branch_labels.py
[2022-09-22T03:50:22.807+0000] {logging_mixin.py:117} INFO - [2022-09-22T03:50:22.806+0000] {dag.py:2573} INFO - Sync 1 DAGs
[2022-09-22T03:50:22.841+0000] {logging_mixin.py:117} INFO - [2022-09-22T03:50:22.841+0000] {dag.py:3328} INFO - Setting next_dagrun for example_branch_labels to 2022-09-21T00:00:00+00:00, run_after=2022-09-22T00:00:00+00:00
[2022-09-22T03:50:22.857+0000] {processor.py:178} INFO - Processing /home/airflow/.local/lib/python3.7/site-packages/airflow/example_dags/example_branch_labels.py took 0.119 seconds
[2022-09-22T03:50:53.234+0000] {processor.py:156} INFO - Started process (PID=379) to work on /home/airflow/.local/lib/python3.7/site-packages/airflow/example_dags/example_branch_labels.py
[2022-09-22T03:50:53.235+0000] {processor.py:758} INFO - Processing file /home/airflow/.local/lib/python3.7/site-packages/airflow/example_dags/example_branch_labels.py for tasks to queue
[2022-09-22T03:50:53.235+0000] {logging_mixin.py:117} INFO - [2022-09-22T03:50:53.235+0000] {dagbag.py:525} INFO - Filling up the DagBag from /home/airflow/.local/lib/python3.7/site-packages/airflow/example_dags/example_branch_labels.py
[2022-09-22T03:50:53.248+0000] {processor.py:768} INFO - DAG(s) dict_keys(['example_branch_labels']) retrieved from /home/airflow/.local/lib/python3.7/site-packages/airflow/example_dags/example_branch_labels.py
[2022-09-22T03:50:53.284+0000] {logging_mixin.py:117} INFO - [2022-09-22T03:50:53.284+0000] {dag.py:2573} INFO - Sync 1 DAGs
[2022-09-22T03:50:53.309+0000] {logging_mixin.py:117} INFO - [2022-09-22T03:50:53.309+0000] {dag.py:3328} INFO - Setting next_dagrun for example_branch_labels to 2022-09-21T00:00:00+00:00, run_after=2022-09-22T00:00:00+00:00
[2022-09-22T03:50:53.325+0000] {processor.py:178} INFO - Processing /home/airflow/.local/lib/python3.7/site-packages/airflow/example_dags/example_branch_labels.py took 0.094 seconds
[2022-09-22T03:51:24.053+0000] {processor.py:156} INFO - Started process (PID=443) to work on /home/airflow/.local/lib/python3.7/site-packages/airflow/example_dags/example_branch_labels.py
[2022-09-22T03:51:24.053+0000] {processor.py:758} INFO - Processing file /home/airflow/.local/lib/python3.7/site-packages/airflow/example_dags/example_branch_labels.py for tasks to queue
[2022-09-22T03:51:24.054+0000] {logging_mixin.py:117} INFO - [2022-09-22T03:51:24.054+0000] {dagbag.py:525} INFO - Filling up the DagBag from /home/airflow/.local/lib/python3.7/site-packages/airflow/example_dags/example_branch_labels.py
[2022-09-22T03:51:24.075+0000] {processor.py:768} INFO - DAG(s) dict_keys(['example_branch_labels']) retrieved from /home/airflow/.local/lib/python3.7/site-packages/airflow/example_dags/example_branch_labels.py
[2022-09-22T03:51:24.127+0000] {logging_mixin.py:117} INFO - [2022-09-22T03:51:24.127+0000] {dag.py:2573} INFO - Sync 1 DAGs
[2022-09-22T03:51:24.165+0000] {logging_mixin.py:117} INFO - [2022-09-22T03:51:24.164+0000] {dag.py:3328} INFO - Setting next_dagrun for example_branch_labels to 2022-09-21T00:00:00+00:00, run_after=2022-09-22T00:00:00+00:00
[2022-09-22T03:51:24.189+0000] {processor.py:178} INFO - Processing /home/airflow/.local/lib/python3.7/site-packages/airflow/example_dags/example_branch_labels.py took 0.140 seconds
[2022-09-22T03:51:54.356+0000] {processor.py:156} INFO - Started process (PID=507) to work on /home/airflow/.local/lib/python3.7/site-packages/airflow/example_dags/example_branch_labels.py
[2022-09-22T03:51:54.356+0000] {processor.py:758} INFO - Processing file /home/airflow/.local/lib/python3.7/site-packages/airflow/example_dags/example_branch_labels.py for tasks to queue
[2022-09-22T03:51:54.357+0000] {logging_mixin.py:117} INFO - [2022-09-22T03:51:54.357+0000] {dagbag.py:525} INFO - Filling up the DagBag from /home/airflow/.local/lib/python3.7/site-packages/airflow/example_dags/example_branch_labels.py
[2022-09-22T03:51:54.377+0000] {processor.py:768} INFO - DAG(s) dict_keys(['example_branch_labels']) retrieved from /home/airflow/.local/lib/python3.7/site-packages/airflow/example_dags/example_branch_labels.py
[2022-09-22T03:51:54.426+0000] {logging_mixin.py:117} INFO - [2022-09-22T03:51:54.426+0000] {dag.py:2573} INFO - Sync 1 DAGs
[2022-09-22T03:51:54.466+0000] {logging_mixin.py:117} INFO - [2022-09-22T03:51:54.466+0000] {dag.py:3328} INFO - Setting next_dagrun for example_branch_labels to 2022-09-21T00:00:00+00:00, run_after=2022-09-22T00:00:00+00:00
[2022-09-22T03:51:54.490+0000] {processor.py:178} INFO - Processing /home/airflow/.local/lib/python3.7/site-packages/airflow/example_dags/example_branch_labels.py took 0.138 seconds
[2022-09-22T03:52:24.531+0000] {processor.py:156} INFO - Started process (PID=561) to work on /home/airflow/.local/lib/python3.7/site-packages/airflow/example_dags/example_branch_labels.py
[2022-09-22T03:52:24.532+0000] {processor.py:758} INFO - Processing file /home/airflow/.local/lib/python3.7/site-packages/airflow/example_dags/example_branch_labels.py for tasks to queue
[2022-09-22T03:52:24.532+0000] {logging_mixin.py:117} INFO - [2022-09-22T03:52:24.532+0000] {dagbag.py:525} INFO - Filling up the DagBag from /home/airflow/.local/lib/python3.7/site-packages/airflow/example_dags/example_branch_labels.py
[2022-09-22T03:52:24.546+0000] {processor.py:768} INFO - DAG(s) dict_keys(['example_branch_labels']) retrieved from /home/airflow/.local/lib/python3.7/site-packages/airflow/example_dags/example_branch_labels.py
[2022-09-22T03:52:24.582+0000] {logging_mixin.py:117} INFO - [2022-09-22T03:52:24.581+0000] {dag.py:2573} INFO - Sync 1 DAGs
[2022-09-22T03:52:24.610+0000] {logging_mixin.py:117} INFO - [2022-09-22T03:52:24.610+0000] {dag.py:3328} INFO - Setting next_dagrun for example_branch_labels to 2022-09-21T00:00:00+00:00, run_after=2022-09-22T00:00:00+00:00
[2022-09-22T03:52:24.626+0000] {processor.py:178} INFO - Processing /home/airflow/.local/lib/python3.7/site-packages/airflow/example_dags/example_branch_labels.py took 0.097 seconds
