[2022-09-22T03:48:19.992+0000] {processor.py:156} INFO - Started process (PID=72) to work on /home/airflow/.local/lib/python3.7/site-packages/airflow/example_dags/tutorial_dag.py
[2022-09-22T03:48:19.993+0000] {processor.py:758} INFO - Processing file /home/airflow/.local/lib/python3.7/site-packages/airflow/example_dags/tutorial_dag.py for tasks to queue
[2022-09-22T03:48:19.993+0000] {logging_mixin.py:117} INFO - [2022-09-22T03:48:19.993+0000] {dagbag.py:525} INFO - Filling up the DagBag from /home/airflow/.local/lib/python3.7/site-packages/airflow/example_dags/tutorial_dag.py
[2022-09-22T03:48:20.006+0000] {processor.py:768} INFO - DAG(s) dict_keys(['tutorial_dag']) retrieved from /home/airflow/.local/lib/python3.7/site-packages/airflow/example_dags/tutorial_dag.py
[2022-09-22T03:48:20.030+0000] {logging_mixin.py:117} INFO - [2022-09-22T03:48:20.030+0000] {dag.py:2573} INFO - Sync 1 DAGs
[2022-09-22T03:48:20.056+0000] {logging_mixin.py:117} INFO - [2022-09-22T03:48:20.056+0000] {dag.py:3328} INFO - Setting next_dagrun for tutorial_dag to None, run_after=None
[2022-09-22T03:48:20.075+0000] {processor.py:178} INFO - Processing /home/airflow/.local/lib/python3.7/site-packages/airflow/example_dags/tutorial_dag.py took 0.085 seconds
[2022-09-22T03:48:50.639+0000] {processor.py:156} INFO - Started process (PID=127) to work on /home/airflow/.local/lib/python3.7/site-packages/airflow/example_dags/tutorial_dag.py
[2022-09-22T03:48:50.640+0000] {processor.py:758} INFO - Processing file /home/airflow/.local/lib/python3.7/site-packages/airflow/example_dags/tutorial_dag.py for tasks to queue
[2022-09-22T03:48:50.640+0000] {logging_mixin.py:117} INFO - [2022-09-22T03:48:50.640+0000] {dagbag.py:525} INFO - Filling up the DagBag from /home/airflow/.local/lib/python3.7/site-packages/airflow/example_dags/tutorial_dag.py
[2022-09-22T03:48:50.651+0000] {processor.py:768} INFO - DAG(s) dict_keys(['tutorial_dag']) retrieved from /home/airflow/.local/lib/python3.7/site-packages/airflow/example_dags/tutorial_dag.py
[2022-09-22T03:48:50.683+0000] {logging_mixin.py:117} INFO - [2022-09-22T03:48:50.683+0000] {dag.py:2573} INFO - Sync 1 DAGs
[2022-09-22T03:48:50.704+0000] {logging_mixin.py:117} INFO - [2022-09-22T03:48:50.704+0000] {dag.py:3328} INFO - Setting next_dagrun for tutorial_dag to None, run_after=None
[2022-09-22T03:48:50.719+0000] {processor.py:178} INFO - Processing /home/airflow/.local/lib/python3.7/site-packages/airflow/example_dags/tutorial_dag.py took 0.083 seconds
[2022-09-22T03:49:21.062+0000] {processor.py:156} INFO - Started process (PID=191) to work on /home/airflow/.local/lib/python3.7/site-packages/airflow/example_dags/tutorial_dag.py
[2022-09-22T03:49:21.063+0000] {processor.py:758} INFO - Processing file /home/airflow/.local/lib/python3.7/site-packages/airflow/example_dags/tutorial_dag.py for tasks to queue
[2022-09-22T03:49:21.063+0000] {logging_mixin.py:117} INFO - [2022-09-22T03:49:21.063+0000] {dagbag.py:525} INFO - Filling up the DagBag from /home/airflow/.local/lib/python3.7/site-packages/airflow/example_dags/tutorial_dag.py
[2022-09-22T03:49:21.076+0000] {processor.py:768} INFO - DAG(s) dict_keys(['tutorial_dag']) retrieved from /home/airflow/.local/lib/python3.7/site-packages/airflow/example_dags/tutorial_dag.py
[2022-09-22T03:49:21.109+0000] {logging_mixin.py:117} INFO - [2022-09-22T03:49:21.109+0000] {dag.py:2573} INFO - Sync 1 DAGs
[2022-09-22T03:49:21.131+0000] {logging_mixin.py:117} INFO - [2022-09-22T03:49:21.130+0000] {dag.py:3328} INFO - Setting next_dagrun for tutorial_dag to None, run_after=None
[2022-09-22T03:49:21.146+0000] {processor.py:178} INFO - Processing /home/airflow/.local/lib/python3.7/site-packages/airflow/example_dags/tutorial_dag.py took 0.086 seconds
[2022-09-22T03:49:51.573+0000] {processor.py:156} INFO - Started process (PID=254) to work on /home/airflow/.local/lib/python3.7/site-packages/airflow/example_dags/tutorial_dag.py
[2022-09-22T03:49:51.573+0000] {processor.py:758} INFO - Processing file /home/airflow/.local/lib/python3.7/site-packages/airflow/example_dags/tutorial_dag.py for tasks to queue
[2022-09-22T03:49:51.573+0000] {logging_mixin.py:117} INFO - [2022-09-22T03:49:51.573+0000] {dagbag.py:525} INFO - Filling up the DagBag from /home/airflow/.local/lib/python3.7/site-packages/airflow/example_dags/tutorial_dag.py
[2022-09-22T03:49:51.585+0000] {processor.py:768} INFO - DAG(s) dict_keys(['tutorial_dag']) retrieved from /home/airflow/.local/lib/python3.7/site-packages/airflow/example_dags/tutorial_dag.py
[2022-09-22T03:49:51.620+0000] {logging_mixin.py:117} INFO - [2022-09-22T03:49:51.620+0000] {dag.py:2573} INFO - Sync 1 DAGs
[2022-09-22T03:49:51.643+0000] {logging_mixin.py:117} INFO - [2022-09-22T03:49:51.643+0000] {dag.py:3328} INFO - Setting next_dagrun for tutorial_dag to None, run_after=None
[2022-09-22T03:49:51.658+0000] {processor.py:178} INFO - Processing /home/airflow/.local/lib/python3.7/site-packages/airflow/example_dags/tutorial_dag.py took 0.088 seconds
[2022-09-22T03:50:22.124+0000] {processor.py:156} INFO - Started process (PID=308) to work on /home/airflow/.local/lib/python3.7/site-packages/airflow/example_dags/tutorial_dag.py
[2022-09-22T03:50:22.125+0000] {processor.py:758} INFO - Processing file /home/airflow/.local/lib/python3.7/site-packages/airflow/example_dags/tutorial_dag.py for tasks to queue
[2022-09-22T03:50:22.125+0000] {logging_mixin.py:117} INFO - [2022-09-22T03:50:22.125+0000] {dagbag.py:525} INFO - Filling up the DagBag from /home/airflow/.local/lib/python3.7/site-packages/airflow/example_dags/tutorial_dag.py
[2022-09-22T03:50:22.143+0000] {processor.py:768} INFO - DAG(s) dict_keys(['tutorial_dag']) retrieved from /home/airflow/.local/lib/python3.7/site-packages/airflow/example_dags/tutorial_dag.py
[2022-09-22T03:50:22.222+0000] {logging_mixin.py:117} INFO - [2022-09-22T03:50:22.222+0000] {dag.py:2573} INFO - Sync 1 DAGs
[2022-09-22T03:50:22.254+0000] {logging_mixin.py:117} INFO - [2022-09-22T03:50:22.254+0000] {dag.py:3328} INFO - Setting next_dagrun for tutorial_dag to None, run_after=None
[2022-09-22T03:50:22.274+0000] {processor.py:178} INFO - Processing /home/airflow/.local/lib/python3.7/site-packages/airflow/example_dags/tutorial_dag.py took 0.152 seconds
[2022-09-22T03:50:52.715+0000] {processor.py:156} INFO - Started process (PID=371) to work on /home/airflow/.local/lib/python3.7/site-packages/airflow/example_dags/tutorial_dag.py
[2022-09-22T03:50:52.715+0000] {processor.py:758} INFO - Processing file /home/airflow/.local/lib/python3.7/site-packages/airflow/example_dags/tutorial_dag.py for tasks to queue
[2022-09-22T03:50:52.716+0000] {logging_mixin.py:117} INFO - [2022-09-22T03:50:52.716+0000] {dagbag.py:525} INFO - Filling up the DagBag from /home/airflow/.local/lib/python3.7/site-packages/airflow/example_dags/tutorial_dag.py
[2022-09-22T03:50:52.728+0000] {processor.py:768} INFO - DAG(s) dict_keys(['tutorial_dag']) retrieved from /home/airflow/.local/lib/python3.7/site-packages/airflow/example_dags/tutorial_dag.py
[2022-09-22T03:50:52.761+0000] {logging_mixin.py:117} INFO - [2022-09-22T03:50:52.761+0000] {dag.py:2573} INFO - Sync 1 DAGs
[2022-09-22T03:50:52.783+0000] {logging_mixin.py:117} INFO - [2022-09-22T03:50:52.783+0000] {dag.py:3328} INFO - Setting next_dagrun for tutorial_dag to None, run_after=None
[2022-09-22T03:50:52.798+0000] {processor.py:178} INFO - Processing /home/airflow/.local/lib/python3.7/site-packages/airflow/example_dags/tutorial_dag.py took 0.086 seconds
[2022-09-22T03:51:23.335+0000] {processor.py:156} INFO - Started process (PID=435) to work on /home/airflow/.local/lib/python3.7/site-packages/airflow/example_dags/tutorial_dag.py
[2022-09-22T03:51:23.336+0000] {processor.py:758} INFO - Processing file /home/airflow/.local/lib/python3.7/site-packages/airflow/example_dags/tutorial_dag.py for tasks to queue
[2022-09-22T03:51:23.336+0000] {logging_mixin.py:117} INFO - [2022-09-22T03:51:23.336+0000] {dagbag.py:525} INFO - Filling up the DagBag from /home/airflow/.local/lib/python3.7/site-packages/airflow/example_dags/tutorial_dag.py
[2022-09-22T03:51:23.349+0000] {processor.py:768} INFO - DAG(s) dict_keys(['tutorial_dag']) retrieved from /home/airflow/.local/lib/python3.7/site-packages/airflow/example_dags/tutorial_dag.py
[2022-09-22T03:51:23.385+0000] {logging_mixin.py:117} INFO - [2022-09-22T03:51:23.385+0000] {dag.py:2573} INFO - Sync 1 DAGs
[2022-09-22T03:51:23.409+0000] {logging_mixin.py:117} INFO - [2022-09-22T03:51:23.409+0000] {dag.py:3328} INFO - Setting next_dagrun for tutorial_dag to None, run_after=None
[2022-09-22T03:51:23.427+0000] {processor.py:178} INFO - Processing /home/airflow/.local/lib/python3.7/site-packages/airflow/example_dags/tutorial_dag.py took 0.094 seconds
[2022-09-22T03:51:53.690+0000] {processor.py:156} INFO - Started process (PID=499) to work on /home/airflow/.local/lib/python3.7/site-packages/airflow/example_dags/tutorial_dag.py
[2022-09-22T03:51:53.690+0000] {processor.py:758} INFO - Processing file /home/airflow/.local/lib/python3.7/site-packages/airflow/example_dags/tutorial_dag.py for tasks to queue
[2022-09-22T03:51:53.691+0000] {logging_mixin.py:117} INFO - [2022-09-22T03:51:53.691+0000] {dagbag.py:525} INFO - Filling up the DagBag from /home/airflow/.local/lib/python3.7/site-packages/airflow/example_dags/tutorial_dag.py
[2022-09-22T03:51:53.704+0000] {processor.py:768} INFO - DAG(s) dict_keys(['tutorial_dag']) retrieved from /home/airflow/.local/lib/python3.7/site-packages/airflow/example_dags/tutorial_dag.py
[2022-09-22T03:51:53.740+0000] {logging_mixin.py:117} INFO - [2022-09-22T03:51:53.739+0000] {dag.py:2573} INFO - Sync 1 DAGs
[2022-09-22T03:51:53.765+0000] {logging_mixin.py:117} INFO - [2022-09-22T03:51:53.765+0000] {dag.py:3328} INFO - Setting next_dagrun for tutorial_dag to None, run_after=None
[2022-09-22T03:51:53.784+0000] {processor.py:178} INFO - Processing /home/airflow/.local/lib/python3.7/site-packages/airflow/example_dags/tutorial_dag.py took 0.096 seconds
[2022-09-22T03:52:24.001+0000] {processor.py:156} INFO - Started process (PID=553) to work on /home/airflow/.local/lib/python3.7/site-packages/airflow/example_dags/tutorial_dag.py
[2022-09-22T03:52:24.002+0000] {processor.py:758} INFO - Processing file /home/airflow/.local/lib/python3.7/site-packages/airflow/example_dags/tutorial_dag.py for tasks to queue
[2022-09-22T03:52:24.002+0000] {logging_mixin.py:117} INFO - [2022-09-22T03:52:24.002+0000] {dagbag.py:525} INFO - Filling up the DagBag from /home/airflow/.local/lib/python3.7/site-packages/airflow/example_dags/tutorial_dag.py
[2022-09-22T03:52:24.014+0000] {processor.py:768} INFO - DAG(s) dict_keys(['tutorial_dag']) retrieved from /home/airflow/.local/lib/python3.7/site-packages/airflow/example_dags/tutorial_dag.py
[2022-09-22T03:52:24.048+0000] {logging_mixin.py:117} INFO - [2022-09-22T03:52:24.048+0000] {dag.py:2573} INFO - Sync 1 DAGs
[2022-09-22T03:52:24.071+0000] {logging_mixin.py:117} INFO - [2022-09-22T03:52:24.071+0000] {dag.py:3328} INFO - Setting next_dagrun for tutorial_dag to None, run_after=None
[2022-09-22T03:52:24.087+0000] {processor.py:178} INFO - Processing /home/airflow/.local/lib/python3.7/site-packages/airflow/example_dags/tutorial_dag.py took 0.088 seconds
