[2022-09-22T03:48:19.988+0000] {processor.py:156} INFO - Started process (PID=71) to work on /home/airflow/.local/lib/python3.7/site-packages/airflow/example_dags/tutorial_taskflow_api.py
[2022-09-22T03:48:19.988+0000] {processor.py:758} INFO - Processing file /home/airflow/.local/lib/python3.7/site-packages/airflow/example_dags/tutorial_taskflow_api.py for tasks to queue
[2022-09-22T03:48:19.989+0000] {logging_mixin.py:117} INFO - [2022-09-22T03:48:19.989+0000] {dagbag.py:525} INFO - Filling up the DagBag from /home/airflow/.local/lib/python3.7/site-packages/airflow/example_dags/tutorial_taskflow_api.py
[2022-09-22T03:48:20.011+0000] {processor.py:768} INFO - DAG(s) dict_keys(['tutorial_taskflow_api']) retrieved from /home/airflow/.local/lib/python3.7/site-packages/airflow/example_dags/tutorial_taskflow_api.py
[2022-09-22T03:48:20.038+0000] {logging_mixin.py:117} INFO - [2022-09-22T03:48:20.038+0000] {dag.py:2573} INFO - Sync 1 DAGs
[2022-09-22T03:48:20.063+0000] {logging_mixin.py:117} INFO - [2022-09-22T03:48:20.063+0000] {dag.py:3328} INFO - Setting next_dagrun for tutorial_taskflow_api to None, run_after=None
[2022-09-22T03:48:20.082+0000] {processor.py:178} INFO - Processing /home/airflow/.local/lib/python3.7/site-packages/airflow/example_dags/tutorial_taskflow_api.py took 0.097 seconds
[2022-09-22T03:48:50.551+0000] {processor.py:156} INFO - Started process (PID=126) to work on /home/airflow/.local/lib/python3.7/site-packages/airflow/example_dags/tutorial_taskflow_api.py
[2022-09-22T03:48:50.551+0000] {processor.py:758} INFO - Processing file /home/airflow/.local/lib/python3.7/site-packages/airflow/example_dags/tutorial_taskflow_api.py for tasks to queue
[2022-09-22T03:48:50.552+0000] {logging_mixin.py:117} INFO - [2022-09-22T03:48:50.552+0000] {dagbag.py:525} INFO - Filling up the DagBag from /home/airflow/.local/lib/python3.7/site-packages/airflow/example_dags/tutorial_taskflow_api.py
[2022-09-22T03:48:50.572+0000] {processor.py:768} INFO - DAG(s) dict_keys(['tutorial_taskflow_api']) retrieved from /home/airflow/.local/lib/python3.7/site-packages/airflow/example_dags/tutorial_taskflow_api.py
[2022-09-22T03:48:50.603+0000] {logging_mixin.py:117} INFO - [2022-09-22T03:48:50.603+0000] {dag.py:2573} INFO - Sync 1 DAGs
[2022-09-22T03:48:50.624+0000] {logging_mixin.py:117} INFO - [2022-09-22T03:48:50.624+0000] {dag.py:3328} INFO - Setting next_dagrun for tutorial_taskflow_api to None, run_after=None
[2022-09-22T03:48:50.640+0000] {processor.py:178} INFO - Processing /home/airflow/.local/lib/python3.7/site-packages/airflow/example_dags/tutorial_taskflow_api.py took 0.092 seconds
[2022-09-22T03:49:20.956+0000] {processor.py:156} INFO - Started process (PID=190) to work on /home/airflow/.local/lib/python3.7/site-packages/airflow/example_dags/tutorial_taskflow_api.py
[2022-09-22T03:49:20.956+0000] {processor.py:758} INFO - Processing file /home/airflow/.local/lib/python3.7/site-packages/airflow/example_dags/tutorial_taskflow_api.py for tasks to queue
[2022-09-22T03:49:20.957+0000] {logging_mixin.py:117} INFO - [2022-09-22T03:49:20.957+0000] {dagbag.py:525} INFO - Filling up the DagBag from /home/airflow/.local/lib/python3.7/site-packages/airflow/example_dags/tutorial_taskflow_api.py
[2022-09-22T03:49:20.977+0000] {processor.py:768} INFO - DAG(s) dict_keys(['tutorial_taskflow_api']) retrieved from /home/airflow/.local/lib/python3.7/site-packages/airflow/example_dags/tutorial_taskflow_api.py
[2022-09-22T03:49:21.009+0000] {logging_mixin.py:117} INFO - [2022-09-22T03:49:21.009+0000] {dag.py:2573} INFO - Sync 1 DAGs
[2022-09-22T03:49:21.032+0000] {logging_mixin.py:117} INFO - [2022-09-22T03:49:21.032+0000] {dag.py:3328} INFO - Setting next_dagrun for tutorial_taskflow_api to None, run_after=None
[2022-09-22T03:49:21.047+0000] {processor.py:178} INFO - Processing /home/airflow/.local/lib/python3.7/site-packages/airflow/example_dags/tutorial_taskflow_api.py took 0.094 seconds
[2022-09-22T03:49:51.462+0000] {processor.py:156} INFO - Started process (PID=253) to work on /home/airflow/.local/lib/python3.7/site-packages/airflow/example_dags/tutorial_taskflow_api.py
[2022-09-22T03:49:51.462+0000] {processor.py:758} INFO - Processing file /home/airflow/.local/lib/python3.7/site-packages/airflow/example_dags/tutorial_taskflow_api.py for tasks to queue
[2022-09-22T03:49:51.463+0000] {logging_mixin.py:117} INFO - [2022-09-22T03:49:51.463+0000] {dagbag.py:525} INFO - Filling up the DagBag from /home/airflow/.local/lib/python3.7/site-packages/airflow/example_dags/tutorial_taskflow_api.py
[2022-09-22T03:49:51.483+0000] {processor.py:768} INFO - DAG(s) dict_keys(['tutorial_taskflow_api']) retrieved from /home/airflow/.local/lib/python3.7/site-packages/airflow/example_dags/tutorial_taskflow_api.py
[2022-09-22T03:49:51.517+0000] {logging_mixin.py:117} INFO - [2022-09-22T03:49:51.517+0000] {dag.py:2573} INFO - Sync 1 DAGs
[2022-09-22T03:49:51.540+0000] {logging_mixin.py:117} INFO - [2022-09-22T03:49:51.540+0000] {dag.py:3328} INFO - Setting next_dagrun for tutorial_taskflow_api to None, run_after=None
[2022-09-22T03:49:51.557+0000] {processor.py:178} INFO - Processing /home/airflow/.local/lib/python3.7/site-packages/airflow/example_dags/tutorial_taskflow_api.py took 0.097 seconds
[2022-09-22T03:50:22.051+0000] {processor.py:156} INFO - Started process (PID=307) to work on /home/airflow/.local/lib/python3.7/site-packages/airflow/example_dags/tutorial_taskflow_api.py
[2022-09-22T03:50:22.052+0000] {processor.py:758} INFO - Processing file /home/airflow/.local/lib/python3.7/site-packages/airflow/example_dags/tutorial_taskflow_api.py for tasks to queue
[2022-09-22T03:50:22.052+0000] {logging_mixin.py:117} INFO - [2022-09-22T03:50:22.052+0000] {dagbag.py:525} INFO - Filling up the DagBag from /home/airflow/.local/lib/python3.7/site-packages/airflow/example_dags/tutorial_taskflow_api.py
[2022-09-22T03:50:22.072+0000] {processor.py:768} INFO - DAG(s) dict_keys(['tutorial_taskflow_api']) retrieved from /home/airflow/.local/lib/python3.7/site-packages/airflow/example_dags/tutorial_taskflow_api.py
[2022-09-22T03:50:22.106+0000] {logging_mixin.py:117} INFO - [2022-09-22T03:50:22.105+0000] {dag.py:2573} INFO - Sync 1 DAGs
[2022-09-22T03:50:22.131+0000] {logging_mixin.py:117} INFO - [2022-09-22T03:50:22.131+0000] {dag.py:3328} INFO - Setting next_dagrun for tutorial_taskflow_api to None, run_after=None
[2022-09-22T03:50:22.154+0000] {processor.py:178} INFO - Processing /home/airflow/.local/lib/python3.7/site-packages/airflow/example_dags/tutorial_taskflow_api.py took 0.105 seconds
[2022-09-22T03:50:52.626+0000] {processor.py:156} INFO - Started process (PID=370) to work on /home/airflow/.local/lib/python3.7/site-packages/airflow/example_dags/tutorial_taskflow_api.py
[2022-09-22T03:50:52.626+0000] {processor.py:758} INFO - Processing file /home/airflow/.local/lib/python3.7/site-packages/airflow/example_dags/tutorial_taskflow_api.py for tasks to queue
[2022-09-22T03:50:52.627+0000] {logging_mixin.py:117} INFO - [2022-09-22T03:50:52.627+0000] {dagbag.py:525} INFO - Filling up the DagBag from /home/airflow/.local/lib/python3.7/site-packages/airflow/example_dags/tutorial_taskflow_api.py
[2022-09-22T03:50:52.647+0000] {processor.py:768} INFO - DAG(s) dict_keys(['tutorial_taskflow_api']) retrieved from /home/airflow/.local/lib/python3.7/site-packages/airflow/example_dags/tutorial_taskflow_api.py
[2022-09-22T03:50:52.680+0000] {logging_mixin.py:117} INFO - [2022-09-22T03:50:52.680+0000] {dag.py:2573} INFO - Sync 1 DAGs
[2022-09-22T03:50:52.703+0000] {logging_mixin.py:117} INFO - [2022-09-22T03:50:52.703+0000] {dag.py:3328} INFO - Setting next_dagrun for tutorial_taskflow_api to None, run_after=None
[2022-09-22T03:50:52.720+0000] {processor.py:178} INFO - Processing /home/airflow/.local/lib/python3.7/site-packages/airflow/example_dags/tutorial_taskflow_api.py took 0.096 seconds
[2022-09-22T03:51:23.265+0000] {processor.py:156} INFO - Started process (PID=434) to work on /home/airflow/.local/lib/python3.7/site-packages/airflow/example_dags/tutorial_taskflow_api.py
[2022-09-22T03:51:23.266+0000] {processor.py:758} INFO - Processing file /home/airflow/.local/lib/python3.7/site-packages/airflow/example_dags/tutorial_taskflow_api.py for tasks to queue
[2022-09-22T03:51:23.266+0000] {logging_mixin.py:117} INFO - [2022-09-22T03:51:23.266+0000] {dagbag.py:525} INFO - Filling up the DagBag from /home/airflow/.local/lib/python3.7/site-packages/airflow/example_dags/tutorial_taskflow_api.py
[2022-09-22T03:51:23.288+0000] {processor.py:768} INFO - DAG(s) dict_keys(['tutorial_taskflow_api']) retrieved from /home/airflow/.local/lib/python3.7/site-packages/airflow/example_dags/tutorial_taskflow_api.py
[2022-09-22T03:51:23.324+0000] {logging_mixin.py:117} INFO - [2022-09-22T03:51:23.323+0000] {dag.py:2573} INFO - Sync 1 DAGs
[2022-09-22T03:51:23.351+0000] {logging_mixin.py:117} INFO - [2022-09-22T03:51:23.351+0000] {dag.py:3328} INFO - Setting next_dagrun for tutorial_taskflow_api to None, run_after=None
[2022-09-22T03:51:23.368+0000] {processor.py:178} INFO - Processing /home/airflow/.local/lib/python3.7/site-packages/airflow/example_dags/tutorial_taskflow_api.py took 0.106 seconds
[2022-09-22T03:51:53.589+0000] {processor.py:156} INFO - Started process (PID=498) to work on /home/airflow/.local/lib/python3.7/site-packages/airflow/example_dags/tutorial_taskflow_api.py
[2022-09-22T03:51:53.590+0000] {processor.py:758} INFO - Processing file /home/airflow/.local/lib/python3.7/site-packages/airflow/example_dags/tutorial_taskflow_api.py for tasks to queue
[2022-09-22T03:51:53.590+0000] {logging_mixin.py:117} INFO - [2022-09-22T03:51:53.590+0000] {dagbag.py:525} INFO - Filling up the DagBag from /home/airflow/.local/lib/python3.7/site-packages/airflow/example_dags/tutorial_taskflow_api.py
[2022-09-22T03:51:53.611+0000] {processor.py:768} INFO - DAG(s) dict_keys(['tutorial_taskflow_api']) retrieved from /home/airflow/.local/lib/python3.7/site-packages/airflow/example_dags/tutorial_taskflow_api.py
[2022-09-22T03:51:53.647+0000] {logging_mixin.py:117} INFO - [2022-09-22T03:51:53.647+0000] {dag.py:2573} INFO - Sync 1 DAGs
[2022-09-22T03:51:53.674+0000] {logging_mixin.py:117} INFO - [2022-09-22T03:51:53.674+0000] {dag.py:3328} INFO - Setting next_dagrun for tutorial_taskflow_api to None, run_after=None
[2022-09-22T03:51:53.694+0000] {processor.py:178} INFO - Processing /home/airflow/.local/lib/python3.7/site-packages/airflow/example_dags/tutorial_taskflow_api.py took 0.108 seconds
[2022-09-22T03:52:23.896+0000] {processor.py:156} INFO - Started process (PID=552) to work on /home/airflow/.local/lib/python3.7/site-packages/airflow/example_dags/tutorial_taskflow_api.py
[2022-09-22T03:52:23.897+0000] {processor.py:758} INFO - Processing file /home/airflow/.local/lib/python3.7/site-packages/airflow/example_dags/tutorial_taskflow_api.py for tasks to queue
[2022-09-22T03:52:23.897+0000] {logging_mixin.py:117} INFO - [2022-09-22T03:52:23.897+0000] {dagbag.py:525} INFO - Filling up the DagBag from /home/airflow/.local/lib/python3.7/site-packages/airflow/example_dags/tutorial_taskflow_api.py
[2022-09-22T03:52:23.918+0000] {processor.py:768} INFO - DAG(s) dict_keys(['tutorial_taskflow_api']) retrieved from /home/airflow/.local/lib/python3.7/site-packages/airflow/example_dags/tutorial_taskflow_api.py
[2022-09-22T03:52:23.953+0000] {logging_mixin.py:117} INFO - [2022-09-22T03:52:23.953+0000] {dag.py:2573} INFO - Sync 1 DAGs
[2022-09-22T03:52:23.976+0000] {logging_mixin.py:117} INFO - [2022-09-22T03:52:23.976+0000] {dag.py:3328} INFO - Setting next_dagrun for tutorial_taskflow_api to None, run_after=None
[2022-09-22T03:52:23.992+0000] {processor.py:178} INFO - Processing /home/airflow/.local/lib/python3.7/site-packages/airflow/example_dags/tutorial_taskflow_api.py took 0.098 seconds
