[2022-09-22T03:48:19.633+0000] {processor.py:156} INFO - Started process (PID=67) to work on /home/airflow/.local/lib/python3.7/site-packages/airflow/example_dags/tutorial.py
[2022-09-22T03:48:19.634+0000] {processor.py:758} INFO - Processing file /home/airflow/.local/lib/python3.7/site-packages/airflow/example_dags/tutorial.py for tasks to queue
[2022-09-22T03:48:19.634+0000] {logging_mixin.py:117} INFO - [2022-09-22T03:48:19.634+0000] {dagbag.py:525} INFO - Filling up the DagBag from /home/airflow/.local/lib/python3.7/site-packages/airflow/example_dags/tutorial.py
[2022-09-22T03:48:19.647+0000] {processor.py:768} INFO - DAG(s) dict_keys(['tutorial']) retrieved from /home/airflow/.local/lib/python3.7/site-packages/airflow/example_dags/tutorial.py
[2022-09-22T03:48:19.670+0000] {logging_mixin.py:117} INFO - [2022-09-22T03:48:19.670+0000] {dag.py:2573} INFO - Sync 1 DAGs
[2022-09-22T03:48:19.698+0000] {logging_mixin.py:117} INFO - [2022-09-22T03:48:19.698+0000] {dag.py:3328} INFO - Setting next_dagrun for tutorial to 2022-09-21T03:48:19.697986+00:00, run_after=2022-09-22T03:48:19.697986+00:00
[2022-09-22T03:48:19.719+0000] {processor.py:178} INFO - Processing /home/airflow/.local/lib/python3.7/site-packages/airflow/example_dags/tutorial.py took 0.088 seconds
[2022-09-22T03:48:50.343+0000] {processor.py:156} INFO - Started process (PID=122) to work on /home/airflow/.local/lib/python3.7/site-packages/airflow/example_dags/tutorial.py
[2022-09-22T03:48:50.344+0000] {processor.py:758} INFO - Processing file /home/airflow/.local/lib/python3.7/site-packages/airflow/example_dags/tutorial.py for tasks to queue
[2022-09-22T03:48:50.344+0000] {logging_mixin.py:117} INFO - [2022-09-22T03:48:50.344+0000] {dagbag.py:525} INFO - Filling up the DagBag from /home/airflow/.local/lib/python3.7/site-packages/airflow/example_dags/tutorial.py
[2022-09-22T03:48:50.356+0000] {processor.py:768} INFO - DAG(s) dict_keys(['tutorial']) retrieved from /home/airflow/.local/lib/python3.7/site-packages/airflow/example_dags/tutorial.py
[2022-09-22T03:48:50.389+0000] {logging_mixin.py:117} INFO - [2022-09-22T03:48:50.389+0000] {dag.py:2573} INFO - Sync 1 DAGs
[2022-09-22T03:48:50.412+0000] {logging_mixin.py:117} INFO - [2022-09-22T03:48:50.412+0000] {dag.py:3328} INFO - Setting next_dagrun for tutorial to 2022-09-21T03:48:50.411962+00:00, run_after=2022-09-22T03:48:50.411962+00:00
[2022-09-22T03:48:50.427+0000] {processor.py:178} INFO - Processing /home/airflow/.local/lib/python3.7/site-packages/airflow/example_dags/tutorial.py took 0.086 seconds
[2022-09-22T03:49:20.743+0000] {processor.py:156} INFO - Started process (PID=186) to work on /home/airflow/.local/lib/python3.7/site-packages/airflow/example_dags/tutorial.py
[2022-09-22T03:49:20.744+0000] {processor.py:758} INFO - Processing file /home/airflow/.local/lib/python3.7/site-packages/airflow/example_dags/tutorial.py for tasks to queue
[2022-09-22T03:49:20.744+0000] {logging_mixin.py:117} INFO - [2022-09-22T03:49:20.744+0000] {dagbag.py:525} INFO - Filling up the DagBag from /home/airflow/.local/lib/python3.7/site-packages/airflow/example_dags/tutorial.py
[2022-09-22T03:49:20.757+0000] {processor.py:768} INFO - DAG(s) dict_keys(['tutorial']) retrieved from /home/airflow/.local/lib/python3.7/site-packages/airflow/example_dags/tutorial.py
[2022-09-22T03:49:20.793+0000] {logging_mixin.py:117} INFO - [2022-09-22T03:49:20.793+0000] {dag.py:2573} INFO - Sync 1 DAGs
[2022-09-22T03:49:20.815+0000] {logging_mixin.py:117} INFO - [2022-09-22T03:49:20.815+0000] {dag.py:3328} INFO - Setting next_dagrun for tutorial to 2022-09-21T03:49:20.815570+00:00, run_after=2022-09-22T03:49:20.815570+00:00
[2022-09-22T03:49:20.833+0000] {processor.py:178} INFO - Processing /home/airflow/.local/lib/python3.7/site-packages/airflow/example_dags/tutorial.py took 0.092 seconds
[2022-09-22T03:49:51.250+0000] {processor.py:156} INFO - Started process (PID=249) to work on /home/airflow/.local/lib/python3.7/site-packages/airflow/example_dags/tutorial.py
[2022-09-22T03:49:51.250+0000] {processor.py:758} INFO - Processing file /home/airflow/.local/lib/python3.7/site-packages/airflow/example_dags/tutorial.py for tasks to queue
[2022-09-22T03:49:51.251+0000] {logging_mixin.py:117} INFO - [2022-09-22T03:49:51.251+0000] {dagbag.py:525} INFO - Filling up the DagBag from /home/airflow/.local/lib/python3.7/site-packages/airflow/example_dags/tutorial.py
[2022-09-22T03:49:51.263+0000] {processor.py:768} INFO - DAG(s) dict_keys(['tutorial']) retrieved from /home/airflow/.local/lib/python3.7/site-packages/airflow/example_dags/tutorial.py
[2022-09-22T03:49:51.298+0000] {logging_mixin.py:117} INFO - [2022-09-22T03:49:51.297+0000] {dag.py:2573} INFO - Sync 1 DAGs
[2022-09-22T03:49:51.323+0000] {logging_mixin.py:117} INFO - [2022-09-22T03:49:51.323+0000] {dag.py:3328} INFO - Setting next_dagrun for tutorial to 2022-09-21T03:49:51.322847+00:00, run_after=2022-09-22T03:49:51.322847+00:00
[2022-09-22T03:49:51.340+0000] {processor.py:178} INFO - Processing /home/airflow/.local/lib/python3.7/site-packages/airflow/example_dags/tutorial.py took 0.093 seconds
[2022-09-22T03:50:21.857+0000] {processor.py:156} INFO - Started process (PID=303) to work on /home/airflow/.local/lib/python3.7/site-packages/airflow/example_dags/tutorial.py
[2022-09-22T03:50:21.858+0000] {processor.py:758} INFO - Processing file /home/airflow/.local/lib/python3.7/site-packages/airflow/example_dags/tutorial.py for tasks to queue
[2022-09-22T03:50:21.858+0000] {logging_mixin.py:117} INFO - [2022-09-22T03:50:21.858+0000] {dagbag.py:525} INFO - Filling up the DagBag from /home/airflow/.local/lib/python3.7/site-packages/airflow/example_dags/tutorial.py
[2022-09-22T03:50:21.870+0000] {processor.py:768} INFO - DAG(s) dict_keys(['tutorial']) retrieved from /home/airflow/.local/lib/python3.7/site-packages/airflow/example_dags/tutorial.py
[2022-09-22T03:50:21.902+0000] {logging_mixin.py:117} INFO - [2022-09-22T03:50:21.902+0000] {dag.py:2573} INFO - Sync 1 DAGs
[2022-09-22T03:50:21.924+0000] {logging_mixin.py:117} INFO - [2022-09-22T03:50:21.924+0000] {dag.py:3328} INFO - Setting next_dagrun for tutorial to 2022-09-21T03:50:21.924416+00:00, run_after=2022-09-22T03:50:21.924416+00:00
[2022-09-22T03:50:21.939+0000] {processor.py:178} INFO - Processing /home/airflow/.local/lib/python3.7/site-packages/airflow/example_dags/tutorial.py took 0.084 seconds
[2022-09-22T03:50:52.421+0000] {processor.py:156} INFO - Started process (PID=366) to work on /home/airflow/.local/lib/python3.7/site-packages/airflow/example_dags/tutorial.py
[2022-09-22T03:50:52.422+0000] {processor.py:758} INFO - Processing file /home/airflow/.local/lib/python3.7/site-packages/airflow/example_dags/tutorial.py for tasks to queue
[2022-09-22T03:50:52.422+0000] {logging_mixin.py:117} INFO - [2022-09-22T03:50:52.422+0000] {dagbag.py:525} INFO - Filling up the DagBag from /home/airflow/.local/lib/python3.7/site-packages/airflow/example_dags/tutorial.py
[2022-09-22T03:50:52.434+0000] {processor.py:768} INFO - DAG(s) dict_keys(['tutorial']) retrieved from /home/airflow/.local/lib/python3.7/site-packages/airflow/example_dags/tutorial.py
[2022-09-22T03:50:52.469+0000] {logging_mixin.py:117} INFO - [2022-09-22T03:50:52.469+0000] {dag.py:2573} INFO - Sync 1 DAGs
[2022-09-22T03:50:52.492+0000] {logging_mixin.py:117} INFO - [2022-09-22T03:50:52.492+0000] {dag.py:3328} INFO - Setting next_dagrun for tutorial to 2022-09-21T03:50:52.491995+00:00, run_after=2022-09-22T03:50:52.491995+00:00
[2022-09-22T03:50:52.507+0000] {processor.py:178} INFO - Processing /home/airflow/.local/lib/python3.7/site-packages/airflow/example_dags/tutorial.py took 0.089 seconds
[2022-09-22T03:51:22.884+0000] {processor.py:156} INFO - Started process (PID=430) to work on /home/airflow/.local/lib/python3.7/site-packages/airflow/example_dags/tutorial.py
[2022-09-22T03:51:22.885+0000] {processor.py:758} INFO - Processing file /home/airflow/.local/lib/python3.7/site-packages/airflow/example_dags/tutorial.py for tasks to queue
[2022-09-22T03:51:22.886+0000] {logging_mixin.py:117} INFO - [2022-09-22T03:51:22.885+0000] {dagbag.py:525} INFO - Filling up the DagBag from /home/airflow/.local/lib/python3.7/site-packages/airflow/example_dags/tutorial.py
[2022-09-22T03:51:22.899+0000] {processor.py:768} INFO - DAG(s) dict_keys(['tutorial']) retrieved from /home/airflow/.local/lib/python3.7/site-packages/airflow/example_dags/tutorial.py
[2022-09-22T03:51:22.939+0000] {logging_mixin.py:117} INFO - [2022-09-22T03:51:22.939+0000] {dag.py:2573} INFO - Sync 1 DAGs
[2022-09-22T03:51:22.972+0000] {logging_mixin.py:117} INFO - [2022-09-22T03:51:22.972+0000] {dag.py:3328} INFO - Setting next_dagrun for tutorial to 2022-09-21T03:51:22.972430+00:00, run_after=2022-09-22T03:51:22.972430+00:00
[2022-09-22T03:51:22.991+0000] {processor.py:178} INFO - Processing /home/airflow/.local/lib/python3.7/site-packages/airflow/example_dags/tutorial.py took 0.109 seconds
[2022-09-22T03:51:53.366+0000] {processor.py:156} INFO - Started process (PID=492) to work on /home/airflow/.local/lib/python3.7/site-packages/airflow/example_dags/tutorial.py
[2022-09-22T03:51:53.367+0000] {processor.py:758} INFO - Processing file /home/airflow/.local/lib/python3.7/site-packages/airflow/example_dags/tutorial.py for tasks to queue
[2022-09-22T03:51:53.368+0000] {logging_mixin.py:117} INFO - [2022-09-22T03:51:53.367+0000] {dagbag.py:525} INFO - Filling up the DagBag from /home/airflow/.local/lib/python3.7/site-packages/airflow/example_dags/tutorial.py
[2022-09-22T03:51:53.380+0000] {processor.py:768} INFO - DAG(s) dict_keys(['tutorial']) retrieved from /home/airflow/.local/lib/python3.7/site-packages/airflow/example_dags/tutorial.py
[2022-09-22T03:51:53.415+0000] {logging_mixin.py:117} INFO - [2022-09-22T03:51:53.415+0000] {dag.py:2573} INFO - Sync 1 DAGs
[2022-09-22T03:51:53.442+0000] {logging_mixin.py:117} INFO - [2022-09-22T03:51:53.441+0000] {dag.py:3328} INFO - Setting next_dagrun for tutorial to 2022-09-21T03:51:53.441708+00:00, run_after=2022-09-22T03:51:53.441708+00:00
[2022-09-22T03:51:53.459+0000] {processor.py:178} INFO - Processing /home/airflow/.local/lib/python3.7/site-packages/airflow/example_dags/tutorial.py took 0.095 seconds
[2022-09-22T03:52:23.685+0000] {processor.py:156} INFO - Started process (PID=548) to work on /home/airflow/.local/lib/python3.7/site-packages/airflow/example_dags/tutorial.py
[2022-09-22T03:52:23.685+0000] {processor.py:758} INFO - Processing file /home/airflow/.local/lib/python3.7/site-packages/airflow/example_dags/tutorial.py for tasks to queue
[2022-09-22T03:52:23.686+0000] {logging_mixin.py:117} INFO - [2022-09-22T03:52:23.686+0000] {dagbag.py:525} INFO - Filling up the DagBag from /home/airflow/.local/lib/python3.7/site-packages/airflow/example_dags/tutorial.py
[2022-09-22T03:52:23.698+0000] {processor.py:768} INFO - DAG(s) dict_keys(['tutorial']) retrieved from /home/airflow/.local/lib/python3.7/site-packages/airflow/example_dags/tutorial.py
[2022-09-22T03:52:23.733+0000] {logging_mixin.py:117} INFO - [2022-09-22T03:52:23.733+0000] {dag.py:2573} INFO - Sync 1 DAGs
[2022-09-22T03:52:23.757+0000] {logging_mixin.py:117} INFO - [2022-09-22T03:52:23.756+0000] {dag.py:3328} INFO - Setting next_dagrun for tutorial to 2022-09-21T03:52:23.756739+00:00, run_after=2022-09-22T03:52:23.756739+00:00
[2022-09-22T03:52:23.773+0000] {processor.py:178} INFO - Processing /home/airflow/.local/lib/python3.7/site-packages/airflow/example_dags/tutorial.py took 0.091 seconds
